{"/home/usuario/ull-esit-inf-dsi-21-22-prct07-music-datamodel-grupo-f/src/classes.ts":{"path":"/home/usuario/ull-esit-inf-dsi-21-22-prct07-music-datamodel-grupo-f/src/classes.ts","statementMap":{"0":{"start":{"line":2,"column":0},"end":{"line":2,"column":62}},"1":{"start":{"line":3,"column":0},"end":{"line":3,"column":123}},"2":{"start":{"line":16,"column":8},"end":{"line":16,"column":25}},"3":{"start":{"line":17,"column":8},"end":{"line":17,"column":31}},"4":{"start":{"line":18,"column":8},"end":{"line":18,"column":29}},"5":{"start":{"line":19,"column":8},"end":{"line":19,"column":27}},"6":{"start":{"line":22,"column":0},"end":{"line":22,"column":22}},"7":{"start":{"line":36,"column":8},"end":{"line":36,"column":25}},"8":{"start":{"line":37,"column":8},"end":{"line":37,"column":29}},"9":{"start":{"line":38,"column":8},"end":{"line":38,"column":47}},"10":{"start":{"line":39,"column":8},"end":{"line":39,"column":29}},"11":{"start":{"line":40,"column":8},"end":{"line":40,"column":27}},"12":{"start":{"line":43,"column":0},"end":{"line":43,"column":22}},"13":{"start":{"line":58,"column":8},"end":{"line":58,"column":25}},"14":{"start":{"line":59,"column":8},"end":{"line":59,"column":29}},"15":{"start":{"line":60,"column":8},"end":{"line":60,"column":33}},"16":{"start":{"line":61,"column":8},"end":{"line":61,"column":29}},"17":{"start":{"line":62,"column":8},"end":{"line":62,"column":29}},"18":{"start":{"line":63,"column":8},"end":{"line":63,"column":55}},"19":{"start":{"line":66,"column":0},"end":{"line":66,"column":20}},"20":{"start":{"line":79,"column":8},"end":{"line":79,"column":25}},"21":{"start":{"line":80,"column":8},"end":{"line":80,"column":29}},"22":{"start":{"line":81,"column":8},"end":{"line":81,"column":29}},"23":{"start":{"line":82,"column":8},"end":{"line":82,"column":49}},"24":{"start":{"line":85,"column":0},"end":{"line":85,"column":24}},"25":{"start":{"line":100,"column":8},"end":{"line":100,"column":54}},"26":{"start":{"line":101,"column":8},"end":{"line":101,"column":31}},"27":{"start":{"line":102,"column":8},"end":{"line":102,"column":41}},"28":{"start":{"line":105,"column":0},"end":{"line":105,"column":22}},"29":{"start":{"line":120,"column":8},"end":{"line":120,"column":54}},"30":{"start":{"line":121,"column":8},"end":{"line":121,"column":29}},"31":{"start":{"line":122,"column":8},"end":{"line":122,"column":27}},"32":{"start":{"line":125,"column":0},"end":{"line":125,"column":24}},"33":{"start":{"line":139,"column":8},"end":{"line":139,"column":25}},"34":{"start":{"line":140,"column":8},"end":{"line":140,"column":27}},"35":{"start":{"line":141,"column":8},"end":{"line":141,"column":33}},"36":{"start":{"line":142,"column":8},"end":{"line":142,"column":29}},"37":{"start":{"line":143,"column":8},"end":{"line":143,"column":27}},"38":{"start":{"line":146,"column":0},"end":{"line":146,"column":28}}},"fnMap":{"0":{"name":"(anonymous_0)","decl":{"start":{"line":15,"column":4},"end":{"line":15,"column":5}},"loc":{"start":{"line":15,"column":46},"end":{"line":20,"column":5}},"line":15},"1":{"name":"(anonymous_1)","decl":{"start":{"line":35,"column":4},"end":{"line":35,"column":5}},"loc":{"start":{"line":35,"column":62},"end":{"line":41,"column":5}},"line":35},"2":{"name":"(anonymous_2)","decl":{"start":{"line":57,"column":4},"end":{"line":57,"column":5}},"loc":{"start":{"line":57,"column":77},"end":{"line":64,"column":5}},"line":57},"3":{"name":"(anonymous_3)","decl":{"start":{"line":78,"column":4},"end":{"line":78,"column":5}},"loc":{"start":{"line":78,"column":56},"end":{"line":83,"column":5}},"line":78},"4":{"name":"(anonymous_4)","decl":{"start":{"line":99,"column":4},"end":{"line":99,"column":5}},"loc":{"start":{"line":99,"column":79},"end":{"line":103,"column":5}},"line":99},"5":{"name":"(anonymous_5)","decl":{"start":{"line":119,"column":4},"end":{"line":119,"column":5}},"loc":{"start":{"line":119,"column":71},"end":{"line":123,"column":5}},"line":119},"6":{"name":"(anonymous_6)","decl":{"start":{"line":138,"column":4},"end":{"line":138,"column":5}},"loc":{"start":{"line":138,"column":65},"end":{"line":144,"column":5}},"line":138}},"branchMap":{"0":{"loc":{"start":{"line":138,"column":47},"end":{"line":138,"column":63}},"type":"default-arg","locations":[{"start":{"line":138,"column":55},"end":{"line":138,"column":63}}],"line":138}},"s":{"0":1,"1":1,"2":2,"3":2,"4":2,"5":2,"6":1,"7":2,"8":2,"9":2,"10":2,"11":2,"12":1,"13":2,"14":2,"15":2,"16":2,"17":2,"18":2,"19":1,"20":4,"21":4,"22":4,"23":4,"24":1,"25":2,"26":2,"27":2,"28":1,"29":2,"30":2,"31":2,"32":1,"33":0,"34":0,"35":0,"36":0,"37":0,"38":1},"f":{"0":2,"1":2,"2":2,"3":4,"4":2,"5":2,"6":0},"b":{"0":[0]},"inputSourceMap":{"version":3,"file":"/home/usuario/ull-esit-inf-dsi-21-22-prct07-music-datamodel-grupo-f/src/classes.ts","sources":["/home/usuario/ull-esit-inf-dsi-21-22-prct07-music-datamodel-grupo-f/src/classes.ts"],"names":[],"mappings":";;;AAKA;;GAEG;AACH,MAAa,KAAK;IACd;;;;;;OAMG;IACH,YAAmB,IAAY,EAAS,OAAiB,EAAS,MAAgB,EAAS,KAAe;QAAvF,SAAI,GAAJ,IAAI,CAAQ;QAAS,YAAO,GAAP,OAAO,CAAU;QAAS,WAAM,GAAN,MAAM,CAAU;QAAS,UAAK,GAAL,KAAK,CAAU;IAAG,CAAC;CACjH;AATD,sBASC;AAED;;GAEG;AACH,MAAa,KAAK;IACd;;;;;;;OAOG;IACH,YAAmB,IAAY,EAAS,MAAc,EAAS,eAAuB,EAAS,MAAgB,EAAS,KAAe;QAApH,SAAI,GAAJ,IAAI,CAAQ;QAAS,WAAM,GAAN,MAAM,CAAQ;QAAS,oBAAe,GAAf,eAAe,CAAQ;QAAS,WAAM,GAAN,MAAM,CAAU;QAAS,UAAK,GAAL,KAAK,CAAU;IAAG,CAAC;CAC9I;AAVD,sBAUC;AAED;;GAEG;AACH,MAAa,IAAI;IACb;;;;;;;;OAQG;IACH,YAAmB,IAAY,EAAS,MAAc,EAAS,QAAgB,EAAS,MAAgB,EAAS,MAAe,EAAS,mBAA2B;QAAjJ,SAAI,GAAJ,IAAI,CAAQ;QAAS,WAAM,GAAN,MAAM,CAAQ;QAAS,aAAQ,GAAR,QAAQ,CAAQ;QAAS,WAAM,GAAN,MAAM,CAAU;QAAS,WAAM,GAAN,MAAM,CAAS;QAAS,wBAAmB,GAAnB,mBAAmB,CAAQ;IAAG,CAAC;CAC3K;AAXD,oBAWC;AAED;;GAEG;AACH,MAAsB,MAAM;IACxB;;;;;;OAMG;IACH,YAAmB,IAAY,EAAS,MAAgB,EAAS,MAAgB,EAAS,gBAAwB;QAA/F,SAAI,GAAJ,IAAI,CAAQ;QAAS,WAAM,GAAN,MAAM,CAAU;QAAS,WAAM,GAAN,MAAM,CAAU;QAAS,qBAAgB,GAAhB,gBAAgB,CAAQ;IAAG,CAAC;CACzH;AATD,wBASC;AAED;;GAEG;AACH,MAAa,KAAM,SAAQ,MAAM;IAC7B;;;;;;;;OAQG;IACH,YAAY,IAAY,EAAS,OAAiB,EAAS,YAAoB,EAAE,MAAgB,EAAE,MAAgB,EAAE,gBAAwB;QACzI,KAAK,CAAC,IAAI,EAAE,MAAM,EAAE,MAAM,EAAE,gBAAgB,CAAC,CAAC;QADjB,YAAO,GAAP,OAAO,CAAU;QAAS,iBAAY,GAAZ,YAAY,CAAQ;IAE/E,CAAC;CACJ;AAbD,sBAaC;AAED;;GAEG;AACH,MAAa,MAAO,SAAQ,MAAM;IAC9B;;;;;;;;OAQG;IACH,YAAY,IAAY,EAAS,MAAgB,EAAE,MAAgB,EAAE,MAAgB,EAAS,KAAe,EAAE,gBAAwB;QACnI,KAAK,CAAC,IAAI,EAAE,MAAM,EAAE,MAAM,EAAE,gBAAgB,CAAC,CAAC;QADjB,WAAM,GAAN,MAAM,CAAU;QAA6C,UAAK,GAAL,KAAK,CAAU;IAE7G,CAAC;CACJ;AAbD,wBAaC;AAED;;GAEG;AACH,MAAa,QAAQ;IACjB;;;;;;;OAOG;IACH,YAAmB,IAAY,EAAS,KAAe,EAAS,QAAgB,EAAS,MAAgB,EAAS,QAAkB,QAAQ;QAAzH,SAAI,GAAJ,IAAI,CAAQ;QAAS,UAAK,GAAL,KAAK,CAAU;QAAS,aAAQ,GAAR,QAAQ,CAAQ;QAAS,WAAM,GAAN,MAAM,CAAU;QAAS,UAAK,GAAL,KAAK,CAAqB;IAAG,CAAC;CACnJ;AAVD,4BAUC","sourcesContent":["/**\n * Define la propiedad de la playlist\n */\nexport type Property = 'user' | 'system'; \n\n/**\n * Clase Género\n */\nexport class Genre {\n    /**\n     * Constructor\n     * @param name Nombre del género\n     * @param authors Autores del género\n     * @param albums Albumes del género\n     * @param songs Canciones del género\n     */\n    constructor(public name: string, public authors: string[], public albums: string[], public songs: string[]) {}\n}\n\n/**\n * Clase Album\n */\nexport class Album {\n    /**\n     * Constructor\n     * @param name Nombre del album\n     * @param author Autor del album\n     * @param yearPublication Año de publicación\n     * @param genres Géneros del album\n     * @param songs Canciones del album\n     */\n    constructor(public name: string, public author: string, public yearPublication: number, public genres: string[], public songs: string[]) {}\n}\n\n/**\n * Clase Canción\n */\nexport class Song {\n    /**\n     * Constructor\n     * @param name Nombre de la canción\n     * @param author Autor de la canción\n     * @param duration Duración de la canción\n     * @param genres Géneros de la canción\n     * @param single Boleano que determina si la canción es un single\n     * @param numberReproductions Número de reproducciones totales\n     */\n    constructor(public name: string, public author: string, public duration: number, public genres: string[], public single: boolean, public numberReproductions: number) {}\n}\n\n/**\n * Clase Abstracta Autor\n */\nexport abstract class Author {\n    /**\n     * Constructor\n     * @param name Nombre del autor\n     * @param genres Géneros del autor\n     * @param albums Albumes del autor\n     * @param monthlyListeners Oyentes mensuales\n     */\n    constructor(public name: string, public genres: string[], public albums: string[], public monthlyListeners: number) {}\n}\n\n/**\n * Clase Grupo\n */\nexport class Group extends Author {\n    /**\n     * Constructor\n     * @param name Nombre del grupo\n     * @param artists Artistas que pertencen al grupo\n     * @param yearCreation Año de creación del grupo\n     * @param genres Géneros del grupo\n     * @param albums Albumes del grupo\n     * @param monthlyListeners Oyentes mensuales\n     */\n    constructor(name: string, public artists: string[], public yearCreation: number, genres: string[], albums: string[], monthlyListeners: number) {\n        super(name, genres, albums, monthlyListeners);\n    }\n}\n\n/**\n * Clase Artista\n */\nexport class Artist extends Author {\n    /**\n     * Constructor\n     * @param name Nombre del artista \n     * @param groups Grupos a los que pertenece el artista\n     * @param genres Géneros del artista\n     * @param albums Albumes del artista\n     * @param songs Canciones del artista\n     * @param monthlyListeners Oyentes mensuales\n     */\n    constructor(name: string, public groups: string[], genres: string[], albums: string[], public songs: string[], monthlyListeners: number) {\n        super(name, genres, albums, monthlyListeners);\n    }\n}\n\n/**\n * Clase Playlist\n */\nexport class Playlist {\n    /**\n     * Constructor\n     * @param name Nombre de la playlist\n     * @param songs Canciones de la playlist\n     * @param duration Duración de la playlist en horas y minutos\n     * @param genres Géneros de la playlist\n     * @param owner Propietario de la playlist\n     */\n    constructor(public name: string, public songs: string[], public duration: number, public genres: string[], public owner: Property = 'system') {}\n}"]},"_coverageSchema":"1a1c01bbd47fc00a2c39e90264f33305004495a9","hash":"c963fc93cd2a82c14e7780c03f6f947b9a78462f","contentHash":"2ce275f5a0fb823c33713b76ae2f3fbcb5246659d4e9108506ace281566866a4"},"/home/usuario/ull-esit-inf-dsi-21-22-prct07-music-datamodel-grupo-f/src/database.ts":{"path":"/home/usuario/ull-esit-inf-dsi-21-22-prct07-music-datamodel-grupo-f/src/database.ts","statementMap":{"0":{"start":{"line":2,"column":22},"end":{"line":4,"column":1}},"1":{"start":{"line":3,"column":4},"end":{"line":3,"column":62}},"2":{"start":{"line":5,"column":0},"end":{"line":5,"column":62}},"3":{"start":{"line":6,"column":0},"end":{"line":6,"column":26}},"4":{"start":{"line":7,"column":16},"end":{"line":7,"column":49}},"5":{"start":{"line":8,"column":19},"end":{"line":8,"column":70}},"6":{"start":{"line":12,"column":24},"end":{"line":12,"column":57}},"7":{"start":{"line":13,"column":8},"end":{"line":13,"column":48}},"8":{"start":{"line":14,"column":8},"end":{"line":14,"column":26}},"9":{"start":{"line":15,"column":8},"end":{"line":15,"column":26}},"10":{"start":{"line":16,"column":8},"end":{"line":16,"column":25}},"11":{"start":{"line":17,"column":8},"end":{"line":17,"column":27}},"12":{"start":{"line":18,"column":8},"end":{"line":18,"column":26}},"13":{"start":{"line":19,"column":8},"end":{"line":19,"column":29}},"14":{"start":{"line":22,"column":8},"end":{"line":24,"column":9}},"15":{"start":{"line":23,"column":12},"end":{"line":23,"column":46}},"16":{"start":{"line":27,"column":8},"end":{"line":29,"column":9}},"17":{"start":{"line":28,"column":12},"end":{"line":28,"column":46}},"18":{"start":{"line":32,"column":8},"end":{"line":34,"column":9}},"19":{"start":{"line":33,"column":12},"end":{"line":33,"column":45}},"20":{"start":{"line":37,"column":8},"end":{"line":39,"column":9}},"21":{"start":{"line":38,"column":12},"end":{"line":38,"column":47}},"22":{"start":{"line":42,"column":8},"end":{"line":44,"column":9}},"23":{"start":{"line":43,"column":12},"end":{"line":43,"column":46}},"24":{"start":{"line":47,"column":8},"end":{"line":49,"column":9}},"25":{"start":{"line":48,"column":12},"end":{"line":48,"column":49}},"26":{"start":{"line":52,"column":8},"end":{"line":54,"column":11}},"27":{"start":{"line":53,"column":12},"end":{"line":53,"column":44}},"28":{"start":{"line":57,"column":8},"end":{"line":59,"column":11}},"29":{"start":{"line":58,"column":12},"end":{"line":58,"column":42}},"30":{"start":{"line":62,"column":8},"end":{"line":64,"column":11}},"31":{"start":{"line":63,"column":12},"end":{"line":63,"column":44}},"32":{"start":{"line":67,"column":8},"end":{"line":69,"column":11}},"33":{"start":{"line":68,"column":12},"end":{"line":68,"column":46}},"34":{"start":{"line":72,"column":8},"end":{"line":74,"column":11}},"35":{"start":{"line":73,"column":12},"end":{"line":73,"column":44}},"36":{"start":{"line":77,"column":8},"end":{"line":79,"column":11}},"37":{"start":{"line":78,"column":12},"end":{"line":78,"column":50}},"38":{"start":{"line":82,"column":8},"end":{"line":82,"column":50}},"39":{"start":{"line":85,"column":8},"end":{"line":85,"column":48}},"40":{"start":{"line":88,"column":8},"end":{"line":88,"column":50}},"41":{"start":{"line":91,"column":8},"end":{"line":94,"column":11}},"42":{"start":{"line":92,"column":12},"end":{"line":93,"column":13}},"43":{"start":{"line":95,"column":8},"end":{"line":95,"column":52}},"44":{"start":{"line":98,"column":8},"end":{"line":98,"column":50}},"45":{"start":{"line":101,"column":8},"end":{"line":101,"column":56}},"46":{"start":{"line":104,"column":27},"end":{"line":104,"column":52}},"47":{"start":{"line":105,"column":8},"end":{"line":105,"column":62}},"48":{"start":{"line":108,"column":26},"end":{"line":108,"column":49}},"49":{"start":{"line":109,"column":8},"end":{"line":109,"column":60}},"50":{"start":{"line":112,"column":27},"end":{"line":112,"column":52}},"51":{"start":{"line":113,"column":8},"end":{"line":113,"column":62}},"52":{"start":{"line":116,"column":28},"end":{"line":116,"column":55}},"53":{"start":{"line":117,"column":8},"end":{"line":117,"column":64}},"54":{"start":{"line":120,"column":27},"end":{"line":120,"column":52}},"55":{"start":{"line":121,"column":8},"end":{"line":121,"column":62}},"56":{"start":{"line":124,"column":30},"end":{"line":124,"column":61}},"57":{"start":{"line":125,"column":8},"end":{"line":125,"column":68}},"58":{"start":{"line":128,"column":18},"end":{"line":128,"column":20}},"59":{"start":{"line":129,"column":8},"end":{"line":136,"column":9}},"60":{"start":{"line":130,"column":24},"end":{"line":130,"column":53}},"61":{"start":{"line":131,"column":26},"end":{"line":131,"column":71}},"62":{"start":{"line":132,"column":12},"end":{"line":132,"column":78}},"63":{"start":{"line":135,"column":12},"end":{"line":135,"column":82}},"64":{"start":{"line":137,"column":8},"end":{"line":137,"column":19}},"65":{"start":{"line":140,"column":18},"end":{"line":140,"column":20}},"66":{"start":{"line":141,"column":8},"end":{"line":148,"column":9}},"67":{"start":{"line":142,"column":26},"end":{"line":142,"column":51}},"68":{"start":{"line":143,"column":26},"end":{"line":143,"column":69}},"69":{"start":{"line":144,"column":12},"end":{"line":144,"column":62}},"70":{"start":{"line":147,"column":12},"end":{"line":147,"column":78}},"71":{"start":{"line":149,"column":8},"end":{"line":149,"column":19}},"72":{"start":{"line":153,"column":30},"end":{"line":155,"column":10}},"73":{"start":{"line":154,"column":12},"end":{"line":154,"column":50}},"74":{"start":{"line":156,"column":8},"end":{"line":156,"column":129}},"75":{"start":{"line":157,"column":8},"end":{"line":157,"column":24}},"76":{"start":{"line":160,"column":30},"end":{"line":160,"column":116}},"77":{"start":{"line":160,"column":84},"end":{"line":160,"column":114}},"78":{"start":{"line":161,"column":8},"end":{"line":161,"column":68}},"79":{"start":{"line":165,"column":30},"end":{"line":165,"column":116}},"80":{"start":{"line":165,"column":84},"end":{"line":165,"column":114}},"81":{"start":{"line":166,"column":24},"end":{"line":166,"column":97}},"82":{"start":{"line":167,"column":8},"end":{"line":167,"column":135}},"83":{"start":{"line":168,"column":8},"end":{"line":168,"column":24}},"84":{"start":{"line":171,"column":8},"end":{"line":174,"column":21}},"85":{"start":{"line":177,"column":19},"end":{"line":177,"column":21}},"86":{"start":{"line":178,"column":8},"end":{"line":178,"column":47}},"87":{"start":{"line":179,"column":8},"end":{"line":184,"column":11}},"88":{"start":{"line":180,"column":12},"end":{"line":180,"column":33}},"89":{"start":{"line":181,"column":12},"end":{"line":181,"column":71}},"90":{"start":{"line":182,"column":12},"end":{"line":182,"column":73}},"91":{"start":{"line":183,"column":12},"end":{"line":183,"column":30}},"92":{"start":{"line":187,"column":23},"end":{"line":187,"column":53}},"93":{"start":{"line":188,"column":23},"end":{"line":188,"column":25}},"94":{"start":{"line":189,"column":8},"end":{"line":206,"column":9}},"95":{"start":{"line":190,"column":12},"end":{"line":190,"column":105}},"96":{"start":{"line":191,"column":12},"end":{"line":202,"column":15}},"97":{"start":{"line":192,"column":29},"end":{"line":192,"column":47}},"98":{"start":{"line":193,"column":16},"end":{"line":201,"column":17}},"99":{"start":{"line":194,"column":20},"end":{"line":194,"column":75}},"100":{"start":{"line":195,"column":20},"end":{"line":195,"column":70}},"101":{"start":{"line":196,"column":20},"end":{"line":196,"column":118}},"102":{"start":{"line":197,"column":20},"end":{"line":197,"column":42}},"103":{"start":{"line":200,"column":20},"end":{"line":200,"column":57}},"104":{"start":{"line":205,"column":12},"end":{"line":205,"column":53}},"105":{"start":{"line":210,"column":26},"end":{"line":210,"column":27}},"106":{"start":{"line":211,"column":18},"end":{"line":211,"column":19}},"107":{"start":{"line":212,"column":18},"end":{"line":212,"column":19}},"108":{"start":{"line":213,"column":19},"end":{"line":213,"column":20}},"109":{"start":{"line":214,"column":8},"end":{"line":224,"column":11}},"110":{"start":{"line":219,"column":12},"end":{"line":219,"column":50}},"111":{"start":{"line":220,"column":12},"end":{"line":221,"column":91}},"112":{"start":{"line":222,"column":12},"end":{"line":222,"column":43}},"113":{"start":{"line":223,"column":12},"end":{"line":223,"column":90}},"114":{"start":{"line":225,"column":8},"end":{"line":225,"column":36}},"115":{"start":{"line":226,"column":8},"end":{"line":226,"column":36}},"116":{"start":{"line":227,"column":8},"end":{"line":227,"column":42}},"117":{"start":{"line":228,"column":8},"end":{"line":228,"column":41}},"118":{"start":{"line":229,"column":8},"end":{"line":232,"column":21}},"119":{"start":{"line":235,"column":24},"end":{"line":235,"column":26}},"120":{"start":{"line":236,"column":8},"end":{"line":251,"column":11}},"121":{"start":{"line":240,"column":25},"end":{"line":240,"column":47}},"122":{"start":{"line":241,"column":12},"end":{"line":250,"column":13}},"123":{"start":{"line":242,"column":16},"end":{"line":246,"column":19}},"124":{"start":{"line":243,"column":20},"end":{"line":245,"column":21}},"125":{"start":{"line":244,"column":24},"end":{"line":244,"column":50}},"126":{"start":{"line":249,"column":16},"end":{"line":249,"column":79}},"127":{"start":{"line":252,"column":8},"end":{"line":255,"column":21}},"128":{"start":{"line":259,"column":30},"end":{"line":259,"column":116}},"129":{"start":{"line":259,"column":84},"end":{"line":259,"column":114}},"130":{"start":{"line":260,"column":8},"end":{"line":262,"column":11}},"131":{"start":{"line":261,"column":12},"end":{"line":261,"column":70}},"132":{"start":{"line":263,"column":8},"end":{"line":263,"column":24}},"133":{"start":{"line":267,"column":30},"end":{"line":267,"column":116}},"134":{"start":{"line":267,"column":84},"end":{"line":267,"column":114}},"135":{"start":{"line":268,"column":8},"end":{"line":274,"column":11}},"136":{"start":{"line":270,"column":26},"end":{"line":270,"column":133}},"137":{"start":{"line":271,"column":26},"end":{"line":271,"column":133}},"138":{"start":{"line":273,"column":12},"end":{"line":273,"column":74}},"139":{"start":{"line":275,"column":8},"end":{"line":275,"column":24}},"140":{"start":{"line":279,"column":30},"end":{"line":279,"column":116}},"141":{"start":{"line":279,"column":84},"end":{"line":279,"column":114}},"142":{"start":{"line":280,"column":8},"end":{"line":286,"column":11}},"143":{"start":{"line":282,"column":28},"end":{"line":282,"column":137}},"144":{"start":{"line":283,"column":28},"end":{"line":283,"column":137}},"145":{"start":{"line":285,"column":12},"end":{"line":285,"column":41}},"146":{"start":{"line":287,"column":8},"end":{"line":287,"column":24}},"147":{"start":{"line":291,"column":30},"end":{"line":291,"column":116}},"148":{"start":{"line":291,"column":84},"end":{"line":291,"column":114}},"149":{"start":{"line":292,"column":8},"end":{"line":298,"column":11}},"150":{"start":{"line":294,"column":33},"end":{"line":294,"column":153}},"151":{"start":{"line":295,"column":33},"end":{"line":295,"column":153}},"152":{"start":{"line":297,"column":12},"end":{"line":297,"column":51}},"153":{"start":{"line":299,"column":8},"end":{"line":299,"column":24}},"154":{"start":{"line":302,"column":27},"end":{"line":302,"column":52}},"155":{"start":{"line":303,"column":8},"end":{"line":303,"column":62}},"156":{"start":{"line":306,"column":28},"end":{"line":306,"column":55}},"157":{"start":{"line":307,"column":8},"end":{"line":307,"column":64}},"158":{"start":{"line":310,"column":27},"end":{"line":310,"column":52}},"159":{"start":{"line":311,"column":8},"end":{"line":311,"column":62}},"160":{"start":{"line":314,"column":26},"end":{"line":314,"column":49}},"161":{"start":{"line":315,"column":8},"end":{"line":315,"column":60}},"162":{"start":{"line":318,"column":27},"end":{"line":318,"column":52}},"163":{"start":{"line":319,"column":8},"end":{"line":319,"column":62}},"164":{"start":{"line":322,"column":8},"end":{"line":325,"column":21}},"165":{"start":{"line":328,"column":8},"end":{"line":331,"column":21}},"166":{"start":{"line":334,"column":8},"end":{"line":337,"column":21}},"167":{"start":{"line":340,"column":8},"end":{"line":343,"column":21}},"168":{"start":{"line":346,"column":8},"end":{"line":349,"column":21}},"169":{"start":{"line":352,"column":8},"end":{"line":355,"column":21}},"170":{"start":{"line":358,"column":8},"end":{"line":361,"column":21}},"171":{"start":{"line":364,"column":8},"end":{"line":367,"column":21}},"172":{"start":{"line":370,"column":8},"end":{"line":373,"column":21}},"173":{"start":{"line":376,"column":8},"end":{"line":379,"column":21}},"174":{"start":{"line":382,"column":8},"end":{"line":385,"column":21}},"175":{"start":{"line":388,"column":8},"end":{"line":391,"column":21}},"176":{"start":{"line":394,"column":8},"end":{"line":397,"column":21}},"177":{"start":{"line":400,"column":8},"end":{"line":403,"column":21}},"178":{"start":{"line":406,"column":8},"end":{"line":409,"column":21}},"179":{"start":{"line":412,"column":8},"end":{"line":415,"column":21}},"180":{"start":{"line":418,"column":8},"end":{"line":421,"column":21}},"181":{"start":{"line":424,"column":8},"end":{"line":427,"column":21}},"182":{"start":{"line":430,"column":8},"end":{"line":433,"column":21}},"183":{"start":{"line":436,"column":8},"end":{"line":439,"column":21}},"184":{"start":{"line":442,"column":8},"end":{"line":445,"column":21}},"185":{"start":{"line":448,"column":8},"end":{"line":451,"column":21}},"186":{"start":{"line":454,"column":19},"end":{"line":454,"column":41}},"187":{"start":{"line":455,"column":8},"end":{"line":455,"column":88}},"188":{"start":{"line":456,"column":8},"end":{"line":456,"column":92}},"189":{"start":{"line":457,"column":8},"end":{"line":457,"column":96}},"190":{"start":{"line":458,"column":8},"end":{"line":458,"column":92}},"191":{"start":{"line":459,"column":8},"end":{"line":459,"column":92}},"192":{"start":{"line":460,"column":8},"end":{"line":460,"column":122}},"193":{"start":{"line":463,"column":20},"end":{"line":463,"column":44}},"194":{"start":{"line":464,"column":8},"end":{"line":464,"column":91}},"195":{"start":{"line":465,"column":8},"end":{"line":465,"column":97}},"196":{"start":{"line":466,"column":8},"end":{"line":466,"column":95}},"197":{"start":{"line":467,"column":8},"end":{"line":467,"column":93}},"198":{"start":{"line":470,"column":20},"end":{"line":470,"column":44}},"199":{"start":{"line":471,"column":8},"end":{"line":471,"column":91}},"200":{"start":{"line":472,"column":8},"end":{"line":472,"column":95}},"201":{"start":{"line":473,"column":8},"end":{"line":473,"column":116}},"202":{"start":{"line":474,"column":8},"end":{"line":474,"column":95}},"203":{"start":{"line":475,"column":8},"end":{"line":475,"column":93}},"204":{"start":{"line":478,"column":20},"end":{"line":478,"column":44}},"205":{"start":{"line":479,"column":8},"end":{"line":479,"column":91}},"206":{"start":{"line":480,"column":8},"end":{"line":480,"column":97}},"207":{"start":{"line":481,"column":8},"end":{"line":481,"column":111}},"208":{"start":{"line":482,"column":8},"end":{"line":482,"column":95}},"209":{"start":{"line":483,"column":8},"end":{"line":483,"column":95}},"210":{"start":{"line":484,"column":8},"end":{"line":484,"column":116}},"211":{"start":{"line":487,"column":21},"end":{"line":487,"column":47}},"212":{"start":{"line":488,"column":8},"end":{"line":488,"column":94}},"213":{"start":{"line":489,"column":8},"end":{"line":489,"column":98}},"214":{"start":{"line":490,"column":8},"end":{"line":490,"column":98}},"215":{"start":{"line":491,"column":8},"end":{"line":491,"column":98}},"216":{"start":{"line":492,"column":8},"end":{"line":492,"column":96}},"217":{"start":{"line":493,"column":8},"end":{"line":493,"column":119}},"218":{"start":{"line":496,"column":0},"end":{"line":496,"column":28}}},"fnMap":{"0":{"name":"(anonymous_0)","decl":{"start":{"line":2,"column":56},"end":{"line":2,"column":57}},"loc":{"start":{"line":2,"column":71},"end":{"line":4,"column":1}},"line":2},"1":{"name":"(anonymous_1)","decl":{"start":{"line":11,"column":4},"end":{"line":11,"column":5}},"loc":{"start":{"line":11,"column":18},"end":{"line":20,"column":5}},"line":11},"2":{"name":"(anonymous_2)","decl":{"start":{"line":21,"column":4},"end":{"line":21,"column":5}},"loc":{"start":{"line":21,"column":17},"end":{"line":25,"column":5}},"line":21},"3":{"name":"(anonymous_3)","decl":{"start":{"line":26,"column":4},"end":{"line":26,"column":5}},"loc":{"start":{"line":26,"column":17},"end":{"line":30,"column":5}},"line":26},"4":{"name":"(anonymous_4)","decl":{"start":{"line":31,"column":4},"end":{"line":31,"column":5}},"loc":{"start":{"line":31,"column":16},"end":{"line":35,"column":5}},"line":31},"5":{"name":"(anonymous_5)","decl":{"start":{"line":36,"column":4},"end":{"line":36,"column":5}},"loc":{"start":{"line":36,"column":18},"end":{"line":40,"column":5}},"line":36},"6":{"name":"(anonymous_6)","decl":{"start":{"line":41,"column":4},"end":{"line":41,"column":5}},"loc":{"start":{"line":41,"column":17},"end":{"line":45,"column":5}},"line":41},"7":{"name":"(anonymous_7)","decl":{"start":{"line":46,"column":4},"end":{"line":46,"column":5}},"loc":{"start":{"line":46,"column":20},"end":{"line":50,"column":5}},"line":46},"8":{"name":"(anonymous_8)","decl":{"start":{"line":51,"column":4},"end":{"line":51,"column":5}},"loc":{"start":{"line":51,"column":25},"end":{"line":55,"column":5}},"line":51},"9":{"name":"(anonymous_9)","decl":{"start":{"line":52,"column":55},"end":{"line":52,"column":56}},"loc":{"start":{"line":52,"column":66},"end":{"line":54,"column":9}},"line":52},"10":{"name":"(anonymous_10)","decl":{"start":{"line":56,"column":4},"end":{"line":56,"column":5}},"loc":{"start":{"line":56,"column":23},"end":{"line":60,"column":5}},"line":56},"11":{"name":"(anonymous_11)","decl":{"start":{"line":57,"column":54},"end":{"line":57,"column":55}},"loc":{"start":{"line":57,"column":64},"end":{"line":59,"column":9}},"line":57},"12":{"name":"(anonymous_12)","decl":{"start":{"line":61,"column":4},"end":{"line":61,"column":5}},"loc":{"start":{"line":61,"column":25},"end":{"line":65,"column":5}},"line":61},"13":{"name":"(anonymous_13)","decl":{"start":{"line":62,"column":55},"end":{"line":62,"column":56}},"loc":{"start":{"line":62,"column":66},"end":{"line":64,"column":9}},"line":62},"14":{"name":"(anonymous_14)","decl":{"start":{"line":66,"column":4},"end":{"line":66,"column":5}},"loc":{"start":{"line":66,"column":27},"end":{"line":70,"column":5}},"line":66},"15":{"name":"(anonymous_15)","decl":{"start":{"line":67,"column":56},"end":{"line":67,"column":57}},"loc":{"start":{"line":67,"column":68},"end":{"line":69,"column":9}},"line":67},"16":{"name":"(anonymous_16)","decl":{"start":{"line":71,"column":4},"end":{"line":71,"column":5}},"loc":{"start":{"line":71,"column":25},"end":{"line":75,"column":5}},"line":71},"17":{"name":"(anonymous_17)","decl":{"start":{"line":72,"column":55},"end":{"line":72,"column":56}},"loc":{"start":{"line":72,"column":66},"end":{"line":74,"column":9}},"line":72},"18":{"name":"(anonymous_18)","decl":{"start":{"line":76,"column":4},"end":{"line":76,"column":5}},"loc":{"start":{"line":76,"column":31},"end":{"line":80,"column":5}},"line":76},"19":{"name":"(anonymous_19)","decl":{"start":{"line":77,"column":58},"end":{"line":77,"column":59}},"loc":{"start":{"line":77,"column":72},"end":{"line":79,"column":9}},"line":77},"20":{"name":"(anonymous_20)","decl":{"start":{"line":81,"column":4},"end":{"line":81,"column":5}},"loc":{"start":{"line":81,"column":20},"end":{"line":83,"column":5}},"line":81},"21":{"name":"(anonymous_21)","decl":{"start":{"line":84,"column":4},"end":{"line":84,"column":5}},"loc":{"start":{"line":84,"column":18},"end":{"line":86,"column":5}},"line":84},"22":{"name":"(anonymous_22)","decl":{"start":{"line":87,"column":4},"end":{"line":87,"column":5}},"loc":{"start":{"line":87,"column":20},"end":{"line":89,"column":5}},"line":87},"23":{"name":"(anonymous_23)","decl":{"start":{"line":90,"column":4},"end":{"line":90,"column":5}},"loc":{"start":{"line":90,"column":22},"end":{"line":96,"column":5}},"line":90},"24":{"name":"(anonymous_24)","decl":{"start":{"line":91,"column":30},"end":{"line":91,"column":31}},"loc":{"start":{"line":91,"column":39},"end":{"line":94,"column":9}},"line":91},"25":{"name":"(anonymous_25)","decl":{"start":{"line":97,"column":4},"end":{"line":97,"column":5}},"loc":{"start":{"line":97,"column":20},"end":{"line":99,"column":5}},"line":97},"26":{"name":"(anonymous_26)","decl":{"start":{"line":100,"column":4},"end":{"line":100,"column":5}},"loc":{"start":{"line":100,"column":26},"end":{"line":102,"column":5}},"line":100},"27":{"name":"(anonymous_27)","decl":{"start":{"line":103,"column":4},"end":{"line":103,"column":5}},"loc":{"start":{"line":103,"column":24},"end":{"line":106,"column":5}},"line":103},"28":{"name":"(anonymous_28)","decl":{"start":{"line":107,"column":4},"end":{"line":107,"column":5}},"loc":{"start":{"line":107,"column":22},"end":{"line":110,"column":5}},"line":107},"29":{"name":"(anonymous_29)","decl":{"start":{"line":111,"column":4},"end":{"line":111,"column":5}},"loc":{"start":{"line":111,"column":24},"end":{"line":114,"column":5}},"line":111},"30":{"name":"(anonymous_30)","decl":{"start":{"line":115,"column":4},"end":{"line":115,"column":5}},"loc":{"start":{"line":115,"column":26},"end":{"line":118,"column":5}},"line":115},"31":{"name":"(anonymous_31)","decl":{"start":{"line":119,"column":4},"end":{"line":119,"column":5}},"loc":{"start":{"line":119,"column":24},"end":{"line":122,"column":5}},"line":119},"32":{"name":"(anonymous_32)","decl":{"start":{"line":123,"column":4},"end":{"line":123,"column":5}},"loc":{"start":{"line":123,"column":30},"end":{"line":126,"column":5}},"line":123},"33":{"name":"(anonymous_33)","decl":{"start":{"line":127,"column":4},"end":{"line":127,"column":5}},"loc":{"start":{"line":127,"column":43},"end":{"line":138,"column":5}},"line":127},"34":{"name":"(anonymous_34)","decl":{"start":{"line":139,"column":4},"end":{"line":139,"column":5}},"loc":{"start":{"line":139,"column":35},"end":{"line":150,"column":5}},"line":139},"35":{"name":"(anonymous_35)","decl":{"start":{"line":151,"column":4},"end":{"line":151,"column":5}},"loc":{"start":{"line":151,"column":46},"end":{"line":158,"column":5}},"line":151},"36":{"name":"(anonymous_36)","decl":{"start":{"line":153,"column":73},"end":{"line":153,"column":74}},"loc":{"start":{"line":153,"column":87},"end":{"line":155,"column":9}},"line":153},"37":{"name":"(anonymous_37)","decl":{"start":{"line":159,"column":4},"end":{"line":159,"column":5}},"loc":{"start":{"line":159,"column":33},"end":{"line":162,"column":5}},"line":159},"38":{"name":"(anonymous_38)","decl":{"start":{"line":160,"column":72},"end":{"line":160,"column":73}},"loc":{"start":{"line":160,"column":84},"end":{"line":160,"column":114}},"line":160},"39":{"name":"(anonymous_39)","decl":{"start":{"line":163,"column":4},"end":{"line":163,"column":5}},"loc":{"start":{"line":163,"column":51},"end":{"line":169,"column":5}},"line":163},"40":{"name":"(anonymous_40)","decl":{"start":{"line":165,"column":72},"end":{"line":165,"column":73}},"loc":{"start":{"line":165,"column":84},"end":{"line":165,"column":114}},"line":165},"41":{"name":"(anonymous_41)","decl":{"start":{"line":170,"column":4},"end":{"line":170,"column":5}},"loc":{"start":{"line":170,"column":50},"end":{"line":175,"column":5}},"line":170},"42":{"name":"(anonymous_42)","decl":{"start":{"line":176,"column":4},"end":{"line":176,"column":5}},"loc":{"start":{"line":176,"column":20},"end":{"line":185,"column":5}},"line":176},"43":{"name":"(anonymous_43)","decl":{"start":{"line":179,"column":49},"end":{"line":179,"column":50}},"loc":{"start":{"line":179,"column":63},"end":{"line":184,"column":9}},"line":179},"44":{"name":"(anonymous_44)","decl":{"start":{"line":186,"column":4},"end":{"line":186,"column":5}},"loc":{"start":{"line":186,"column":31},"end":{"line":207,"column":5}},"line":186},"45":{"name":"(anonymous_45)","decl":{"start":{"line":191,"column":35},"end":{"line":191,"column":36}},"loc":{"start":{"line":191,"column":45},"end":{"line":202,"column":13}},"line":191},"46":{"name":"(anonymous_46)","decl":{"start":{"line":208,"column":4},"end":{"line":208,"column":5}},"loc":{"start":{"line":208,"column":41},"end":{"line":233,"column":5}},"line":208},"47":{"name":"(anonymous_47)","decl":{"start":{"line":217,"column":21},"end":{"line":217,"column":22}},"loc":{"start":{"line":217,"column":35},"end":{"line":224,"column":9}},"line":217},"48":{"name":"(anonymous_48)","decl":{"start":{"line":234,"column":4},"end":{"line":234,"column":5}},"loc":{"start":{"line":234,"column":39},"end":{"line":256,"column":5}},"line":234},"49":{"name":"(anonymous_49)","decl":{"start":{"line":239,"column":21},"end":{"line":239,"column":22}},"loc":{"start":{"line":239,"column":35},"end":{"line":251,"column":9}},"line":239},"50":{"name":"(anonymous_50)","decl":{"start":{"line":242,"column":38},"end":{"line":242,"column":39}},"loc":{"start":{"line":242,"column":53},"end":{"line":246,"column":17}},"line":242},"51":{"name":"(anonymous_51)","decl":{"start":{"line":257,"column":4},"end":{"line":257,"column":5}},"loc":{"start":{"line":257,"column":43},"end":{"line":264,"column":5}},"line":257},"52":{"name":"(anonymous_52)","decl":{"start":{"line":259,"column":72},"end":{"line":259,"column":73}},"loc":{"start":{"line":259,"column":84},"end":{"line":259,"column":114}},"line":259},"53":{"name":"(anonymous_53)","decl":{"start":{"line":260,"column":119},"end":{"line":260,"column":120}},"loc":{"start":{"line":260,"column":137},"end":{"line":262,"column":9}},"line":260},"54":{"name":"(anonymous_54)","decl":{"start":{"line":265,"column":4},"end":{"line":265,"column":5}},"loc":{"start":{"line":265,"column":45},"end":{"line":276,"column":5}},"line":265},"55":{"name":"(anonymous_55)","decl":{"start":{"line":267,"column":72},"end":{"line":267,"column":73}},"loc":{"start":{"line":267,"column":84},"end":{"line":267,"column":114}},"line":267},"56":{"name":"(anonymous_56)","decl":{"start":{"line":268,"column":119},"end":{"line":268,"column":120}},"loc":{"start":{"line":268,"column":137},"end":{"line":274,"column":9}},"line":268},"57":{"name":"(anonymous_57)","decl":{"start":{"line":277,"column":4},"end":{"line":277,"column":5}},"loc":{"start":{"line":277,"column":31},"end":{"line":288,"column":5}},"line":277},"58":{"name":"(anonymous_58)","decl":{"start":{"line":279,"column":72},"end":{"line":279,"column":73}},"loc":{"start":{"line":279,"column":84},"end":{"line":279,"column":114}},"line":279},"59":{"name":"(anonymous_59)","decl":{"start":{"line":280,"column":119},"end":{"line":280,"column":120}},"loc":{"start":{"line":280,"column":137},"end":{"line":286,"column":9}},"line":280},"60":{"name":"(anonymous_60)","decl":{"start":{"line":289,"column":4},"end":{"line":289,"column":5}},"loc":{"start":{"line":289,"column":43},"end":{"line":300,"column":5}},"line":289},"61":{"name":"(anonymous_61)","decl":{"start":{"line":291,"column":72},"end":{"line":291,"column":73}},"loc":{"start":{"line":291,"column":84},"end":{"line":291,"column":114}},"line":291},"62":{"name":"(anonymous_62)","decl":{"start":{"line":292,"column":119},"end":{"line":292,"column":120}},"loc":{"start":{"line":292,"column":137},"end":{"line":298,"column":9}},"line":292},"63":{"name":"(anonymous_63)","decl":{"start":{"line":301,"column":4},"end":{"line":301,"column":5}},"loc":{"start":{"line":301,"column":27},"end":{"line":304,"column":5}},"line":301},"64":{"name":"(anonymous_64)","decl":{"start":{"line":305,"column":4},"end":{"line":305,"column":5}},"loc":{"start":{"line":305,"column":29},"end":{"line":308,"column":5}},"line":305},"65":{"name":"(anonymous_65)","decl":{"start":{"line":309,"column":4},"end":{"line":309,"column":5}},"loc":{"start":{"line":309,"column":27},"end":{"line":312,"column":5}},"line":309},"66":{"name":"(anonymous_66)","decl":{"start":{"line":313,"column":4},"end":{"line":313,"column":5}},"loc":{"start":{"line":313,"column":25},"end":{"line":316,"column":5}},"line":313},"67":{"name":"(anonymous_67)","decl":{"start":{"line":317,"column":4},"end":{"line":317,"column":5}},"loc":{"start":{"line":317,"column":27},"end":{"line":320,"column":5}},"line":317},"68":{"name":"(anonymous_68)","decl":{"start":{"line":321,"column":4},"end":{"line":321,"column":5}},"loc":{"start":{"line":321,"column":48},"end":{"line":326,"column":5}},"line":321},"69":{"name":"(anonymous_69)","decl":{"start":{"line":327,"column":4},"end":{"line":327,"column":5}},"loc":{"start":{"line":327,"column":46},"end":{"line":332,"column":5}},"line":327},"70":{"name":"(anonymous_70)","decl":{"start":{"line":333,"column":4},"end":{"line":333,"column":5}},"loc":{"start":{"line":333,"column":44},"end":{"line":338,"column":5}},"line":333},"71":{"name":"(anonymous_71)","decl":{"start":{"line":339,"column":4},"end":{"line":339,"column":5}},"loc":{"start":{"line":339,"column":49},"end":{"line":344,"column":5}},"line":339},"72":{"name":"(anonymous_72)","decl":{"start":{"line":345,"column":4},"end":{"line":345,"column":5}},"loc":{"start":{"line":345,"column":49},"end":{"line":350,"column":5}},"line":345},"73":{"name":"(anonymous_73)","decl":{"start":{"line":351,"column":4},"end":{"line":351,"column":5}},"loc":{"start":{"line":351,"column":49},"end":{"line":356,"column":5}},"line":351},"74":{"name":"(anonymous_74)","decl":{"start":{"line":357,"column":4},"end":{"line":357,"column":5}},"loc":{"start":{"line":357,"column":47},"end":{"line":362,"column":5}},"line":357},"75":{"name":"(anonymous_75)","decl":{"start":{"line":363,"column":4},"end":{"line":363,"column":5}},"loc":{"start":{"line":363,"column":69},"end":{"line":368,"column":5}},"line":363},"76":{"name":"(anonymous_76)","decl":{"start":{"line":369,"column":4},"end":{"line":369,"column":5}},"loc":{"start":{"line":369,"column":48},"end":{"line":374,"column":5}},"line":369},"77":{"name":"(anonymous_77)","decl":{"start":{"line":375,"column":4},"end":{"line":375,"column":5}},"loc":{"start":{"line":375,"column":58},"end":{"line":380,"column":5}},"line":375},"78":{"name":"(anonymous_78)","decl":{"start":{"line":381,"column":4},"end":{"line":381,"column":5}},"loc":{"start":{"line":381,"column":46},"end":{"line":386,"column":5}},"line":381},"79":{"name":"(anonymous_79)","decl":{"start":{"line":387,"column":4},"end":{"line":387,"column":5}},"loc":{"start":{"line":387,"column":46},"end":{"line":392,"column":5}},"line":387},"80":{"name":"(anonymous_80)","decl":{"start":{"line":393,"column":4},"end":{"line":393,"column":5}},"loc":{"start":{"line":393,"column":66},"end":{"line":398,"column":5}},"line":393},"81":{"name":"(anonymous_81)","decl":{"start":{"line":399,"column":4},"end":{"line":399,"column":5}},"loc":{"start":{"line":399,"column":46},"end":{"line":404,"column":5}},"line":399},"82":{"name":"(anonymous_82)","decl":{"start":{"line":405,"column":4},"end":{"line":405,"column":5}},"loc":{"start":{"line":405,"column":64},"end":{"line":410,"column":5}},"line":405},"83":{"name":"(anonymous_83)","decl":{"start":{"line":411,"column":4},"end":{"line":411,"column":5}},"loc":{"start":{"line":411,"column":46},"end":{"line":416,"column":5}},"line":411},"84":{"name":"(anonymous_84)","decl":{"start":{"line":417,"column":4},"end":{"line":417,"column":5}},"loc":{"start":{"line":417,"column":44},"end":{"line":422,"column":5}},"line":417},"85":{"name":"(anonymous_85)","decl":{"start":{"line":423,"column":4},"end":{"line":423,"column":5}},"loc":{"start":{"line":423,"column":43},"end":{"line":428,"column":5}},"line":423},"86":{"name":"(anonymous_86)","decl":{"start":{"line":429,"column":4},"end":{"line":429,"column":5}},"loc":{"start":{"line":429,"column":47},"end":{"line":434,"column":5}},"line":429},"87":{"name":"(anonymous_87)","decl":{"start":{"line":435,"column":4},"end":{"line":435,"column":5}},"loc":{"start":{"line":435,"column":43},"end":{"line":440,"column":5}},"line":435},"88":{"name":"(anonymous_88)","decl":{"start":{"line":441,"column":4},"end":{"line":441,"column":5}},"loc":{"start":{"line":441,"column":43},"end":{"line":446,"column":5}},"line":441},"89":{"name":"(anonymous_89)","decl":{"start":{"line":447,"column":4},"end":{"line":447,"column":5}},"loc":{"start":{"line":447,"column":71},"end":{"line":452,"column":5}},"line":447},"90":{"name":"(anonymous_90)","decl":{"start":{"line":453,"column":4},"end":{"line":453,"column":5}},"loc":{"start":{"line":453,"column":23},"end":{"line":461,"column":5}},"line":453},"91":{"name":"(anonymous_91)","decl":{"start":{"line":462,"column":4},"end":{"line":462,"column":5}},"loc":{"start":{"line":462,"column":25},"end":{"line":468,"column":5}},"line":462},"92":{"name":"(anonymous_92)","decl":{"start":{"line":469,"column":4},"end":{"line":469,"column":5}},"loc":{"start":{"line":469,"column":25},"end":{"line":476,"column":5}},"line":469},"93":{"name":"(anonymous_93)","decl":{"start":{"line":477,"column":4},"end":{"line":477,"column":5}},"loc":{"start":{"line":477,"column":25},"end":{"line":485,"column":5}},"line":477},"94":{"name":"(anonymous_94)","decl":{"start":{"line":486,"column":4},"end":{"line":486,"column":5}},"loc":{"start":{"line":486,"column":27},"end":{"line":494,"column":5}},"line":486}},"branchMap":{"0":{"loc":{"start":{"line":2,"column":22},"end":{"line":4,"column":1}},"type":"binary-expr","locations":[{"start":{"line":2,"column":23},"end":{"line":2,"column":27}},{"start":{"line":2,"column":31},"end":{"line":2,"column":51}},{"start":{"line":2,"column":56},"end":{"line":4,"column":1}}],"line":2},"1":{"loc":{"start":{"line":3,"column":11},"end":{"line":3,"column":61}},"type":"cond-expr","locations":[{"start":{"line":3,"column":37},"end":{"line":3,"column":40}},{"start":{"line":3,"column":43},"end":{"line":3,"column":61}}],"line":3},"2":{"loc":{"start":{"line":3,"column":12},"end":{"line":3,"column":33}},"type":"binary-expr","locations":[{"start":{"line":3,"column":12},"end":{"line":3,"column":15}},{"start":{"line":3,"column":19},"end":{"line":3,"column":33}}],"line":3},"3":{"loc":{"start":{"line":22,"column":8},"end":{"line":24,"column":9}},"type":"if","locations":[{"start":{"line":22,"column":8},"end":{"line":24,"column":9}},{"start":{"line":22,"column":8},"end":{"line":24,"column":9}}],"line":22},"4":{"loc":{"start":{"line":27,"column":8},"end":{"line":29,"column":9}},"type":"if","locations":[{"start":{"line":27,"column":8},"end":{"line":29,"column":9}},{"start":{"line":27,"column":8},"end":{"line":29,"column":9}}],"line":27},"5":{"loc":{"start":{"line":32,"column":8},"end":{"line":34,"column":9}},"type":"if","locations":[{"start":{"line":32,"column":8},"end":{"line":34,"column":9}},{"start":{"line":32,"column":8},"end":{"line":34,"column":9}}],"line":32},"6":{"loc":{"start":{"line":37,"column":8},"end":{"line":39,"column":9}},"type":"if","locations":[{"start":{"line":37,"column":8},"end":{"line":39,"column":9}},{"start":{"line":37,"column":8},"end":{"line":39,"column":9}}],"line":37},"7":{"loc":{"start":{"line":42,"column":8},"end":{"line":44,"column":9}},"type":"if","locations":[{"start":{"line":42,"column":8},"end":{"line":44,"column":9}},{"start":{"line":42,"column":8},"end":{"line":44,"column":9}}],"line":42},"8":{"loc":{"start":{"line":47,"column":8},"end":{"line":49,"column":9}},"type":"if","locations":[{"start":{"line":47,"column":8},"end":{"line":49,"column":9}},{"start":{"line":47,"column":8},"end":{"line":49,"column":9}}],"line":47},"9":{"loc":{"start":{"line":92,"column":12},"end":{"line":93,"column":13}},"type":"if","locations":[{"start":{"line":92,"column":12},"end":{"line":93,"column":13}},{"start":{"line":92,"column":12},"end":{"line":93,"column":13}}],"line":92},"10":{"loc":{"start":{"line":129,"column":8},"end":{"line":136,"column":9}},"type":"if","locations":[{"start":{"line":129,"column":8},"end":{"line":136,"column":9}},{"start":{"line":129,"column":8},"end":{"line":136,"column":9}}],"line":129},"11":{"loc":{"start":{"line":141,"column":8},"end":{"line":148,"column":9}},"type":"if","locations":[{"start":{"line":141,"column":8},"end":{"line":148,"column":9}},{"start":{"line":141,"column":8},"end":{"line":148,"column":9}}],"line":141},"12":{"loc":{"start":{"line":156,"column":8},"end":{"line":156,"column":128}},"type":"cond-expr","locations":[{"start":{"line":156,"column":96},"end":{"line":156,"column":102}},{"start":{"line":156,"column":105},"end":{"line":156,"column":128}}],"line":156},"13":{"loc":{"start":{"line":156,"column":8},"end":{"line":156,"column":93}},"type":"binary-expr","locations":[{"start":{"line":156,"column":8},"end":{"line":156,"column":76}},{"start":{"line":156,"column":80},"end":{"line":156,"column":93}}],"line":156},"14":{"loc":{"start":{"line":167,"column":8},"end":{"line":167,"column":134}},"type":"cond-expr","locations":[{"start":{"line":167,"column":96},"end":{"line":167,"column":102}},{"start":{"line":167,"column":105},"end":{"line":167,"column":134}}],"line":167},"15":{"loc":{"start":{"line":167,"column":8},"end":{"line":167,"column":93}},"type":"binary-expr","locations":[{"start":{"line":167,"column":8},"end":{"line":167,"column":76}},{"start":{"line":167,"column":80},"end":{"line":167,"column":93}}],"line":167},"16":{"loc":{"start":{"line":189,"column":8},"end":{"line":206,"column":9}},"type":"if","locations":[{"start":{"line":189,"column":8},"end":{"line":206,"column":9}},{"start":{"line":189,"column":8},"end":{"line":206,"column":9}}],"line":189},"17":{"loc":{"start":{"line":193,"column":16},"end":{"line":201,"column":17}},"type":"if","locations":[{"start":{"line":193,"column":16},"end":{"line":201,"column":17}},{"start":{"line":193,"column":16},"end":{"line":201,"column":17}}],"line":193},"18":{"loc":{"start":{"line":220,"column":26},"end":{"line":221,"column":90}},"type":"cond-expr","locations":[{"start":{"line":221,"column":70},"end":{"line":221,"column":76}},{"start":{"line":221,"column":79},"end":{"line":221,"column":90}}],"line":220},"19":{"loc":{"start":{"line":220,"column":26},"end":{"line":221,"column":67}},"type":"binary-expr","locations":[{"start":{"line":220,"column":26},"end":{"line":221,"column":50}},{"start":{"line":221,"column":54},"end":{"line":221,"column":67}}],"line":220},"20":{"loc":{"start":{"line":241,"column":12},"end":{"line":250,"column":13}},"type":"if","locations":[{"start":{"line":241,"column":12},"end":{"line":250,"column":13}},{"start":{"line":241,"column":12},"end":{"line":250,"column":13}}],"line":241},"21":{"loc":{"start":{"line":243,"column":20},"end":{"line":245,"column":21}},"type":"if","locations":[{"start":{"line":243,"column":20},"end":{"line":245,"column":21}},{"start":{"line":243,"column":20},"end":{"line":245,"column":21}}],"line":243},"22":{"loc":{"start":{"line":260,"column":8},"end":{"line":262,"column":10}},"type":"cond-expr","locations":[{"start":{"line":260,"column":96},"end":{"line":260,"column":102}},{"start":{"line":260,"column":105},"end":{"line":262,"column":10}}],"line":260},"23":{"loc":{"start":{"line":260,"column":8},"end":{"line":260,"column":93}},"type":"binary-expr","locations":[{"start":{"line":260,"column":8},"end":{"line":260,"column":76}},{"start":{"line":260,"column":80},"end":{"line":260,"column":93}}],"line":260},"24":{"loc":{"start":{"line":268,"column":8},"end":{"line":274,"column":10}},"type":"cond-expr","locations":[{"start":{"line":268,"column":96},"end":{"line":268,"column":102}},{"start":{"line":268,"column":105},"end":{"line":274,"column":10}}],"line":268},"25":{"loc":{"start":{"line":268,"column":8},"end":{"line":268,"column":93}},"type":"binary-expr","locations":[{"start":{"line":268,"column":8},"end":{"line":268,"column":76}},{"start":{"line":268,"column":80},"end":{"line":268,"column":93}}],"line":268},"26":{"loc":{"start":{"line":270,"column":26},"end":{"line":270,"column":133}},"type":"cond-expr","locations":[{"start":{"line":270,"column":115},"end":{"line":270,"column":121}},{"start":{"line":270,"column":124},"end":{"line":270,"column":133}}],"line":270},"27":{"loc":{"start":{"line":270,"column":26},"end":{"line":270,"column":112}},"type":"binary-expr","locations":[{"start":{"line":270,"column":26},"end":{"line":270,"column":95}},{"start":{"line":270,"column":99},"end":{"line":270,"column":112}}],"line":270},"28":{"loc":{"start":{"line":271,"column":26},"end":{"line":271,"column":133}},"type":"cond-expr","locations":[{"start":{"line":271,"column":115},"end":{"line":271,"column":121}},{"start":{"line":271,"column":124},"end":{"line":271,"column":133}}],"line":271},"29":{"loc":{"start":{"line":271,"column":26},"end":{"line":271,"column":112}},"type":"binary-expr","locations":[{"start":{"line":271,"column":26},"end":{"line":271,"column":95}},{"start":{"line":271,"column":99},"end":{"line":271,"column":112}}],"line":271},"30":{"loc":{"start":{"line":280,"column":8},"end":{"line":286,"column":10}},"type":"cond-expr","locations":[{"start":{"line":280,"column":96},"end":{"line":280,"column":102}},{"start":{"line":280,"column":105},"end":{"line":286,"column":10}}],"line":280},"31":{"loc":{"start":{"line":280,"column":8},"end":{"line":280,"column":93}},"type":"binary-expr","locations":[{"start":{"line":280,"column":8},"end":{"line":280,"column":76}},{"start":{"line":280,"column":80},"end":{"line":280,"column":93}}],"line":280},"32":{"loc":{"start":{"line":282,"column":28},"end":{"line":282,"column":137}},"type":"cond-expr","locations":[{"start":{"line":282,"column":117},"end":{"line":282,"column":123}},{"start":{"line":282,"column":126},"end":{"line":282,"column":137}}],"line":282},"33":{"loc":{"start":{"line":282,"column":28},"end":{"line":282,"column":114}},"type":"binary-expr","locations":[{"start":{"line":282,"column":28},"end":{"line":282,"column":97}},{"start":{"line":282,"column":101},"end":{"line":282,"column":114}}],"line":282},"34":{"loc":{"start":{"line":283,"column":28},"end":{"line":283,"column":137}},"type":"cond-expr","locations":[{"start":{"line":283,"column":117},"end":{"line":283,"column":123}},{"start":{"line":283,"column":126},"end":{"line":283,"column":137}}],"line":283},"35":{"loc":{"start":{"line":283,"column":28},"end":{"line":283,"column":114}},"type":"binary-expr","locations":[{"start":{"line":283,"column":28},"end":{"line":283,"column":97}},{"start":{"line":283,"column":101},"end":{"line":283,"column":114}}],"line":283},"36":{"loc":{"start":{"line":292,"column":8},"end":{"line":298,"column":10}},"type":"cond-expr","locations":[{"start":{"line":292,"column":96},"end":{"line":292,"column":102}},{"start":{"line":292,"column":105},"end":{"line":298,"column":10}}],"line":292},"37":{"loc":{"start":{"line":292,"column":8},"end":{"line":292,"column":93}},"type":"binary-expr","locations":[{"start":{"line":292,"column":8},"end":{"line":292,"column":76}},{"start":{"line":292,"column":80},"end":{"line":292,"column":93}}],"line":292},"38":{"loc":{"start":{"line":294,"column":33},"end":{"line":294,"column":153}},"type":"cond-expr","locations":[{"start":{"line":294,"column":122},"end":{"line":294,"column":128}},{"start":{"line":294,"column":131},"end":{"line":294,"column":153}}],"line":294},"39":{"loc":{"start":{"line":294,"column":33},"end":{"line":294,"column":119}},"type":"binary-expr","locations":[{"start":{"line":294,"column":33},"end":{"line":294,"column":102}},{"start":{"line":294,"column":106},"end":{"line":294,"column":119}}],"line":294},"40":{"loc":{"start":{"line":295,"column":33},"end":{"line":295,"column":153}},"type":"cond-expr","locations":[{"start":{"line":295,"column":122},"end":{"line":295,"column":128}},{"start":{"line":295,"column":131},"end":{"line":295,"column":153}}],"line":295},"41":{"loc":{"start":{"line":295,"column":33},"end":{"line":295,"column":119}},"type":"binary-expr","locations":[{"start":{"line":295,"column":33},"end":{"line":295,"column":102}},{"start":{"line":295,"column":106},"end":{"line":295,"column":119}}],"line":295},"42":{"loc":{"start":{"line":455,"column":32},"end":{"line":455,"column":85}},"type":"cond-expr","locations":[{"start":{"line":455,"column":67},"end":{"line":455,"column":73}},{"start":{"line":455,"column":76},"end":{"line":455,"column":85}}],"line":455},"43":{"loc":{"start":{"line":455,"column":32},"end":{"line":455,"column":64}},"type":"binary-expr","locations":[{"start":{"line":455,"column":32},"end":{"line":455,"column":45}},{"start":{"line":455,"column":49},"end":{"line":455,"column":64}}],"line":455},"44":{"loc":{"start":{"line":456,"column":34},"end":{"line":456,"column":89}},"type":"cond-expr","locations":[{"start":{"line":456,"column":69},"end":{"line":456,"column":75}},{"start":{"line":456,"column":78},"end":{"line":456,"column":89}}],"line":456},"45":{"loc":{"start":{"line":456,"column":34},"end":{"line":456,"column":66}},"type":"binary-expr","locations":[{"start":{"line":456,"column":34},"end":{"line":456,"column":47}},{"start":{"line":456,"column":51},"end":{"line":456,"column":66}}],"line":456},"46":{"loc":{"start":{"line":457,"column":36},"end":{"line":457,"column":93}},"type":"cond-expr","locations":[{"start":{"line":457,"column":71},"end":{"line":457,"column":77}},{"start":{"line":457,"column":80},"end":{"line":457,"column":93}}],"line":457},"47":{"loc":{"start":{"line":457,"column":36},"end":{"line":457,"column":68}},"type":"binary-expr","locations":[{"start":{"line":457,"column":36},"end":{"line":457,"column":49}},{"start":{"line":457,"column":53},"end":{"line":457,"column":68}}],"line":457},"48":{"loc":{"start":{"line":458,"column":34},"end":{"line":458,"column":89}},"type":"cond-expr","locations":[{"start":{"line":458,"column":69},"end":{"line":458,"column":75}},{"start":{"line":458,"column":78},"end":{"line":458,"column":89}}],"line":458},"49":{"loc":{"start":{"line":458,"column":34},"end":{"line":458,"column":66}},"type":"binary-expr","locations":[{"start":{"line":458,"column":34},"end":{"line":458,"column":47}},{"start":{"line":458,"column":51},"end":{"line":458,"column":66}}],"line":458},"50":{"loc":{"start":{"line":459,"column":34},"end":{"line":459,"column":89}},"type":"cond-expr","locations":[{"start":{"line":459,"column":69},"end":{"line":459,"column":75}},{"start":{"line":459,"column":78},"end":{"line":459,"column":89}}],"line":459},"51":{"loc":{"start":{"line":459,"column":34},"end":{"line":459,"column":66}},"type":"binary-expr","locations":[{"start":{"line":459,"column":34},"end":{"line":459,"column":47}},{"start":{"line":459,"column":51},"end":{"line":459,"column":66}}],"line":459},"52":{"loc":{"start":{"line":460,"column":51},"end":{"line":460,"column":119}},"type":"cond-expr","locations":[{"start":{"line":460,"column":86},"end":{"line":460,"column":92}},{"start":{"line":460,"column":95},"end":{"line":460,"column":119}}],"line":460},"53":{"loc":{"start":{"line":460,"column":51},"end":{"line":460,"column":83}},"type":"binary-expr","locations":[{"start":{"line":460,"column":51},"end":{"line":460,"column":64}},{"start":{"line":460,"column":68},"end":{"line":460,"column":83}}],"line":460},"54":{"loc":{"start":{"line":464,"column":32},"end":{"line":464,"column":88}},"type":"cond-expr","locations":[{"start":{"line":464,"column":69},"end":{"line":464,"column":75}},{"start":{"line":464,"column":78},"end":{"line":464,"column":88}}],"line":464},"55":{"loc":{"start":{"line":464,"column":32},"end":{"line":464,"column":66}},"type":"binary-expr","locations":[{"start":{"line":464,"column":32},"end":{"line":464,"column":46}},{"start":{"line":464,"column":50},"end":{"line":464,"column":66}}],"line":464},"56":{"loc":{"start":{"line":465,"column":35},"end":{"line":465,"column":94}},"type":"cond-expr","locations":[{"start":{"line":465,"column":72},"end":{"line":465,"column":78}},{"start":{"line":465,"column":81},"end":{"line":465,"column":94}}],"line":465},"57":{"loc":{"start":{"line":465,"column":35},"end":{"line":465,"column":69}},"type":"binary-expr","locations":[{"start":{"line":465,"column":35},"end":{"line":465,"column":49}},{"start":{"line":465,"column":53},"end":{"line":465,"column":69}}],"line":465},"58":{"loc":{"start":{"line":466,"column":34},"end":{"line":466,"column":92}},"type":"cond-expr","locations":[{"start":{"line":466,"column":71},"end":{"line":466,"column":77}},{"start":{"line":466,"column":80},"end":{"line":466,"column":92}}],"line":466},"59":{"loc":{"start":{"line":466,"column":34},"end":{"line":466,"column":68}},"type":"binary-expr","locations":[{"start":{"line":466,"column":34},"end":{"line":466,"column":48}},{"start":{"line":466,"column":52},"end":{"line":466,"column":68}}],"line":466},"60":{"loc":{"start":{"line":467,"column":33},"end":{"line":467,"column":90}},"type":"cond-expr","locations":[{"start":{"line":467,"column":70},"end":{"line":467,"column":76}},{"start":{"line":467,"column":79},"end":{"line":467,"column":90}}],"line":467},"61":{"loc":{"start":{"line":467,"column":33},"end":{"line":467,"column":67}},"type":"binary-expr","locations":[{"start":{"line":467,"column":33},"end":{"line":467,"column":47}},{"start":{"line":467,"column":51},"end":{"line":467,"column":67}}],"line":467},"62":{"loc":{"start":{"line":471,"column":32},"end":{"line":471,"column":88}},"type":"cond-expr","locations":[{"start":{"line":471,"column":69},"end":{"line":471,"column":75}},{"start":{"line":471,"column":78},"end":{"line":471,"column":88}}],"line":471},"63":{"loc":{"start":{"line":471,"column":32},"end":{"line":471,"column":66}},"type":"binary-expr","locations":[{"start":{"line":471,"column":32},"end":{"line":471,"column":46}},{"start":{"line":471,"column":50},"end":{"line":471,"column":66}}],"line":471},"64":{"loc":{"start":{"line":472,"column":34},"end":{"line":472,"column":92}},"type":"cond-expr","locations":[{"start":{"line":472,"column":71},"end":{"line":472,"column":77}},{"start":{"line":472,"column":80},"end":{"line":472,"column":92}}],"line":472},"65":{"loc":{"start":{"line":472,"column":34},"end":{"line":472,"column":68}},"type":"binary-expr","locations":[{"start":{"line":472,"column":34},"end":{"line":472,"column":48}},{"start":{"line":472,"column":52},"end":{"line":472,"column":68}}],"line":472},"66":{"loc":{"start":{"line":473,"column":46},"end":{"line":473,"column":113}},"type":"cond-expr","locations":[{"start":{"line":473,"column":83},"end":{"line":473,"column":89}},{"start":{"line":473,"column":92},"end":{"line":473,"column":113}}],"line":473},"67":{"loc":{"start":{"line":473,"column":46},"end":{"line":473,"column":80}},"type":"binary-expr","locations":[{"start":{"line":473,"column":46},"end":{"line":473,"column":60}},{"start":{"line":473,"column":64},"end":{"line":473,"column":80}}],"line":473},"68":{"loc":{"start":{"line":474,"column":34},"end":{"line":474,"column":92}},"type":"cond-expr","locations":[{"start":{"line":474,"column":71},"end":{"line":474,"column":77}},{"start":{"line":474,"column":80},"end":{"line":474,"column":92}}],"line":474},"69":{"loc":{"start":{"line":474,"column":34},"end":{"line":474,"column":68}},"type":"binary-expr","locations":[{"start":{"line":474,"column":34},"end":{"line":474,"column":48}},{"start":{"line":474,"column":52},"end":{"line":474,"column":68}}],"line":474},"70":{"loc":{"start":{"line":475,"column":33},"end":{"line":475,"column":90}},"type":"cond-expr","locations":[{"start":{"line":475,"column":70},"end":{"line":475,"column":76}},{"start":{"line":475,"column":79},"end":{"line":475,"column":90}}],"line":475},"71":{"loc":{"start":{"line":475,"column":33},"end":{"line":475,"column":67}},"type":"binary-expr","locations":[{"start":{"line":475,"column":33},"end":{"line":475,"column":47}},{"start":{"line":475,"column":51},"end":{"line":475,"column":67}}],"line":475},"72":{"loc":{"start":{"line":479,"column":32},"end":{"line":479,"column":88}},"type":"cond-expr","locations":[{"start":{"line":479,"column":69},"end":{"line":479,"column":75}},{"start":{"line":479,"column":78},"end":{"line":479,"column":88}}],"line":479},"73":{"loc":{"start":{"line":479,"column":32},"end":{"line":479,"column":66}},"type":"binary-expr","locations":[{"start":{"line":479,"column":32},"end":{"line":479,"column":46}},{"start":{"line":479,"column":50},"end":{"line":479,"column":66}}],"line":479},"74":{"loc":{"start":{"line":480,"column":35},"end":{"line":480,"column":94}},"type":"cond-expr","locations":[{"start":{"line":480,"column":72},"end":{"line":480,"column":78}},{"start":{"line":480,"column":81},"end":{"line":480,"column":94}}],"line":480},"75":{"loc":{"start":{"line":480,"column":35},"end":{"line":480,"column":69}},"type":"binary-expr","locations":[{"start":{"line":480,"column":35},"end":{"line":480,"column":49}},{"start":{"line":480,"column":53},"end":{"line":480,"column":69}}],"line":480},"76":{"loc":{"start":{"line":481,"column":44},"end":{"line":481,"column":108}},"type":"cond-expr","locations":[{"start":{"line":481,"column":81},"end":{"line":481,"column":87}},{"start":{"line":481,"column":90},"end":{"line":481,"column":108}}],"line":481},"77":{"loc":{"start":{"line":481,"column":44},"end":{"line":481,"column":78}},"type":"binary-expr","locations":[{"start":{"line":481,"column":44},"end":{"line":481,"column":58}},{"start":{"line":481,"column":62},"end":{"line":481,"column":78}}],"line":481},"78":{"loc":{"start":{"line":482,"column":34},"end":{"line":482,"column":92}},"type":"cond-expr","locations":[{"start":{"line":482,"column":71},"end":{"line":482,"column":77}},{"start":{"line":482,"column":80},"end":{"line":482,"column":92}}],"line":482},"79":{"loc":{"start":{"line":482,"column":34},"end":{"line":482,"column":68}},"type":"binary-expr","locations":[{"start":{"line":482,"column":34},"end":{"line":482,"column":48}},{"start":{"line":482,"column":52},"end":{"line":482,"column":68}}],"line":482},"80":{"loc":{"start":{"line":483,"column":34},"end":{"line":483,"column":92}},"type":"cond-expr","locations":[{"start":{"line":483,"column":71},"end":{"line":483,"column":77}},{"start":{"line":483,"column":80},"end":{"line":483,"column":92}}],"line":483},"81":{"loc":{"start":{"line":483,"column":34},"end":{"line":483,"column":68}},"type":"binary-expr","locations":[{"start":{"line":483,"column":34},"end":{"line":483,"column":48}},{"start":{"line":483,"column":52},"end":{"line":483,"column":68}}],"line":483},"82":{"loc":{"start":{"line":484,"column":45},"end":{"line":484,"column":113}},"type":"cond-expr","locations":[{"start":{"line":484,"column":82},"end":{"line":484,"column":88}},{"start":{"line":484,"column":91},"end":{"line":484,"column":113}}],"line":484},"83":{"loc":{"start":{"line":484,"column":45},"end":{"line":484,"column":79}},"type":"binary-expr","locations":[{"start":{"line":484,"column":45},"end":{"line":484,"column":59}},{"start":{"line":484,"column":63},"end":{"line":484,"column":79}}],"line":484},"84":{"loc":{"start":{"line":488,"column":32},"end":{"line":488,"column":91}},"type":"cond-expr","locations":[{"start":{"line":488,"column":71},"end":{"line":488,"column":77}},{"start":{"line":488,"column":80},"end":{"line":488,"column":91}}],"line":488},"85":{"loc":{"start":{"line":488,"column":32},"end":{"line":488,"column":68}},"type":"binary-expr","locations":[{"start":{"line":488,"column":32},"end":{"line":488,"column":47}},{"start":{"line":488,"column":51},"end":{"line":488,"column":68}}],"line":488},"86":{"loc":{"start":{"line":489,"column":34},"end":{"line":489,"column":95}},"type":"cond-expr","locations":[{"start":{"line":489,"column":73},"end":{"line":489,"column":79}},{"start":{"line":489,"column":82},"end":{"line":489,"column":95}}],"line":489},"87":{"loc":{"start":{"line":489,"column":34},"end":{"line":489,"column":70}},"type":"binary-expr","locations":[{"start":{"line":489,"column":34},"end":{"line":489,"column":49}},{"start":{"line":489,"column":53},"end":{"line":489,"column":70}}],"line":489},"88":{"loc":{"start":{"line":490,"column":34},"end":{"line":490,"column":95}},"type":"cond-expr","locations":[{"start":{"line":490,"column":73},"end":{"line":490,"column":79}},{"start":{"line":490,"column":82},"end":{"line":490,"column":95}}],"line":490},"89":{"loc":{"start":{"line":490,"column":34},"end":{"line":490,"column":70}},"type":"binary-expr","locations":[{"start":{"line":490,"column":34},"end":{"line":490,"column":49}},{"start":{"line":490,"column":53},"end":{"line":490,"column":70}}],"line":490},"90":{"loc":{"start":{"line":491,"column":34},"end":{"line":491,"column":95}},"type":"cond-expr","locations":[{"start":{"line":491,"column":73},"end":{"line":491,"column":79}},{"start":{"line":491,"column":82},"end":{"line":491,"column":95}}],"line":491},"91":{"loc":{"start":{"line":491,"column":34},"end":{"line":491,"column":70}},"type":"binary-expr","locations":[{"start":{"line":491,"column":34},"end":{"line":491,"column":49}},{"start":{"line":491,"column":53},"end":{"line":491,"column":70}}],"line":491},"92":{"loc":{"start":{"line":492,"column":33},"end":{"line":492,"column":93}},"type":"cond-expr","locations":[{"start":{"line":492,"column":72},"end":{"line":492,"column":78}},{"start":{"line":492,"column":81},"end":{"line":492,"column":93}}],"line":492},"93":{"loc":{"start":{"line":492,"column":33},"end":{"line":492,"column":69}},"type":"binary-expr","locations":[{"start":{"line":492,"column":33},"end":{"line":492,"column":48}},{"start":{"line":492,"column":52},"end":{"line":492,"column":69}}],"line":492},"94":{"loc":{"start":{"line":493,"column":45},"end":{"line":493,"column":116}},"type":"cond-expr","locations":[{"start":{"line":493,"column":84},"end":{"line":493,"column":90}},{"start":{"line":493,"column":93},"end":{"line":493,"column":116}}],"line":493},"95":{"loc":{"start":{"line":493,"column":45},"end":{"line":493,"column":81}},"type":"binary-expr","locations":[{"start":{"line":493,"column":45},"end":{"line":493,"column":60}},{"start":{"line":493,"column":64},"end":{"line":493,"column":81}}],"line":493}},"s":{"0":1,"1":2,"2":1,"3":1,"4":1,"5":1,"6":1,"7":1,"8":1,"9":1,"10":1,"11":1,"12":1,"13":1,"14":1,"15":0,"16":1,"17":0,"18":1,"19":0,"20":1,"21":0,"22":1,"23":0,"24":1,"25":0,"26":5,"27":42,"28":10,"29":433,"30":5,"31":13,"32":5,"33":12,"34":5,"35":13,"36":0,"37":0,"38":1,"39":1,"40":1,"41":1,"42":0,"43":1,"44":1,"45":0,"46":1,"47":1,"48":6,"49":6,"50":1,"51":1,"52":1,"53":1,"54":1,"55":1,"56":0,"57":0,"58":0,"59":0,"60":0,"61":0,"62":0,"63":0,"64":0,"65":0,"66":0,"67":0,"68":0,"69":0,"70":0,"71":0,"72":0,"73":0,"74":0,"75":0,"76":0,"77":0,"78":0,"79":0,"80":0,"81":0,"82":0,"83":0,"84":0,"85":0,"86":0,"87":0,"88":0,"89":0,"90":0,"91":0,"92":0,"93":0,"94":0,"95":0,"96":0,"97":0,"98":0,"99":0,"100":0,"101":0,"102":0,"103":0,"104":0,"105":0,"106":0,"107":0,"108":0,"109":0,"110":0,"111":0,"112":0,"113":0,"114":0,"115":0,"116":0,"117":0,"118":0,"119":0,"120":0,"121":0,"122":0,"123":0,"124":0,"125":0,"126":0,"127":0,"128":0,"129":0,"130":0,"131":0,"132":0,"133":0,"134":0,"135":0,"136":0,"137":0,"138":0,"139":0,"140":0,"141":0,"142":0,"143":0,"144":0,"145":0,"146":0,"147":0,"148":0,"149":0,"150":0,"151":0,"152":0,"153":0,"154":1,"155":1,"156":1,"157":1,"158":1,"159":1,"160":1,"161":1,"162":1,"163":1,"164":0,"165":0,"166":0,"167":0,"168":0,"169":0,"170":0,"171":0,"172":0,"173":0,"174":0,"175":0,"176":0,"177":0,"178":0,"179":0,"180":0,"181":1,"182":1,"183":1,"184":1,"185":1,"186":0,"187":0,"188":0,"189":0,"190":0,"191":0,"192":0,"193":0,"194":0,"195":0,"196":0,"197":0,"198":0,"199":0,"200":0,"201":0,"202":0,"203":0,"204":0,"205":0,"206":0,"207":0,"208":0,"209":0,"210":0,"211":0,"212":0,"213":0,"214":0,"215":0,"216":0,"217":0,"218":1},"f":{"0":2,"1":1,"2":1,"3":1,"4":1,"5":1,"6":1,"7":1,"8":5,"9":42,"10":10,"11":433,"12":5,"13":13,"14":5,"15":12,"16":5,"17":13,"18":0,"19":0,"20":1,"21":1,"22":1,"23":1,"24":0,"25":1,"26":0,"27":1,"28":6,"29":1,"30":1,"31":1,"32":0,"33":0,"34":0,"35":0,"36":0,"37":0,"38":0,"39":0,"40":0,"41":0,"42":0,"43":0,"44":0,"45":0,"46":0,"47":0,"48":0,"49":0,"50":0,"51":0,"52":0,"53":0,"54":0,"55":0,"56":0,"57":0,"58":0,"59":0,"60":0,"61":0,"62":0,"63":1,"64":1,"65":1,"66":1,"67":1,"68":0,"69":0,"70":0,"71":0,"72":0,"73":0,"74":0,"75":0,"76":0,"77":0,"78":0,"79":0,"80":0,"81":0,"82":0,"83":0,"84":0,"85":1,"86":1,"87":1,"88":1,"89":1,"90":0,"91":0,"92":0,"93":0,"94":0},"b":{"0":[1,1,1],"1":[0,2],"2":[2,2],"3":[0,1],"4":[0,1],"5":[0,1],"6":[0,1],"7":[0,1],"8":[0,1],"9":[0,0],"10":[0,0],"11":[0,0],"12":[0,0],"13":[0,0],"14":[0,0],"15":[0,0],"16":[0,0],"17":[0,0],"18":[0,0],"19":[0,0],"20":[0,0],"21":[0,0],"22":[0,0],"23":[0,0],"24":[0,0],"25":[0,0],"26":[0,0],"27":[0,0],"28":[0,0],"29":[0,0],"30":[0,0],"31":[0,0],"32":[0,0],"33":[0,0],"34":[0,0],"35":[0,0],"36":[0,0],"37":[0,0],"38":[0,0],"39":[0,0],"40":[0,0],"41":[0,0],"42":[0,0],"43":[0,0],"44":[0,0],"45":[0,0],"46":[0,0],"47":[0,0],"48":[0,0],"49":[0,0],"50":[0,0],"51":[0,0],"52":[0,0],"53":[0,0],"54":[0,0],"55":[0,0],"56":[0,0],"57":[0,0],"58":[0,0],"59":[0,0],"60":[0,0],"61":[0,0],"62":[0,0],"63":[0,0],"64":[0,0],"65":[0,0],"66":[0,0],"67":[0,0],"68":[0,0],"69":[0,0],"70":[0,0],"71":[0,0],"72":[0,0],"73":[0,0],"74":[0,0],"75":[0,0],"76":[0,0],"77":[0,0],"78":[0,0],"79":[0,0],"80":[0,0],"81":[0,0],"82":[0,0],"83":[0,0],"84":[0,0],"85":[0,0],"86":[0,0],"87":[0,0],"88":[0,0],"89":[0,0],"90":[0,0],"91":[0,0],"92":[0,0],"93":[0,0],"94":[0,0],"95":[0,0]},"inputSourceMap":{"version":3,"file":"/home/usuario/ull-esit-inf-dsi-21-22-prct07-music-datamodel-grupo-f/src/database.ts","sources":["/home/usuario/ull-esit-inf-dsi-21-22-prct07-music-datamodel-grupo-f/src/database.ts"],"names":[],"mappings":";;;;;;AACA,kDAA0B;AAC1B,uEAA+C;AAS9C,CAAC;AAEF,MAAa,QAAQ;IAGjB;QACI,MAAM,OAAO,GAAG,IAAI,kBAAQ,CAAS,SAAS,CAAC,CAAC;QAChD,IAAI,CAAC,EAAE,GAAG,IAAA,eAAK,EAAC,OAAO,CAAC,CAAC;QACzB,IAAI,CAAC,UAAU,EAAE,CAAC;QAClB,IAAI,CAAC,UAAU,EAAE,CAAC;QAClB,IAAI,CAAC,SAAS,EAAE,CAAC;QACjB,IAAI,CAAC,WAAW,EAAE,CAAC;QACnB,IAAI,CAAC,UAAU,EAAE,CAAC;QAClB,IAAI,CAAC,aAAa,EAAE,CAAC;IACzB,CAAC;IAEO,UAAU;QACd,IAAG,CAAC,IAAI,CAAC,EAAE,CAAC,GAAG,CAAC,QAAQ,CAAC,CAAC,KAAK,EAAE,EAAE;YAC/B,IAAI,CAAC,EAAE,CAAC,GAAG,CAAC,QAAQ,EAAE,EAAE,CAAC,CAAC,KAAK,EAAE,CAAC;SACrC;IACL,CAAC;IAEO,UAAU;QACd,IAAG,CAAC,IAAI,CAAC,EAAE,CAAC,GAAG,CAAC,QAAQ,CAAC,CAAC,KAAK,EAAE,EAAE;YAC/B,IAAI,CAAC,EAAE,CAAC,GAAG,CAAC,QAAQ,EAAE,EAAE,CAAC,CAAC,KAAK,EAAE,CAAC;SACrC;IACL,CAAC;IAEO,SAAS;QACb,IAAG,CAAC,IAAI,CAAC,EAAE,CAAC,GAAG,CAAC,OAAO,CAAC,CAAC,KAAK,EAAE,EAAE;YAC9B,IAAI,CAAC,EAAE,CAAC,GAAG,CAAC,OAAO,EAAE,EAAE,CAAC,CAAC,KAAK,EAAE,CAAC;SACpC;IACL,CAAC;IAEO,WAAW;QACf,IAAG,CAAC,IAAI,CAAC,EAAE,CAAC,GAAG,CAAC,SAAS,CAAC,CAAC,KAAK,EAAE,EAAE;YAChC,IAAI,CAAC,EAAE,CAAC,GAAG,CAAC,SAAS,EAAE,EAAE,CAAC,CAAC,KAAK,EAAE,CAAC;SACtC;IACL,CAAC;IAEO,UAAU;QACd,IAAG,CAAC,IAAI,CAAC,EAAE,CAAC,GAAG,CAAC,QAAQ,CAAC,CAAC,KAAK,EAAE,EAAE;YAC/B,IAAI,CAAC,EAAE,CAAC,GAAG,CAAC,QAAQ,EAAE,EAAE,CAAC,CAAC,KAAK,EAAE,CAAC;SACrC;IACL,CAAC;IAEO,aAAa;QACjB,IAAG,CAAC,IAAI,CAAC,EAAE,CAAC,GAAG,CAAC,WAAW,CAAC,CAAC,KAAK,EAAE,EAAE;YAClC,IAAI,CAAC,EAAE,CAAC,GAAG,CAAC,WAAW,EAAE,EAAE,CAAC,CAAC,KAAK,EAAE,CAAC;SACxC;IACL,CAAC;IAED,SAAS,CAAC,SAAiB;QACvB,OAAO,IAAI,CAAC,EAAE,CAAC,GAAG,CAAC,QAAQ,CAAC,CAAC,KAAK,EAAE,CAAC,SAAS,CAAC,CAAC,KAAY,EAAE,EAAE;YAC5D,OAAO,KAAK,CAAC,IAAI,KAAK,SAAS,CAAC;QACpC,CAAC,CAAC,CAAC;IACP,CAAC;IAED,QAAQ,CAAC,QAAgB;QACrB,OAAO,IAAI,CAAC,EAAE,CAAC,GAAG,CAAC,OAAO,CAAC,CAAC,KAAK,EAAE,CAAC,SAAS,CAAC,CAAC,IAAU,EAAE,EAAE;YACzD,OAAO,IAAI,CAAC,IAAI,KAAK,QAAQ,CAAC;QAClC,CAAC,CAAC,CAAC;IACP,CAAC;IAED,SAAS,CAAC,SAAiB;QACvB,OAAO,IAAI,CAAC,EAAE,CAAC,GAAG,CAAC,QAAQ,CAAC,CAAC,KAAK,EAAE,CAAC,SAAS,CAAC,CAAC,KAAY,EAAE,EAAE;YAC5D,OAAO,KAAK,CAAC,IAAI,KAAK,SAAS,CAAC;QACpC,CAAC,CAAC,CAAC;IACP,CAAC;IAED,UAAU,CAAC,UAAkB;QACzB,OAAO,IAAI,CAAC,EAAE,CAAC,GAAG,CAAC,SAAS,CAAC,CAAC,KAAK,EAAE,CAAC,SAAS,CAAC,CAAC,MAAc,EAAE,EAAE;YAC/D,OAAO,MAAM,CAAC,IAAI,KAAK,UAAU,CAAC;QACtC,CAAC,CAAC,CAAC;IACP,CAAC;IAED,SAAS,CAAC,SAAiB;QACvB,OAAO,IAAI,CAAC,EAAE,CAAC,GAAG,CAAC,QAAQ,CAAC,CAAC,KAAK,EAAE,CAAC,SAAS,CAAC,CAAC,KAAY,EAAE,EAAE;YAC5D,OAAO,KAAK,CAAC,IAAI,KAAK,SAAS,CAAC;QACpC,CAAC,CAAC,CAAC;IACP,CAAC;IAED,YAAY,CAAC,YAAoB;QAC7B,OAAO,IAAI,CAAC,EAAE,CAAC,GAAG,CAAC,WAAW,CAAC,CAAC,KAAK,EAAE,CAAC,SAAS,CAAC,CAAC,QAAkB,EAAE,EAAE;YACrE,OAAQ,QAAQ,CAAC,IAAI,KAAK,YAAY,CAAC;QAC3C,CAAC,CAAC,CAAC;IACP,CAAC;IAED,QAAQ,CAAC,KAAY;QACjB,IAAI,CAAC,EAAE,CAAC,GAAG,CAAC,QAAQ,CAAC,CAAC,IAAI,CAAC,KAAK,CAAC,CAAC,KAAK,EAAE,CAAC;IAC9C,CAAC;IAED,OAAO,CAAC,IAAU;QACd,IAAI,CAAC,EAAE,CAAC,GAAG,CAAC,OAAO,CAAC,CAAC,IAAI,CAAC,IAAI,CAAC,CAAC,KAAK,EAAE,CAAC;IAC5C,CAAC;IAED,QAAQ,CAAC,KAAY;QACjB,IAAI,CAAC,EAAE,CAAC,GAAG,CAAC,QAAQ,CAAC,CAAC,IAAI,CAAC,KAAK,CAAC,CAAC,KAAK,EAAE,CAAC;IAC9C,CAAC;IAED,SAAS,CAAC,MAAc;QACpB,MAAM,CAAC,MAAM,CAAC,OAAO,CAAC,KAAK,CAAC,EAAE;YAC1B,IAAI,IAAI,CAAC,SAAS,CAAC,KAAK,CAAC,IAAI,CAAC,CAAC,EAAE;aAEhC;QACL,CAAC,CAAC,CAAC;QACH,IAAI,CAAC,EAAE,CAAC,GAAG,CAAC,SAAS,CAAC,CAAC,IAAI,CAAC,MAAM,CAAC,CAAC,KAAK,EAAE,CAAC;IAChD,CAAC;IAED,QAAQ,CAAC,KAAY;QACjB,IAAI,CAAC,EAAE,CAAC,GAAG,CAAC,QAAQ,CAAC,CAAC,IAAI,CAAC,KAAK,CAAC,CAAC,KAAK,EAAE,CAAC;IAC9C,CAAC;IAED,WAAW,CAAC,QAAkB;QAC1B,IAAI,CAAC,EAAE,CAAC,GAAG,CAAC,WAAW,CAAC,CAAC,IAAI,CAAC,QAAQ,CAAC,CAAC,KAAK,EAAE,CAAC;IACpD,CAAC;IAED,QAAQ,CAAC,SAAiB;QACtB,IAAI,YAAY,GAAW,IAAI,CAAC,SAAS,CAAC,SAAS,CAAC,CAAC;QACrD,OAAO,IAAI,CAAC,EAAE,CAAC,GAAG,CAAC,QAAQ,CAAC,CAAC,KAAK,EAAE,CAAC,EAAE,CAAC,YAAY,CAAC,CAAC;IAC1D,CAAC;IAED,OAAO,CAAC,QAAgB;QACpB,IAAI,WAAW,GAAW,IAAI,CAAC,QAAQ,CAAC,QAAQ,CAAC,CAAC;QAClD,OAAO,IAAI,CAAC,EAAE,CAAC,GAAG,CAAC,OAAO,CAAC,CAAC,KAAK,EAAE,CAAC,EAAE,CAAC,WAAW,CAAS,CAAC;IAChE,CAAC;IAED,QAAQ,CAAC,SAAiB;QACtB,IAAI,YAAY,GAAW,IAAI,CAAC,SAAS,CAAC,SAAS,CAAC,CAAC;QACrD,OAAO,IAAI,CAAC,EAAE,CAAC,GAAG,CAAC,QAAQ,CAAC,CAAC,KAAK,EAAE,CAAC,EAAE,CAAC,YAAY,CAAC,CAAC;IAC1D,CAAC;IAED,SAAS,CAAC,UAAkB;QACxB,IAAI,aAAa,GAAW,IAAI,CAAC,UAAU,CAAC,UAAU,CAAC,CAAC;QACxD,OAAO,IAAI,CAAC,EAAE,CAAC,GAAG,CAAC,SAAS,CAAC,CAAC,KAAK,EAAE,CAAC,EAAE,CAAC,aAAa,CAAC,CAAC;IAC5D,CAAC;IAED,QAAQ,CAAC,SAAiB;QACtB,IAAI,YAAY,GAAW,IAAI,CAAC,SAAS,CAAC,SAAS,CAAC,CAAC;QACrD,OAAO,IAAI,CAAC,EAAE,CAAC,GAAG,CAAC,QAAQ,CAAC,CAAC,KAAK,EAAE,CAAC,EAAE,CAAC,YAAY,CAAC,CAAC;IAC1D,CAAC;IAED,WAAW,CAAC,YAAoB;QAC5B,IAAI,eAAe,GAAW,IAAI,CAAC,YAAY,CAAC,YAAY,CAAC,CAAC;QAC9D,OAAO,IAAI,CAAC,EAAE,CAAC,GAAG,CAAC,WAAW,CAAC,CAAC,KAAK,EAAE,CAAC,EAAE,CAAC,eAAe,CAAC,CAAC;IAChE,CAAC;IAED,4BAA4B,CAAC,QAAkB;QAC3C,IAAI,GAAG,GAAW,EAAE,CAAC;QACrB,IAAI,QAAQ,KAAK,SAAS,EAAE;YACxB,IAAI,KAAK,GAAG,IAAI,CAAC,KAAK,CAAC,QAAQ,CAAC,QAAQ,CAAC,CAAC;YAC1C,IAAI,OAAO,GAAG,IAAI,CAAC,KAAK,CAAC,CAAC,QAAQ,CAAC,QAAQ,GAAG,KAAK,CAAC,GAAG,GAAG,CAAC,CAAC;YAC5D,GAAG,GAAG,YAAY,GAAG,KAAK,GAAG,aAAa,GAAG,OAAO,GAAG,UAAU,CAAC;SACrE;aAAM;YACH,GAAG,GAAG,+DAA+D,CAAC;SACzE;QACD,OAAO,GAAG,CAAC;IACf,CAAC;IAED,wBAAwB,CAAC,IAAU;QAC/B,IAAI,GAAG,GAAW,EAAE,CAAC;QACrB,IAAI,IAAI,KAAK,SAAS,EAAE;YACpB,IAAI,OAAO,GAAG,IAAI,CAAC,KAAK,CAAC,IAAI,CAAC,QAAQ,CAAC,CAAC;YACxC,IAAI,OAAO,GAAG,IAAI,CAAC,KAAK,CAAC,CAAC,IAAI,CAAC,QAAQ,GAAG,OAAO,CAAC,GAAG,GAAG,CAAC,CAAC;YAC1D,GAAG,GAAG,GAAG,GAAG,OAAO,GAAG,OAAO,GAAG,OAAO,GAAG,OAAO,CAAC;SACrD;aAAM;YACH,GAAG,GAAG,2DAA2D,CAAC;SACrE;QACD,OAAO,GAAG,CAAC;IACf,CAAC;IAED,iBAAiB,CAAC,QAAgB,EAAE,YAAoB;;QACpD,IAAI,eAAe,GAAG,IAAI,CAAC,EAAE,CAAC,GAAG,CAAC,WAAW,CAAC,CAAC,KAAK,EAAE,CAAC,SAAS,CAAC,CAAC,QAAkB,EAAE,EAAE;YACpF,OAAO,QAAQ,CAAC,IAAI,KAAK,YAAY,CAAC;QAC1C,CAAC,CAAC,CAAC;QAEH,MAAA,IAAI,CAAC,EAAE,CAAC,GAAG,CAAC,WAAW,CAAC,CAAC,KAAK,EAAE,CAAC,EAAE,CAAC,eAAe,CAAC,0CAAE,KAAK,CAAC,IAAI,CAAC,QAAQ,CAAC,CAAC;QAC3E,IAAI,CAAC,EAAE,CAAC,KAAK,EAAE,CAAC;IACpB,CAAC;IAED,cAAc,CAAC,YAAoB;QAC/B,IAAI,eAAe,GAAW,MAAM,CAAC,IAAI,CAAC,EAAE,CAAC,GAAG,CAAC,WAAW,CAAC,CAAC,SAAS,CAAC,QAAQ,CAAC,EAAE,CAAC,QAAQ,CAAC,IAAI,KAAK,YAAY,CAAC,CAAC,CAAC;QACrH,IAAI,CAAC,EAAE,CAAC,GAAG,CAAC,WAAW,CAAC,CAAC,MAAM,CAAC,eAAe,EAAE,CAAC,CAAC,CAAC,KAAK,EAAE,CAAC;IAChE,CAAC;IAED,sBAAsB,CAAC,YAAoB,EAAE,QAAgB;;QACzD,IAAI,eAAe,GAAW,MAAM,CAAC,IAAI,CAAC,EAAE,CAAC,GAAG,CAAC,WAAW,CAAC,CAAC,SAAS,CAAC,QAAQ,CAAC,EAAE,CAAC,QAAQ,CAAC,IAAI,KAAK,YAAY,CAAC,CAAC,CAAC;QACrH,IAAI,SAAS,GAAG,IAAI,CAAC,EAAE,CAAC,GAAG,CAAC,WAAW,CAAC,CAAC,KAAK,EAAE,CAAC,eAAe,CAAC,CAAC,KAAK,CAAC,OAAO,CAAC,QAAQ,CAAC,CAAC;QAC1F,MAAA,IAAI,CAAC,EAAE,CAAC,GAAG,CAAC,WAAW,CAAC,CAAC,KAAK,EAAE,CAAC,EAAE,CAAC,eAAe,CAAC,0CAAE,KAAK,CAAC,MAAM,CAAC,SAAS,EAAE,CAAC,CAAC,CAAC;QACjF,IAAI,CAAC,EAAE,CAAC,KAAK,EAAE,CAAC;IACpB,CAAC;IAED,qBAAqB,CAAC,YAAoB,EAAE,QAAkB;QAC1D,IAAI,CAAC,EAAE,CAAC,GAAG,CAAC,WAAW,CAAC;aACnB,IAAI,CAAC,EAAC,IAAI,EAAE,YAAY,EAAC,CAAC;aAC1B,MAAM,CAAC,EAAC,KAAK,EAAG,QAAQ,EAAC,CAAC;aAC1B,KAAK,EAAE,CAAC;IACjB,CAAC;IAED,aAAa;QACT,IAAI,IAAI,GAAW,EAAE,CAAC;QACtB,OAAO,CAAC,GAAG,CAAC,yBAAyB,CAAC,CAAC;QACvC,IAAI,CAAC,EAAE,CAAC,GAAG,CAAC,WAAW,CAAC,CAAC,KAAK,EAAE,CAAC,OAAO,CAAC,CAAC,QAAkB,EAAE,EAAE;YAC5D,IAAI,GAAG,QAAQ,CAAC,IAAI,CAAC;YACrB,IAAI,IAAI,eAAe,GAAG,QAAQ,CAAC,MAAM,CAAC,QAAQ,EAAE,GAAG,GAAG,CAAC;YAC3D,IAAI,IAAI,MAAM,GAAG,IAAI,CAAC,4BAA4B,CAAC,QAAQ,CAAC,CAAC;YAC7D,OAAO,CAAC,GAAG,CAAC,IAAI,CAAC,CAAC;QACtB,CAAC,CAAC,CAAA;IACN,CAAC;IAED,YAAY,CAAC,YAAoB;QAC7B,IAAI,QAAQ,GAAG,IAAI,CAAC,WAAW,CAAC,YAAY,CAAC,CAAC;QAC9C,IAAI,QAAQ,GAAW,EAAE,CAAC;QAC1B,IAAI,QAAQ,KAAK,SAAS,EAAE;YACxB,OAAO,CAAC,GAAG,CAAC,GAAG,GAAG,QAAQ,CAAC,IAAI,GAAE,IAAI,GAAG,IAAI,CAAC,4BAA4B,CAAC,QAAQ,CAAC,GAAG,IAAI,CAAC,CAAC;YAC5F,QAAQ,CAAC,KAAK,CAAC,OAAO,CAAC,CAAC,IAAY,EAAE,EAAE;gBACpC,IAAI,MAAM,GAAG,IAAI,CAAC,OAAO,CAAC,IAAI,CAAC,CAAC;gBAChC,IAAI,MAAM,KAAK,SAAS,EAAE;oBACtB,QAAQ,GAAG,MAAM,CAAC,IAAI,GAAG,KAAK,GAAG,MAAM,CAAC,MAAM,GAAG,KAAK,CAAC;oBACvD,QAAQ,IAAI,IAAI,CAAC,wBAAwB,CAAC,MAAM,CAAC,CAAC;oBAClD,QAAQ,IAAI,MAAM,GAAG,MAAM,CAAC,MAAM,CAAC,QAAQ,EAAE,GAAG,aAAa,GAAG,MAAM,CAAC,mBAAmB,GAAG,IAAI,CAAC;oBAClG,OAAO,CAAC,GAAG,CAAC,QAAQ,CAAC,CAAC;iBACzB;qBAAM;oBACH,OAAO,CAAC,GAAG,CAAC,uBAAuB,CAAC,CAAC;iBACxC;YACL,CAAC,CAAC,CAAA;SACL;aAAM;YACH,OAAO,CAAC,GAAG,CAAC,2BAA2B,CAAC,CAAC;SAC5C;IACL,CAAC;IAED,sBAAsB,CAAC,YAAoB;QACvC,IAAI,WAAmB,CAAC;QACxB,IAAI,WAAW,GAAG,CAAC,CAAC;QACpB,IAAI,GAAG,GAAG,CAAC,CAAC;QACZ,IAAI,GAAG,GAAG,CAAC,CAAC;QACZ,IAAI,IAAI,GAAG,CAAC,CAAC;QAEb,IAAI,CAAC,EAAE,CAAC,GAAG,CAAC,WAAW,CAAC;aACnB,IAAI,CAAC,EAAC,IAAI,EAAE,YAAY,EAAC,CAAC;aAC1B,KAAK,EAAE,CAAC,KAAK;aACb,OAAO,CAAC,CAAC,QAAgB,EAAE,EAAE;;YAC1B,WAAW,GAAG,IAAI,CAAC,QAAQ,CAAC,QAAQ,CAAC,CAAC;YACtC,WAAW,GAAI,MAAA,IAAI,CAAC,EAAE,CAAC,GAAG,CAAC
[...]
ync<Schema>;\n\n    constructor() {\n        const adapter = new FileSync<Schema>(\"db.json\");\n        this.db = lowdb(adapter);\n        this.initGenres();\n        this.initAlbums();\n        this.initSongs();\n        this.initArtists();\n        this.initGroups();\n        this.initPlaylists();\n    }\n\n    private initGenres() {\n        if(!this.db.has(\"genres\").value()) {\n            this.db.set(\"genres\", []).write();\n        }\n    }\n\n    private initAlbums() {\n        if(!this.db.has(\"albums\").value()) {\n            this.db.set(\"albums\", []).write();\n        }\n    }\n\n    private initSongs() {\n        if(!this.db.has(\"songs\").value()) {\n            this.db.set(\"songs\", []).write();\n        }\n    }\n\n    private initArtists() {\n        if(!this.db.has(\"artists\").value()) {\n            this.db.set(\"artists\", []).write();\n        }\n    }\n\n    private initGroups() {\n        if(!this.db.has(\"groups\").value()) {\n            this.db.set(\"groups\", []).write();\n        }\n    }\n\n    private initPlaylists() {\n        if(!this.db.has(\"playlists\").value()) {\n            this.db.set(\"playlists\", []).write();\n        }\n    }\n\n    findGenre(genreName: string): number {\n        return this.db.get(\"genres\").value().findIndex((genre: Genre) => {\n            return genre.name === genreName;\n        });\n    }\n\n    findSong(songName: string): number {\n        return this.db.get(\"songs\").value().findIndex((song: Song) => {\n            return song.name === songName;\n        });\n    }\n\n    findAlbum(albumName: string): number {\n        return this.db.get(\"albums\").value().findIndex((album: Album) => {\n            return album.name === albumName;\n        });\n    }\n\n    findArtist(artistName: string): number {\n        return this.db.get(\"artists\").value().findIndex((artist: Artist) => {\n            return artist.name === artistName;\n        });\n    }\n    \n    findGroup(groupName: string): number {\n        return this.db.get(\"groups\").value().findIndex((group: Group) => {\n            return group.name === groupName;\n        });\n    }\n\n    findPlaylist(playlistName: string): number {\n        return this.db.get(\"playlists\").value().findIndex((playlist: Playlist) => {\n            return  playlist.name === playlistName;\n        });\n    }\n\n    setGenre(genre: Genre) {\n        this.db.get(\"genres\").push(genre).write();\n    }\n\n    setSong(song: Song) {\n        this.db.get(\"songs\").push(song).write();\n    }\n\n    setAlbum(album: Album) {\n        this.db.get(\"albums\").push(album).write();\n    }\n\n    setArtist(artist: Artist) {\n        artist.genres.forEach(genre => {\n            if (this.findGenre(genre) != -1) {\n                \n            }\n        });\n        this.db.get(\"artists\").push(artist).write();\n    }\n\n    setGroup(group: Group) {\n        this.db.get(\"groups\").push(group).write();\n    }\n\n    setPlaylist(playlist: Playlist) {\n        this.db.get(\"playlists\").push(playlist).write();\n    }\n\n    getGenre(genreName: string): Genre | undefined {\n        let indexOfGenre: number = this.findGenre(genreName);\n        return this.db.get(\"genres\").value().at(indexOfGenre);\n    }\n\n    getSong(songName: string): Song {\n        let indexOfSong: number = this.findSong(songName);\n        return this.db.get(\"songs\").value().at(indexOfSong) as Song;\n    }\n\n    getAlbum(albumName: string): Album | undefined {\n        let indexOfAlbum: number = this.findAlbum(albumName);\n        return this.db.get(\"albums\").value().at(indexOfAlbum);\n    }\n\n    getArtist(artistName: string): Artist | undefined {\n        let indexOfArtist: number = this.findArtist(artistName);\n        return this.db.get(\"artists\").value().at(indexOfArtist);\n    }\n\n    getGroup(groupName: string): Group | undefined {\n        let indexOfGroup: number = this.findGroup(groupName);\n        return this.db.get(\"groups\").value().at(indexOfGroup);\n    }\n\n    getPlaylist(playlistName: string): Playlist | undefined {\n        let indexOfPlaylist: number = this.findPlaylist(playlistName);\n        return this.db.get(\"playlists\").value().at(indexOfPlaylist);\n    }\n\n    getFormattedDurationPlaylist(playlist: Playlist): string {\n        let out: string = \"\";\n        if (playlist !== undefined) {\n            let hours = Math.floor(playlist.duration);\n            let minutes = Math.floor((playlist.duration - hours) * 100);\n            out = \"Duration: \" + hours + \" hours and \" + minutes + \" minutes\";\n        } else {\n            out = \"ERROR: The playlist was not located to calculate its duration\";\n        }\n        return out;\n    }\n\n    getFormattedDurationSong(song: Song): string {\n        let out: string = \"\";\n        if (song !== undefined) {\n            let minutes = Math.floor(song.duration);\n            let seconds = Math.floor((song.duration - minutes) * 100);\n            out = \"[\" + minutes + \" min \" + seconds + \" sec]\";\n        } else {\n            out = \"ERROR: The song was not located to calculate its duration\";\n        }\n        return out;\n    }\n    \n    setSongToPlaylist(songName: string, playlistName: string) {\n        let indexOfPlaylist = this.db.get(\"playlists\").value().findIndex((playlist: Playlist) => {\n            return playlist.name === playlistName;\n        });\n\n        this.db.get(\"playlists\").value().at(indexOfPlaylist)?.songs.push(songName);\n        this.db.write();\n    }\n\n    removePlaylist(playlistName: string) {\n        let indexOfPlaylist: number = Number(this.db.get(\"playlists\").findIndex(playlist => playlist.name === playlistName));\n        this.db.get(\"playlists\").splice(indexOfPlaylist, 1).write();\n    }\n\n    removeSongFromPlaylist(playlistName: string, nameSong: string) {\n        let indexOfPlaylist: number = Number(this.db.get(\"playlists\").findIndex(playlist => playlist.name === playlistName));\n        let indexSong = this.db.get(\"playlists\").value()[indexOfPlaylist].songs.indexOf(nameSong);\n        this.db.get(\"playlists\").value().at(indexOfPlaylist)?.songs.splice(indexSong, 1);\n        this.db.write();\n    }\n\n    changeOwnerOfPlaylist(playlistName: string, newowner: Property) {\n        this.db.get(\"playlists\")\n            .find({name: playlistName})\n            .assign({owner : newowner})\n            .write();\n    }\n\n    viewPlaylists() {\n        let show: string = \"\";\n        console.log(\"---LIST OF PLAYLISTS---\");\n        this.db.get(\"playlists\").value().forEach((playlist: Playlist) => {\n            show = playlist.name;\n            show += \"\\n  Genres: [\" + playlist.genres.toString() + \"]\";\n            show += \"\\n  \" + this.getFormattedDurationPlaylist(playlist);\n            console.log(show);\n        })\n    }\n\n    viewPlaylist(playlistName: string) {\n        let playlist = this.getPlaylist(playlistName);\n        let showSong: string = \"\";\n        if (playlist !== undefined) {\n            console.log(\"[\" + playlist.name +\"] \" + this.getFormattedDurationPlaylist(playlist) + \"\\n\");\n            playlist.songs.forEach((song: string) => {\n                let dbsong = this.getSong(song);\n                if (dbsong !== undefined) {\n                    showSong = dbsong.name + \" | \" + dbsong.author + \" | \";\n                    showSong += this.getFormattedDurationSong(dbsong);\n                    showSong += \" | [\" + dbsong.genres.toString() + \"] | Reprd. \" + dbsong.numberReproductions + \"\\n\";\n                    console.log(showSong);\n                } else {\n                    console.log(\"ERROR: Song not found\");\n                }\n            })\n        } else {\n            console.log(\"ERROR: Playlist not found\");\n        }\n    }\n\n    updateDurationPlaylist(playlistName: string) {\n        let indexOfSong: number;\n        let newduration = 0;\n        let min = 0; \n        let sec = 0; \n        let hour = 0;\n\n        this.db.get(\"playlists\")\n            .find({name: playlistName})\n            .value().songs\n            .forEach((songName: string) => {\n                indexOfSong = this.findSong(songName);\n                newduration = (this.db.get(\"songs\")\n                .value().at(indexOfSong)?.duration as number);\n                min += Math.floor(newduration);\n                sec += parseFloat(((newduration - Math.floor(newduration)) * 100).toFixed(2));\n            }\n        );\n\n        min += Math.floor(sec/60);\n        hour = Math.floor(min/60);\n        min = Math.floor(min - 60*hour);\n        newduration = hour + (min/100);\n\n        this.db.get(\"playlists\")\n            .find({name: playlistName})\n            .assign({duration : newduration})\n            .write();\n    }\n\n    updateGenresPlaylist(playlistName: string) {\n        let newGenres: string[] = [];\n        this.db.get(\"playlists\")\n            .find({name: playlistName})\n            .value().songs\n            .forEach((songName: string) => {\n                let dbsong = this.getSong(songName);\n                if (dbsong !== undefined) {\n                    dbsong.genres.forEach((genreName: string) => {\n                        if (!newGenres.includes(genreName)) {\n                            newGenres.push(genreName);\n                        }\n                    })\n                } else {\n                    console.log(\"ERROR: Song not found to update genres playlist\");\n                }\n            })\n        \n        this.db.get(\"playlists\")\n            .find({name: playlistName})\n            .assign({genres : newGenres})\n            .write();\n    }\n\n    alphabeticalSongNameSort(playlistName: string) {\n        let indexOfPlaylist: number = Number(this.db.get(\"playlists\").findIndex(playlist => playlist.name === playlistName));\n        this.db.get(\"playlists\").value().at(indexOfPlaylist)?.songs.sort((song1: string, song2: string) => {\n            return song1.normalize().localeCompare(song2.normalize());\n        });\n        this.db.write();\n    }\n\n    alphabeticalAuthorNameSort(playlistName: string) {\n        let indexOfPlaylist: number = Number(this.db.get(\"playlists\").findIndex(playlist => playlist.name === playlistName));\n        this.db.get(\"playlists\").value().at(indexOfPlaylist)?.songs.sort((song1: string, song2: string) => {\n            let author1: string = this.db.get(\"songs\").value().at(this.findSong(song1))?.author as string;\n            let author2: string = this.db.get(\"songs\").value().at(this.findSong(song2))?.author as string;;\n            return author1.normalize().localeCompare(author2.normalize());\n        });\n        this.db.write();\n    }\n\n    durationSort(playlistName: string) {\n        let indexOfPlaylist: number = Number(this.db.get(\"playlists\").findIndex(playlist => playlist.name === playlistName));\n        this.db.get(\"playlists\").value().at(indexOfPlaylist)?.songs.sort((song1: string, song2: string) => {\n            let duration1: number = this.db.get(\"songs\").value().at(this.findSong(song1))?.duration as number;\n            let duration2: number = this.db.get(\"songs\").value().at(this.findSong(song2))?.duration as number;;\n            return duration1 - duration2;\n        });\n        this.db.write();\n    }\n\n    numberOfReproductionSort(playlistName: string) {\n        let indexOfPlaylist: number = Number(this.db.get(\"playlists\").findIndex(playlist => playlist.name === playlistName));\n        this.db.get(\"playlists\").value().at(indexOfPlaylist)?.songs.sort((song1: string, song2: string) => {\n            let reproductions1: number = this.db.get(\"songs\").value().at(this.findSong(song1))?.numberReproductions as number;\n            let reproductions2: number = this.db.get(\"songs\").value().at(this.findSong(song2))?.numberReproductions as number;;\n            return reproductions1 - reproductions2;\n        });\n        this.db.write();\n    }\n\n    removeGenre(genreName: string) {\n        let indexOfGenre: number = this.findGenre(genreName);\n        this.db.get(\"genres\").splice(indexOfGenre, 1).write();\n    }\n\n    removeArtist(artistName: string) {\n        let indexOfArtist: number = this.findArtist(artistName);\n        this.db.get(\"artists\").splice(indexOfArtist, 1).write();\n    }\n\n    removeGroup(groupName: string) {\n        let indexOfGroup: number = this.findGroup(groupName);\n        this.db.get(\"groups\").splice(indexOfGroup, 1).write();\n    }\n\n    removeSong(songName: string) {\n        let indexOfSong: number = this.findSong(songName);\n        this.db.get(\"songs\").splice(indexOfSong, 1).write();\n    }\n\n    removeAlbum(albumName: string) {\n        let indexOfAlbum: number = this.findAlbum(albumName);\n        this.db.get(\"albums\").splice(indexOfAlbum, 1).write();\n    }\n\n    modifyAuthorsGenre(genreName: string, genreAuthors: string[]) {\n        this.db.get(\"genres\")\n            .find({name: genreName})\n            .assign({authors: genreAuthors})\n            .write();\n    }\n\n    modifyAlbumsGenre(genreName: string, genreAlbums: string[]) {\n        this.db.get(\"genres\")\n            .find({name: genreName})\n            .assign({albums: genreAlbums})\n            .write();\n    }\n\n    modifySongsGenre(genreName: string, genreSongs: string[]) {\n        this.db.get(\"genres\")\n            .find({name: genreName})\n            .assign({songs: genreSongs})\n            .write();\n    }\n\n    modifyGroupsArtist(artistName: string, artistGroups: string[]) {\n        this.db.get(\"artists\")\n            .find({name: artistName})\n            .assign({groups: artistGroups})\n            .write();\n    }\n\n    modifyGenresArtist(artistName: string, artistGenres: string[]) {\n        this.db.get(\"artists\")\n            .find({name: artistName})\n            .assign({genres: artistGenres})\n            .write();\n    }\n\n    modifyAlbumsArtist(artistName: string, artistAlbums: string[]) {\n        this.db.get(\"artists\")\n            .find({name: artistName})\n            .assign({albums: artistAlbums})\n            .write();\n    }\n\n    modifySongsArtist(artistName: string, artistSongs: string[]) {\n        this.db.get(\"artists\")\n            .find({name: artistName})\n            .assign({songs: artistSongs})\n            .write();\n    }\n\n    modifyMonthlyListenersArtist(artistName: string, artistMonthlyListeners: number) {\n        this.db.get(\"artists\")\n            .find({name: artistName})\n            .assign({monthlyListeners: artistMonthlyListeners})\n            .write();\n    }\n\n    modifyArtistsGroup(groupName: string, groupArtists: string[]) {\n        this.db.get(\"groups\")\n            .find({name: groupName})\n            .assign({artists: groupArtists})\n            .write();\n    }\n\n    modifyYearCreationGroup(groupName: string, groupYearCreation: number) {\n        this.db.get(\"groups\")\n            .find({name: groupName})\n            .assign({yearCreation: groupYearCreation})\n            .write();\n    }\n\n    modifyGenresGroup(groupName: string, groupGenres: string[]) {\n        this.db.get(\"groups\")\n            .find({name: groupName})\n            .assign({genres: groupGenres})\n            .write();\n    }\n\n    modifyAlbumsGroup(groupName: string, groupAlbums: string[]) {\n        this.db.get(\"groups\")\n            .find({name: groupName})\n            .assign({albums: groupAlbums})\n            .write();\n    }\n\n    modifyMonthlyListenersGroup(groupName: string, groupMonthlyListeners: number) {\n        this.db.get(\"groups\")\n            .find({name: groupName})\n            .assign({monthlyListeners: groupMonthlyListeners})\n            .write();\n    }\n\n    modifyAuthorAlbum(albumName: string, albumAuthor: string) {\n        this.db.get(\"albums\")\n            .find({name: albumName})\n            .assign({author: albumAuthor})\n            .write();\n    }\n\n    modifyYearPublicationAlbum(albumName: string, albumYearPublication: number) {\n        this.db.get(\"albums\")\n            .find({name: albumName})\n            .assign({yearPublication: albumYearPublication})\n            .write();\n    }\n\n    modifyGenresAlbum(albumName: string, albumGenres: string[]) {\n        this.db.get(\"albums\")\n            .find({name: albumName})\n            .assign({genres: albumGenres})\n            .write();\n    }\n\n    modifySongsAlbum(albumName: string, albumSongs: string[]) {\n        this.db.get(\"albums\")\n            .find({name: albumName})\n            .assign({songs: albumSongs})\n            .write();\n    }\n\n    modifyAuthorSong(songName: string, songAuthor: string) {\n        this.db.get(\"songs\")\n            .find({name: songName})\n            .assign({author: songAuthor})\n            .write();\n    }\n\n    modifyDurationSong(songName: string, songDuration: number) {\n        this.db.get(\"songs\")\n            .find({name: songName})\n            .assign({duration: songDuration})\n            .write();\n    }\n\n    modifyGenresSong(songName: string, songGenres: string[]) {\n        this.db.get(\"songs\")\n            .find({name: songName})\n            .assign({genres: songGenres})\n            .write();\n    }\n\n    modifySingleSong(songName: string, songSingle: boolean) {\n        this.db.get(\"songs\")\n            .find({name: songName})\n            .assign({single: songSingle})\n            .write();\n    }\n\n    modifyNumberReproductionsSong(songName: string, songNumberOfReproductions: number) {\n        this.db.get(\"songs\")\n            .find({name: songName})\n            .assign({numberReproductions: songNumberOfReproductions})\n            .write();\n    }\n\n    viewSong(songName: string) {\n        let song = this.getSong(songName);\n        console.log(\"name: \" + song?.name);\n        console.log(\"author: \" + song?.author);\n        console.log(\"duration: \" + song?.duration);\n        console.log(\"genres: \" + song?.genres);\n        console.log(\"single: \" + song?.single);\n        console.log(\"number of reproductions: \" + song?.numberReproductions);\n    }\n\n    viewGenre(genreName: string) {\n        let genre = this.getGenre(genreName);\n        console.log(\"name: \" + genre?.name);\n        console.log(\"authors: \" + genre?.authors);\n        console.log(\"albums: \" + genre?.albums);\n        console.log(\"songs: \" + genre?.songs);\n    }\n\n    viewAlbum(albumName: string) {\n        let album = this.getAlbum(albumName);\n        console.log(\"name: \" + album?.name);\n        console.log(\"author: \" + album?.author);\n        console.log(\"year of publication:\" + album?.yearPublication);\n        console.log(\"genres: \" + album?.genres);\n        console.log(\"songs: \" + album?.songs);\n    }\n\n    viewGroup(groupName: string) {\n        let group = this.getGroup(groupName);\n        console.log(\"name: \" + group?.name);\n        console.log(\"artists: \" + group?.artists);\n        console.log(\"year of creation: \" + group?.yearCreation);\n        console.log(\"genres: \" + group?.genres);\n        console.log(\"albums: \" + group?.albums);\n        console.log(\"monthly listeners: \" + group?.monthlyListeners);\n    }\n\n    viewArtist(artistName: string) {\n        let artist = this.getArtist(artistName);\n        console.log(\"name: \" + artist?.name);\n        console.log(\"groups: \" + artist?.groups);\n        console.log(\"genres: \" + artist?.genres);\n        console.log(\"albums: \" + artist?.albums);\n        console.log(\"songs: \" + artist?.songs);\n        console.log(\"monthly listeners: \" + artist?.monthlyListeners);\n    }\n}\n"]},"_coverageSchema":"1a1c01bbd47fc00a2c39e90264f33305004495a9","hash":"19e6b560c2ddeb5ca68473d927db053275cec91a","contentHash":"d802f1733ad6d9edddc59303a296c6eee7fcbc59da663d22d72482c080f570b3"}}