{"/home/usuario/P7/src/classes.ts":{"path":"/home/usuario/P7/src/classes.ts","statementMap":{"0":{"start":{"line":2,"column":0},"end":{"line":2,"column":62}},"1":{"start":{"line":3,"column":0},"end":{"line":3,"column":123}},"2":{"start":{"line":16,"column":8},"end":{"line":16,"column":25}},"3":{"start":{"line":17,"column":8},"end":{"line":17,"column":31}},"4":{"start":{"line":18,"column":8},"end":{"line":18,"column":29}},"5":{"start":{"line":19,"column":8},"end":{"line":19,"column":27}},"6":{"start":{"line":22,"column":0},"end":{"line":22,"column":22}},"7":{"start":{"line":36,"column":8},"end":{"line":36,"column":25}},"8":{"start":{"line":37,"column":8},"end":{"line":37,"column":29}},"9":{"start":{"line":38,"column":8},"end":{"line":38,"column":47}},"10":{"start":{"line":39,"column":8},"end":{"line":39,"column":29}},"11":{"start":{"line":40,"column":8},"end":{"line":40,"column":27}},"12":{"start":{"line":43,"column":0},"end":{"line":43,"column":22}},"13":{"start":{"line":58,"column":8},"end":{"line":58,"column":25}},"14":{"start":{"line":59,"column":8},"end":{"line":59,"column":29}},"15":{"start":{"line":60,"column":8},"end":{"line":60,"column":33}},"16":{"start":{"line":61,"column":8},"end":{"line":61,"column":29}},"17":{"start":{"line":62,"column":8},"end":{"line":62,"column":29}},"18":{"start":{"line":63,"column":8},"end":{"line":63,"column":55}},"19":{"start":{"line":66,"column":0},"end":{"line":66,"column":20}},"20":{"start":{"line":79,"column":8},"end":{"line":79,"column":25}},"21":{"start":{"line":80,"column":8},"end":{"line":80,"column":29}},"22":{"start":{"line":81,"column":8},"end":{"line":81,"column":29}},"23":{"start":{"line":82,"column":8},"end":{"line":82,"column":49}},"24":{"start":{"line":85,"column":0},"end":{"line":85,"column":24}},"25":{"start":{"line":100,"column":8},"end":{"line":100,"column":54}},"26":{"start":{"line":101,"column":8},"end":{"line":101,"column":31}},"27":{"start":{"line":102,"column":8},"end":{"line":102,"column":41}},"28":{"start":{"line":105,"column":0},"end":{"line":105,"column":22}},"29":{"start":{"line":120,"column":8},"end":{"line":120,"column":54}},"30":{"start":{"line":121,"column":8},"end":{"line":121,"column":29}},"31":{"start":{"line":122,"column":8},"end":{"line":122,"column":27}},"32":{"start":{"line":125,"column":0},"end":{"line":125,"column":24}},"33":{"start":{"line":139,"column":8},"end":{"line":139,"column":25}},"34":{"start":{"line":140,"column":8},"end":{"line":140,"column":27}},"35":{"start":{"line":141,"column":8},"end":{"line":141,"column":33}},"36":{"start":{"line":142,"column":8},"end":{"line":142,"column":29}},"37":{"start":{"line":143,"column":8},"end":{"line":143,"column":27}},"38":{"start":{"line":146,"column":0},"end":{"line":146,"column":28}}},"fnMap":{"0":{"name":"(anonymous_0)","decl":{"start":{"line":15,"column":4},"end":{"line":15,"column":5}},"loc":{"start":{"line":15,"column":46},"end":{"line":20,"column":5}},"line":15},"1":{"name":"(anonymous_1)","decl":{"start":{"line":35,"column":4},"end":{"line":35,"column":5}},"loc":{"start":{"line":35,"column":62},"end":{"line":41,"column":5}},"line":35},"2":{"name":"(anonymous_2)","decl":{"start":{"line":57,"column":4},"end":{"line":57,"column":5}},"loc":{"start":{"line":57,"column":77},"end":{"line":64,"column":5}},"line":57},"3":{"name":"(anonymous_3)","decl":{"start":{"line":78,"column":4},"end":{"line":78,"column":5}},"loc":{"start":{"line":78,"column":56},"end":{"line":83,"column":5}},"line":78},"4":{"name":"(anonymous_4)","decl":{"start":{"line":99,"column":4},"end":{"line":99,"column":5}},"loc":{"start":{"line":99,"column":79},"end":{"line":103,"column":5}},"line":99},"5":{"name":"(anonymous_5)","decl":{"start":{"line":119,"column":4},"end":{"line":119,"column":5}},"loc":{"start":{"line":119,"column":71},"end":{"line":123,"column":5}},"line":119},"6":{"name":"(anonymous_6)","decl":{"start":{"line":138,"column":4},"end":{"line":138,"column":5}},"loc":{"start":{"line":138,"column":65},"end":{"line":144,"column":5}},"line":138}},"branchMap":{"0":{"loc":{"start":{"line":138,"column":47},"end":{"line":138,"column":63}},"type":"default-arg","locations":[{"start":{"line":138,"column":55},"end":{"line":138,"column":63}}],"line":138}},"s":{"0":1,"1":1,"2":2,"3":2,"4":2,"5":2,"6":1,"7":2,"8":2,"9":2,"10":2,"11":2,"12":1,"13":2,"14":2,"15":2,"16":2,"17":2,"18":2,"19":1,"20":4,"21":4,"22":4,"23":4,"24":1,"25":2,"26":2,"27":2,"28":1,"29":2,"30":2,"31":2,"32":1,"33":2,"34":2,"35":2,"36":2,"37":2,"38":1},"f":{"0":2,"1":2,"2":2,"3":4,"4":2,"5":2,"6":2},"b":{"0":[2]},"inputSourceMap":{"version":3,"file":"/home/usuario/P7/src/classes.ts","sources":["/home/usuario/P7/src/classes.ts"],"names":[],"mappings":";;;AAKA;;GAEG;AACH,MAAa,KAAK;IACd;;;;;;OAMG;IACH,YAAmB,IAAY,EAAS,OAAiB,EAAS,MAAgB,EAAS,KAAe;QAAvF,SAAI,GAAJ,IAAI,CAAQ;QAAS,YAAO,GAAP,OAAO,CAAU;QAAS,WAAM,GAAN,MAAM,CAAU;QAAS,UAAK,GAAL,KAAK,CAAU;IAAG,CAAC;CACjH;AATD,sBASC;AAED;;GAEG;AACH,MAAa,KAAK;IACd;;;;;;;OAOG;IACH,YAAmB,IAAY,EAAS,MAAc,EAAS,eAAuB,EAAS,MAAgB,EAAS,KAAe;QAApH,SAAI,GAAJ,IAAI,CAAQ;QAAS,WAAM,GAAN,MAAM,CAAQ;QAAS,oBAAe,GAAf,eAAe,CAAQ;QAAS,WAAM,GAAN,MAAM,CAAU;QAAS,UAAK,GAAL,KAAK,CAAU;IAAG,CAAC;CAC9I;AAVD,sBAUC;AAED;;GAEG;AACH,MAAa,IAAI;IACb;;;;;;;;OAQG;IACH,YAAmB,IAAY,EAAS,MAAc,EAAS,QAAgB,EAAS,MAAgB,EAAS,MAAe,EAAS,mBAA2B;QAAjJ,SAAI,GAAJ,IAAI,CAAQ;QAAS,WAAM,GAAN,MAAM,CAAQ;QAAS,aAAQ,GAAR,QAAQ,CAAQ;QAAS,WAAM,GAAN,MAAM,CAAU;QAAS,WAAM,GAAN,MAAM,CAAS;QAAS,wBAAmB,GAAnB,mBAAmB,CAAQ;IAAG,CAAC;CAC3K;AAXD,oBAWC;AAED;;GAEG;AACH,MAAsB,MAAM;IACxB;;;;;;OAMG;IACH,YAAmB,IAAY,EAAS,MAAgB,EAAS,MAAgB,EAAS,gBAAwB;QAA/F,SAAI,GAAJ,IAAI,CAAQ;QAAS,WAAM,GAAN,MAAM,CAAU;QAAS,WAAM,GAAN,MAAM,CAAU;QAAS,qBAAgB,GAAhB,gBAAgB,CAAQ;IAAG,CAAC;CACzH;AATD,wBASC;AAED;;GAEG;AACH,MAAa,KAAM,SAAQ,MAAM;IAC7B;;;;;;;;OAQG;IACH,YAAY,IAAY,EAAS,OAAiB,EAAS,YAAoB,EAAE,MAAgB,EAAE,MAAgB,EAAE,gBAAwB;QACzI,KAAK,CAAC,IAAI,EAAE,MAAM,EAAE,MAAM,EAAE,gBAAgB,CAAC,CAAC;QADjB,YAAO,GAAP,OAAO,CAAU;QAAS,iBAAY,GAAZ,YAAY,CAAQ;IAE/E,CAAC;CACJ;AAbD,sBAaC;AAED;;GAEG;AACH,MAAa,MAAO,SAAQ,MAAM;IAC9B;;;;;;;;OAQG;IACH,YAAY,IAAY,EAAS,MAAgB,EAAE,MAAgB,EAAE,MAAgB,EAAS,KAAe,EAAE,gBAAwB;QACnI,KAAK,CAAC,IAAI,EAAE,MAAM,EAAE,MAAM,EAAE,gBAAgB,CAAC,CAAC;QADjB,WAAM,GAAN,MAAM,CAAU;QAA6C,UAAK,GAAL,KAAK,CAAU;IAE7G,CAAC;CACJ;AAbD,wBAaC;AAED;;GAEG;AACH,MAAa,QAAQ;IACjB;;;;;;;OAOG;IACH,YAAmB,IAAY,EAAS,KAAe,EAAS,QAAgB,EAAS,MAAgB,EAAS,QAAkB,QAAQ;QAAzH,SAAI,GAAJ,IAAI,CAAQ;QAAS,UAAK,GAAL,KAAK,CAAU;QAAS,aAAQ,GAAR,QAAQ,CAAQ;QAAS,WAAM,GAAN,MAAM,CAAU;QAAS,UAAK,GAAL,KAAK,CAAqB;IAAG,CAAC;CACnJ;AAVD,4BAUC","sourcesContent":["/**\n * Define la propiedad de la playlist\n */\nexport type Property = 'user' | 'system'; \n\n/**\n * Clase Género\n */\nexport class Genre {\n    /**\n     * Constructor\n     * @param name Nombre del género\n     * @param authors Autores del género\n     * @param albums Albumes del género\n     * @param songs Canciones del género\n     */\n    constructor(public name: string, public authors: string[], public albums: string[], public songs: string[]) {}\n}\n\n/**\n * Clase Album\n */\nexport class Album {\n    /**\n     * Constructor\n     * @param name Nombre del album\n     * @param author Autor del album\n     * @param yearPublication Año de publicación\n     * @param genres Géneros del album\n     * @param songs Canciones del album\n     */\n    constructor(public name: string, public author: string, public yearPublication: number, public genres: string[], public songs: string[]) {}\n}\n\n/**\n * Clase Canción\n */\nexport class Song {\n    /**\n     * Constructor\n     * @param name Nombre de la canción\n     * @param author Autor de la canción\n     * @param duration Duración de la canción\n     * @param genres Géneros de la canción\n     * @param single Boleano que determina si la canción es un single\n     * @param numberReproductions Número de reproducciones totales\n     */\n    constructor(public name: string, public author: string, public duration: number, public genres: string[], public single: boolean, public numberReproductions: number) {}\n}\n\n/**\n * Clase Abstracta Autor\n */\nexport abstract class Author {\n    /**\n     * Constructor\n     * @param name Nombre del autor\n     * @param genres Géneros del autor\n     * @param albums Albumes del autor\n     * @param monthlyListeners Oyentes mensuales\n     */\n    constructor(public name: string, public genres: string[], public albums: string[], public monthlyListeners: number) {}\n}\n\n/**\n * Clase Grupo\n */\nexport class Group extends Author {\n    /**\n     * Constructor\n     * @param name Nombre del grupo\n     * @param artists Artistas que pertencen al grupo\n     * @param yearCreation Año de creación del grupo\n     * @param genres Géneros del grupo\n     * @param albums Albumes del grupo\n     * @param monthlyListeners Oyentes mensuales\n     */\n    constructor(name: string, public artists: string[], public yearCreation: number, genres: string[], albums: string[], monthlyListeners: number) {\n        super(name, genres, albums, monthlyListeners);\n    }\n}\n\n/**\n * Clase Artista\n */\nexport class Artist extends Author {\n    /**\n     * Constructor\n     * @param name Nombre del artista \n     * @param groups Grupos a los que pertenece el artista\n     * @param genres Géneros del artista\n     * @param albums Albumes del artista\n     * @param songs Canciones del artista\n     * @param monthlyListeners Oyentes mensuales\n     */\n    constructor(name: string, public groups: string[], genres: string[], albums: string[], public songs: string[], monthlyListeners: number) {\n        super(name, genres, albums, monthlyListeners);\n    }\n}\n\n/**\n * Clase Playlist\n */\nexport class Playlist {\n    /**\n     * Constructor\n     * @param name Nombre de la playlist\n     * @param songs Canciones de la playlist\n     * @param duration Duración de la playlist en horas y minutos\n     * @param genres Géneros de la playlist\n     * @param owner Propietario de la playlist\n     */\n    constructor(public name: string, public songs: string[], public duration: number, public genres: string[], public owner: Property = 'system') {}\n}"]},"_coverageSchema":"1a1c01bbd47fc00a2c39e90264f33305004495a9","hash":"9a5f02a1a4b011812ae891b7f70c8602717a76f4","contentHash":"cb05b08fd2df1dfea3d8f68f2f0c5a9f522ca730ad0d6c1f90285873c21d2c1c"},"/home/usuario/P7/src/database.ts":{"path":"/home/usuario/P7/src/database.ts","statementMap":{"0":{"start":{"line":2,"column":22},"end":{"line":4,"column":1}},"1":{"start":{"line":3,"column":4},"end":{"line":3,"column":62}},"2":{"start":{"line":5,"column":0},"end":{"line":5,"column":62}},"3":{"start":{"line":6,"column":0},"end":{"line":6,"column":26}},"4":{"start":{"line":7,"column":16},"end":{"line":7,"column":49}},"5":{"start":{"line":8,"column":19},"end":{"line":8,"column":70}},"6":{"start":{"line":19,"column":8},"end":{"line":19,"column":33}},"7":{"start":{"line":20,"column":24},"end":{"line":20,"column":56}},"8":{"start":{"line":21,"column":8},"end":{"line":21,"column":48}},"9":{"start":{"line":22,"column":8},"end":{"line":22,"column":26}},"10":{"start":{"line":23,"column":8},"end":{"line":23,"column":26}},"11":{"start":{"line":24,"column":8},"end":{"line":24,"column":25}},"12":{"start":{"line":25,"column":8},"end":{"line":25,"column":27}},"13":{"start":{"line":26,"column":8},"end":{"line":26,"column":26}},"14":{"start":{"line":27,"column":8},"end":{"line":27,"column":29}},"15":{"start":{"line":34,"column":8},"end":{"line":36,"column":9}},"16":{"start":{"line":35,"column":12},"end":{"line":35,"column":46}},"17":{"start":{"line":43,"column":8},"end":{"line":45,"column":9}},"18":{"start":{"line":44,"column":12},"end":{"line":44,"column":46}},"19":{"start":{"line":52,"column":8},"end":{"line":54,"column":9}},"20":{"start":{"line":53,"column":12},"end":{"line":53,"column":45}},"21":{"start":{"line":61,"column":8},"end":{"line":63,"column":9}},"22":{"start":{"line":62,"column":12},"end":{"line":62,"column":47}},"23":{"start":{"line":70,"column":8},"end":{"line":72,"column":9}},"24":{"start":{"line":71,"column":12},"end":{"line":71,"column":46}},"25":{"start":{"line":79,"column":8},"end":{"line":81,"column":9}},"26":{"start":{"line":80,"column":12},"end":{"line":80,"column":49}},"27":{"start":{"line":88,"column":8},"end":{"line":90,"column":11}},"28":{"start":{"line":89,"column":12},"end":{"line":89,"column":44}},"29":{"start":{"line":97,"column":8},"end":{"line":99,"column":11}},"30":{"start":{"line":98,"column":12},"end":{"line":98,"column":42}},"31":{"start":{"line":106,"column":8},"end":{"line":108,"column":11}},"32":{"start":{"line":107,"column":12},"end":{"line":107,"column":44}},"33":{"start":{"line":115,"column":8},"end":{"line":117,"column":11}},"34":{"start":{"line":116,"column":12},"end":{"line":116,"column":46}},"35":{"start":{"line":124,"column":8},"end":{"line":126,"column":11}},"36":{"start":{"line":125,"column":12},"end":{"line":125,"column":44}},"37":{"start":{"line":133,"column":8},"end":{"line":135,"column":11}},"38":{"start":{"line":134,"column":12},"end":{"line":134,"column":50}},"39":{"start":{"line":142,"column":8},"end":{"line":142,"column":50}},"40":{"start":{"line":149,"column":8},"end":{"line":149,"column":48}},"41":{"start":{"line":156,"column":8},"end":{"line":156,"column":50}},"42":{"start":{"line":163,"column":8},"end":{"line":163,"column":52}},"43":{"start":{"line":170,"column":8},"end":{"line":170,"column":50}},"44":{"start":{"line":177,"column":8},"end":{"line":177,"column":56}},"45":{"start":{"line":185,"column":27},"end":{"line":185,"column":52}},"46":{"start":{"line":186,"column":8},"end":{"line":186,"column":62}},"47":{"start":{"line":194,"column":26},"end":{"line":194,"column":49}},"48":{"start":{"line":195,"column":8},"end":{"line":195,"column":60}},"49":{"start":{"line":203,"column":27},"end":{"line":203,"column":52}},"50":{"start":{"line":204,"column":8},"end":{"line":204,"column":62}},"51":{"start":{"line":212,"column":28},"end":{"line":212,"column":55}},"52":{"start":{"line":213,"column":8},"end":{"line":213,"column":64}},"53":{"start":{"line":221,"column":27},"end":{"line":221,"column":52}},"54":{"start":{"line":222,"column":8},"end":{"line":222,"column":62}},"55":{"start":{"line":230,"column":30},"end":{"line":230,"column":61}},"56":{"start":{"line":231,"column":8},"end":{"line":231,"column":68}},"57":{"start":{"line":239,"column":18},"end":{"line":239,"column":20}},"58":{"start":{"line":240,"column":8},"end":{"line":247,"column":9}},"59":{"start":{"line":241,"column":24},"end":{"line":241,"column":53}},"60":{"start":{"line":242,"column":26},"end":{"line":242,"column":71}},"61":{"start":{"line":243,"column":12},"end":{"line":243,"column":78}},"62":{"start":{"line":246,"column":12},"end":{"line":246,"column":82}},"63":{"start":{"line":248,"column":8},"end":{"line":248,"column":19}},"64":{"start":{"line":256,"column":18},"end":{"line":256,"column":20}},"65":{"start":{"line":257,"column":8},"end":{"line":264,"column":9}},"66":{"start":{"line":258,"column":26},"end":{"line":258,"column":51}},"67":{"start":{"line":259,"column":26},"end":{"line":259,"column":69}},"68":{"start":{"line":260,"column":12},"end":{"line":260,"column":62}},"69":{"start":{"line":263,"column":12},"end":{"line":263,"column":78}},"70":{"start":{"line":265,"column":8},"end":{"line":265,"column":19}},"71":{"start":{"line":273,"column":21},"end":{"line":275,"column":20}},"72":{"start":{"line":274,"column":28},"end":{"line":274,"column":66}},"73":{"start":{"line":276,"column":8},"end":{"line":279,"column":22}},"74":{"start":{"line":277,"column":12},"end":{"line":277,"column":34}},"75":{"start":{"line":279,"column":12},"end":{"line":279,"column":22}},"76":{"start":{"line":287,"column":20},"end":{"line":289,"column":20}},"77":{"start":{"line":288,"column":28},"end":{"line":288,"column":54}},"78":{"start":{"line":290,"column":8},"end":{"line":290,"column":38}},"79":{"start":{"line":290,"column":30},"end":{"line":290,"column":36}},"80":{"start":{"line":299,"column":30},"end":{"line":301,"column":10}},"81":{"start":{"line":300,"column":12},"end":{"line":300,"column":50}},"82":{"start":{"line":302,"column":8},"end":{"line":302,"column":129}},"83":{"start":{"line":303,"column":8},"end":{"line":303,"column":24}},"84":{"start":{"line":310,"column":30},"end":{"line":310,"column":116}},"85":{"start":{"line":310,"column":84},"end":{"line":310,"column":114}},"86":{"start":{"line":311,"column":8},"end":{"line":311,"column":68}},"87":{"start":{"line":320,"column":30},"end":{"line":320,"column":116}},"88":{"start":{"line":320,"column":84},"end":{"line":320,"column":114}},"89":{"start":{"line":321,"column":24},"end":{"line":321,"column":97}},"90":{"start":{"line":322,"column":8},"end":{"line":322,"column":135}},"91":{"start":{"line":323,"column":8},"end":{"line":323,"column":24}},"92":{"start":{"line":326,"column":8},"end":{"line":329,"column":21}},"93":{"start":{"line":336,"column":19},"end":{"line":336,"column":21}},"94":{"start":{"line":337,"column":8},"end":{"line":337,"column":44}},"95":{"start":{"line":338,"column":8},"end":{"line":342,"column":11}},"96":{"start":{"line":339,"column":12},"end":{"line":339,"column":41}},"97":{"start":{"line":340,"column":12},"end":{"line":340,"column":71}},"98":{"start":{"line":341,"column":12},"end":{"line":341,"column":73}},"99":{"start":{"line":343,"column":8},"end":{"line":343,"column":20}},"100":{"start":{"line":350,"column":23},"end":{"line":350,"column":53}},"101":{"start":{"line":351,"column":23},"end":{"line":351,"column":25}},"102":{"start":{"line":352,"column":8},"end":{"line":365,"column":9}},"103":{"start":{"line":353,"column":12},"end":{"line":353,"column":104}},"104":{"start":{"line":354,"column":12},"end":{"line":361,"column":15}},"105":{"start":{"line":355,"column":29},"end":{"line":355,"column":47}},"106":{"start":{"line":356,"column":16},"end":{"line":360,"column":17}},"107":{"start":{"line":357,"column":20},"end":{"line":357,"column":76}},"108":{"start":{"line":358,"column":20},"end":{"line":358,"column":77}},"109":{"start":{"line":359,"column":20},"end":{"line":359,"column":118}},"110":{"start":{"line":364,"column":12},"end":{"line":364,"column":51}},"111":{"start":{"line":366,"column":8},"end":{"line":366,"column":24}},"112":{"start":{"line":374,"column":26},"end":{"line":374,"column":27}},"113":{"start":{"line":375,"column":18},"end":{"line":375,"column":19}},"114":{"start":{"line":376,"column":18},"end":{"line":376,"column":19}},"115":{"start":{"line":377,"column":19},"end":{"line":377,"column":20}},"116":{"start":{"line":378,"column":8},"end":{"line":388,"column":11}},"117":{"start":{"line":383,"column":12},"end":{"line":383,"column":50}},"118":{"start":{"line":384,"column":12},"end":{"line":385,"column":91}},"119":{"start":{"line":386,"column":12},"end":{"line":386,"column":43}},"120":{"start":{"line":387,"column":12},"end":{"line":387,"column":90}},"121":{"start":{"line":389,"column":8},"end":{"line":389,"column":36}},"122":{"start":{"line":390,"column":8},"end":{"line":390,"column":36}},"123":{"start":{"line":391,"column":8},"end":{"line":391,"column":42}},"124":{"start":{"line":392,"column":8},"end":{"line":392,"column":41}},"125":{"start":{"line":393,"column":8},"end":{"line":396,"column":21}},"126":{"start":{"line":399,"column":24},"end":{"line":399,"column":26}},"127":{"start":{"line":400,"column":8},"end":{"line":415,"column":11}},"128":{"start":{"line":404,"column":25},"end":{"line":404,"column":47}},"129":{"start":{"line":405,"column":12},"end":{"line":414,"column":13}},"130":{"start":{"line":406,"column":16},"end":{"line":410,"column":19}},"131":{"start":{"line":407,"column":20},"end":{"line":409,"column":21}},"132":{"start":{"line":408,"column":24},"end":{"line":408,"column":50}},"133":{"start":{"line":413,"column":16},"end":{"line":413,"column":79}},"134":{"start":{"line":416,"column":8},"end":{"line":419,"column":21}},"135":{"start":{"line":428,"column":30},"end":{"line":428,"column":116}},"136":{"start":{"line":428,"column":84},"end":{"line":428,"column":114}},"137":{"start":{"line":429,"column":8},"end":{"line":436,"column":11}},"138":{"start":{"line":431,"column":25},"end":{"line":431,"column":135}},"139":{"start":{"line":432,"column":25},"end":{"line":432,"column":135}},"140":{"start":{"line":433,"column":21},"end":{"line":433,"column":49}},"141":{"start":{"line":434,"column":21},"end":{"line":434,"column":49}},"142":{"start":{"line":435,"column":12},"end":{"line":435,"column":27}},"143":{"start":{"line":437,"column":8},"end":{"line":437,"column":24}},"144":{"start":{"line":445,"column":30},"end":{"line":445,"column":116}},"145":{"start":{"line":445,"column":84},"end":{"line":445,"column":114}},"146":{"start":{"line":446,"column":8},"end":{"line":448,"column":11}},"147":{"start":{"line":447,"column":12},"end":{"line":447,"column":70}},"148":{"start":{"line":449,"column":8},"end":{"line":449,"column":24}},"149":{"start":{"line":457,"column":30},"end":{"line":457,"column":116}},"150":{"start":{"line":457,"column":84},"end":{"line":457,"column":114}},"151":{"start":{"line":458,"column":8},"end":{"line":463,"column":11}},"152":{"start":{"line":460,"column":26},"end":{"line":460,"column":133}},"153":{"start":{"line":461,"column":26},"end":{"line":461,"column":133}},"154":{"start":{"line":462,"column":12},"end":{"line":462,"column":74}},"155":{"start":{"line":464,"column":8},"end":{"line":464,"column":24}},"156":{"start":{"line":472,"column":30},"end":{"line":472,"column":116}},"157":{"start":{"line":472,"column":84},"end":{"line":472,"column":114}},"158":{"start":{"line":473,"column":8},"end":{"line":478,"column":11}},"159":{"start":{"line":475,"column":28},"end":{"line":475,"column":137}},"160":{"start":{"line":476,"column":28},"end":{"line":476,"column":137}},"161":{"start":{"line":477,"column":12},"end":{"line":477,"column":41}},"162":{"start":{"line":479,"column":8},"end":{"line":479,"column":24}},"163":{"start":{"line":487,"column":30},"end":{"line":487,"column":116}},"164":{"start":{"line":487,"column":84},"end":{"line":487,"column":114}},"165":{"start":{"line":488,"column":8},"end":{"line":493,"column":11}},"166":{"start":{"line":490,"column":33},"end":{"line":490,"column":153}},"167":{"start":{"line":491,"column":33},"end":{"line":491,"column":153}},"168":{"start":{"line":492,"column":12},"end":{"line":492,"column":51}},"169":{"start":{"line":494,"column":8},"end":{"line":494,"column":24}},"170":{"start":{"line":501,"column":27},"end":{"line":501,"column":52}},"171":{"start":{"line":502,"column":8},"end":{"line":502,"column":62}},"172":{"start":{"line":509,"column":28},"end":{"line":509,"column":55}},"173":{"start":{"line":510,"column":8},"end":{"line":510,"column":64}},"174":{"start":{"line":517,"column":27},"end":{"line":517,"column":52}},"175":{"start":{"line":518,"column":8},"end":{"line":518,"column":62}},"176":{"start":{"line":525,"column":26},"end":{"line":525,"column":49}},"177":{"start":{"line":526,"column":8},"end":{"line":526,"column":60}},"178":{"start":{"line":533,"column":27},"end":{"line":533,"column":52}},"179":{"start":{"line":534,"column":8},"end":{"line":534,"column":62}},"180":{"start":{"line":542,"column":8},"end":{"line":545,"column":21}},"181":{"start":{"line":553,"column":8},"end":{"line":556,"column":21}},"182":{"start":{"line":564,"column":8},"end":{"line":567,"column":21}},"183":{"start":{"line":575,"column":8},"end":{"line":578,"column":21}},"184":{"start":{"line":586,"column":8},"end":{"line":589,"column":21}},"185":{"start":{"line":597,"column":8},"end":{"line":600,"column":21}},"186":{"start":{"line":608,"column":8},"end":{"line":611,"column":21}},"187":{"start":{"line":619,"column":8},"end":{"line":622,"column":21}},"188":{"start":{"line":630,"column":8},"end":{"line":633,"column":21}},"189":{"start":{"line":641,"column":8},"end":{"line":644,"column":21}},"190":{"start":{"line":652,"column":8},"end":{"line":655,"column":21}},"191":{"start":{"line":663,"column":8},"end":{"line":666,"column":21}},"192":{"start":{"line":674,"column":8},"end":{"line":677,"column":21}},"193":{"start":{"line":685,"column":8},"end":{"line":688,"column":21}},"194":{"start":{"line":696,"column":8},"end":{"line":699,"column":21}},"195":{"start":{"line":707,"column":8},"end":{"line":710,"column":21}},"196":{"start":{"line":718,"column":8},"end":{"line":721,"column":21}},"197":{"start":{"line":729,"column":8},"end":{"line":732,"column":21}},"198":{"start":{"line":740,"column":8},"end":{"line":743,"column":21}},"199":{"start":{"line":751,"column":8},"end":{"line":754,"column":21}},"200":{"start":{"line":762,"column":8},"end":{"line":765,"column":21}},"201":{"start":{"line":773,"column":8},"end":{"line":776,"column":21}},"202":{"start":{"line":783,"column":19},"end":{"line":783,"column":21}},"203":{"start":{"line":784,"column":19},"end":{"line":784,"column":41}},"204":{"start":{"line":785,"column":8},"end":{"line":785,"column":90}},"205":{"start":{"line":786,"column":8},"end":{"line":786,"column":94}},"206":{"start":{"line":787,"column":8},"end":{"line":787,"column":98}},"207":{"start":{"line":788,"column":8},"end":{"line":788,"column":94}},"208":{"start":{"line":789,"column":8},"end":{"line":789,"column":94}},"209":{"start":{"line":790,"column":8},"end":{"line":790,"column":117}},"210":{"start":{"line":791,"column":8},"end":{"line":791,"column":20}},"211":{"start":{"line":798,"column":19},"end":{"line":798,"column":21}},"212":{"start":{"line":799,"column":20},"end":{"line":799,"column":44}},"213":{"start":{"line":800,"column":8},"end":{"line":800,"column":93}},"214":{"start":{"line":801,"column":8},"end":{"line":801,"column":99}},"215":{"start":{"line":802,"column":8},"end":{"line":802,"column":97}},"216":{"start":{"line":803,"column":8},"end":{"line":803,"column":88}},"217":{"start":{"line":804,"column":8},"end":{"line":804,"column":20}},"218":{"start":{"line":811,"column":19},"end":{"line":811,"column":21}},"219":{"start":{"line":812,"column":20},"end":{"line":812,"column":44}},"220":{"start":{"line":813,"column":8},"end":{"line":813,"column":93}},"221":{"start":{"line":814,"column":8},"end":{"line":814,"column":97}},"222":{"start":{"line":815,"column":8},"end":{"line":815,"column":118}},"223":{"start":{"line":816,"column":8},"end":{"line":816,"column":97}},"224":{"start":{"line":817,"column":8},"end":{"line":817,"column":88}},"225":{"start":{"line":818,"column":8},"end":{"line":818,"column":20}},"226":{"start":{"line":825,"column":19},"end":{"line":825,"column":21}},"227":{"start":{"line":826,"column":20},"end":{"line":826,"column":44}},"228":{"start":{"line":827,"column":8},"end":{"line":827,"column":93}},"229":{"start":{"line":828,"column":8},"end":{"line":828,"column":99}},"230":{"start":{"line":829,"column":8},"end":{"line":829,"column":113}},"231":{"start":{"line":830,"column":8},"end":{"line":830,"column":97}},"232":{"start":{"line":831,"column":8},"end":{"line":831,"column":97}},"233":{"start":{"line":832,"column":8},"end":{"line":832,"column":111}},"234":{"start":{"line":833,"column":8},"end":{"line":833,"column":20}},"235":{"start":{"line":840,"column":19},"end":{"line":840,"column":21}},"236":{"start":{"line":841,"column":21},"end":{"line":841,"column":47}},"237":{"start":{"line":842,"column":8},"end":{"line":842,"column":96}},"238":{"start":{"line":843,"column":8},"end":{"line":843,"column":100}},"239":{"start":{"line":844,"column":8},"end":{"line":844,"column":100}},"240":{"start":{"line":845,"column":8},"end":{"line":845,"column":100}},"241":{"start":{"line":846,"column":8},"end":{"line":846,"column":98}},"242":{"start":{"line":847,"column":8},"end":{"line":847,"column":114}},"243":{"start":{"line":848,"column":8},"end":{"line":848,"column":20}},"244":{"start":{"line":851,"column":0},"end":{"line":851,"column":28}}},"fnMap":{"0":{"name":"(anonymous_0)","decl":{"start":{"line":2,"column":56},"end":{"line":2,"column":57}},"loc":{"start":{"line":2,"column":71},"end":{"line":4,"column":1}},"line":2},"1":{"name":"(anonymous_1)","decl":{"start":{"line":18,"column":4},"end":{"line":18,"column":5}},"loc":{"start":{"line":18,"column":26},"end":{"line":28,"column":5}},"line":18},"2":{"name":"(anonymous_2)","decl":{"start":{"line":33,"column":4},"end":{"line":33,"column":5}},"loc":{"start":{"line":33,"column":17},"end":{"line":37,"column":5}},"line":33},"3":{"name":"(anonymous_3)","decl":{"start":{"line":42,"column":4},"end":{"line":42,"column":5}},"loc":{"start":{"line":42,"column":17},"end":{"line":46,"column":5}},"line":42},"4":{"name":"(anonymous_4)","decl":{"start":{"line":51,"column":4},"end":{"line":51,"column":5}},"loc":{"start":{"line":51,"column":16},"end":{"line":55,"column":5}},"line":51},"5":{"name":"(anonymous_5)","decl":{"start":{"line":60,"column":4},"end":{"line":60,"column":5}},"loc":{"start":{"line":60,"column":18},"end":{"line":64,"column":5}},"line":60},"6":{"name":"(anonymous_6)","decl":{"start":{"line":69,"column":4},"end":{"line":69,"column":5}},"loc":{"start":{"line":69,"column":17},"end":{"line":73,"column":5}},"line":69},"7":{"name":"(anonymous_7)","decl":{"start":{"line":78,"column":4},"end":{"line":78,"column":5}},"loc":{"start":{"line":78,"column":20},"end":{"line":82,"column":5}},"line":78},"8":{"name":"(anonymous_8)","decl":{"start":{"line":87,"column":4},"end":{"line":87,"column":5}},"loc":{"start":{"line":87,"column":25},"end":{"line":91,"column":5}},"line":87},"9":{"name":"(anonymous_9)","decl":{"start":{"line":88,"column":55},"end":{"line":88,"column":56}},"loc":{"start":{"line":88,"column":66},"end":{"line":90,"column":9}},"line":88},"10":{"name":"(anonymous_10)","decl":{"start":{"line":96,"column":4},"end":{"line":96,"column":5}},"loc":{"start":{"line":96,"column":23},"end":{"line":100,"column":5}},"line":96},"11":{"name":"(anonymous_11)","decl":{"start":{"line":97,"column":54},"end":{"line":97,"column":55}},"loc":{"start":{"line":97,"column":64},"end":{"line":99,"column":9}},"line":97},"12":{"name":"(anonymous_12)","decl":{"start":{"line":105,"column":4},"end":{"line":105,"column":5}},"loc":{"start":{"line":105,"column":25},"end":{"line":109,"column":5}},"line":105},"13":{"name":"(anonymous_13)","decl":{"start":{"line":106,"column":55},"end":{"line":106,"column":56}},"loc":{"start":{"line":106,"column":66},"end":{"line":108,"column":9}},"line":106},"14":{"name":"(anonymous_14)","decl":{"start":{"line":114,"column":4},"end":{"line":114,"column":5}},"loc":{"start":{"line":114,"column":27},"end":{"line":118,"column":5}},"line":114},"15":{"name":"(anonymous_15)","decl":{"start":{"line":115,"column":56},"end":{"line":115,"column":57}},"loc":{"start":{"line":115,"column":68},"end":{"line":117,"column":9}},"line":115},"16":{"name":"(anonymous_16)","decl":{"start":{"line":123,"column":4},"end":{"line":123,"column":5}},"loc":{"start":{"line":123,"column":25},"end":{"line":127,"column":5}},"line":123},"17":{"name":"(anonymous_17)","decl":{"start":{"line":124,"column":55},"end":{"line":124,"column":56}},"loc":{"start":{"line":124,"column":66},"end":{"line":126,"column":9}},"line":124},"18":{"name":"(anonymous_18)","decl":{"start":{"line":132,"column":4},"end":{"line":132,"column":5}},"loc":{"start":{"line":132,"column":31},"end":{"line":136,"column":5}},"line":132},"19":{"name":"(anonymous_19)","decl":{"start":{"line":133,"column":58},"end":{"line":133,"column":59}},"loc":{"start":{"line":133,"column":72},"end":{"line":135,"column":9}},"line":133},"20":{"name":"(anonymous_20)","decl":{"start":{"line":141,"column":4},"end":{"line":141,"column":5}},"loc":{"start":{"line":141,"column":20},"end":{"line":143,"column":5}},"line":141},"21":{"name":"(anonymous_21)","decl":{"start":{"line":148,"column":4},"end":{"line":148,"column":5}},"loc":{"start":{"line":148,"column":18},"end":{"line":150,"column":5}},"line":148},"22":{"name":"(anonymous_22)","decl":{"start":{"line":155,"column":4},"end":{"line":155,"column":5}},"loc":{"start":{"line":155,"column":20},"end":{"line":157,"column":5}},"line":155},"23":{"name":"(anonymous_23)","decl":{"start":{"line":162,"column":4},"end":{"line":162,"column":5}},"loc":{"start":{"line":162,"column":22},"end":{"line":164,"column":5}},"line":162},"24":{"name":"(anonymous_24)","decl":{"start":{"line":169,"column":4},"end":{"line":169,"column":5}},"loc":{"start":{"line":169,"column":20},"end":{"line":171,"column":5}},"line":169},"25":{"name":"(anonymous_25)","decl":{"start":{"line":176,"column":4},"end":{"line":176,"column":5}},"loc":{"start":{"line":176,"column":26},"end":{"line":178,"column":5}},"line":176},"26":{"name":"(anonymous_26)","decl":{"start":{"line":184,"column":4},"end":{"line":184,"column":5}},"loc":{"start":{"line":184,"column":24},"end":{"line":187,"column":5}},"line":184},"27":{"name":"(anonymous_27)","decl":{"start":{"line":193,"column":4},"end":{"line":193,"column":5}},"loc":{"start":{"line":193,"column":22},"end":{"line":196,"column":5}},"line":193},"28":{"name":"(anonymous_28)","decl":{"start":{"line":202,"column":4},"end":{"line":202,"column":5}},"loc":{"start":{"line":202,"column":24},"end":{"line":205,"column":5}},"line":202},"29":{"name":"(anonymous_29)","decl":{"start":{"line":211,"column":4},"end":{"line":211,"column":5}},"loc":{"start":{"line":211,"column":26},"end":{"line":214,"column":5}},"line":211},"30":{"name":"(anonymous_30)","decl":{"start":{"line":220,"column":4},"end":{"line":220,"column":5}},"loc":{"start":{"line":220,"column":24},"end":{"line":223,"column":5}},"line":220},"31":{"name":"(anonymous_31)","decl":{"start":{"line":229,"column":4},"end":{"line":229,"column":5}},"loc":{"start":{"line":229,"column":30},"end":{"line":232,"column":5}},"line":229},"32":{"name":"(anonymous_32)","decl":{"start":{"line":238,"column":4},"end":{"line":238,"column":5}},"loc":{"start":{"line":238,"column":43},"end":{"line":249,"column":5}},"line":238},"33":{"name":"(anonymous_33)","decl":{"start":{"line":255,"column":4},"end":{"line":255,"column":5}},"loc":{"start":{"line":255,"column":35},"end":{"line":266,"column":5}},"line":255},"34":{"name":"(anonymous_34)","decl":{"start":{"line":272,"column":4},"end":{"line":272,"column":5}},"loc":{"start":{"line":272,"column":31},"end":{"line":280,"column":5}},"line":272},"35":{"name":"(anonymous_35)","decl":{"start":{"line":274,"column":20},"end":{"line":274,"column":21}},"loc":{"start":{"line":274,"column":28},"end":{"line":274,"column":66}},"line":274},"36":{"name":"(anonymous_36)","decl":{"start":{"line":286,"column":4},"end":{"line":286,"column":5}},"loc":{"start":{"line":286,"column":33},"end":{"line":291,"column":5}},"line":286},"37":{"name":"(anonymous_37)","decl":{"start":{"line":288,"column":20},"end":{"line":288,"column":21}},"loc":{"start":{"line":288,"column":28},"end":{"line":288,"column":54}},"line":288},"38":{"name":"(anonymous_38)","decl":{"start":{"line":290,"column":25},"end":{"line":290,"column":26}},"loc":{"start":{"line":290,"column":30},"end":{"line":290,"column":36}},"line":290},"39":{"name":"(anonymous_39)","decl":{"start":{"line":297,"column":4},"end":{"line":297,"column":5}},"loc":{"start":{"line":297,"column":46},"end":{"line":304,"column":5}},"line":297},"40":{"name":"(anonymous_40)","decl":{"start":{"line":299,"column":73},"end":{"line":299,"column":74}},"loc":{"start":{"line":299,"column":87},"end":{"line":301,"column":9}},"line":299},"41":{"name":"(anonymous_41)","decl":{"start":{"line":309,"column":4},"end":{"line":309,"column":5}},"loc":{"start":{"line":309,"column":33},"end":{"line":312,"column":5}},"line":309},"42":{"name":"(anonymous_42)","decl":{"start":{"line":310,"column":72},"end":{"line":310,"column":73}},"loc":{"start":{"line":310,"column":84},"end":{"line":310,"column":114}},"line":310},"43":{"name":"(anonymous_43)","decl":{"start":{"line":318,"column":4},"end":{"line":318,"column":5}},"loc":{"start":{"line":318,"column":51},"end":{"line":324,"column":5}},"line":318},"44":{"name":"(anonymous_44)","decl":{"start":{"line":320,"column":72},"end":{"line":320,"column":73}},"loc":{"start":{"line":320,"column":84},"end":{"line":320,"column":114}},"line":320},"45":{"name":"(anonymous_45)","decl":{"start":{"line":325,"column":4},"end":{"line":325,"column":5}},"loc":{"start":{"line":325,"column":50},"end":{"line":330,"column":5}},"line":325},"46":{"name":"(anonymous_46)","decl":{"start":{"line":335,"column":4},"end":{"line":335,"column":5}},"loc":{"start":{"line":335,"column":20},"end":{"line":344,"column":5}},"line":335},"47":{"name":"(anonymous_47)","decl":{"start":{"line":338,"column":49},"end":{"line":338,"column":50}},"loc":{"start":{"line":338,"column":63},"end":{"line":342,"column":9}},"line":338},"48":{"name":"(anonymous_48)","decl":{"start":{"line":349,"column":4},"end":{"line":349,"column":5}},"loc":{"start":{"line":349,"column":31},"end":{"line":367,"column":5}},"line":349},"49":{"name":"(anonymous_49)","decl":{"start":{"line":354,"column":35},"end":{"line":354,"column":36}},"loc":{"start":{"line":354,"column":45},"end":{"line":361,"column":13}},"line":354},"50":{"name":"(anonymous_50)","decl":{"start":{"line":372,"column":4},"end":{"line":372,"column":5}},"loc":{"start":{"line":372,"column":41},"end":{"line":397,"column":5}},"line":372},"51":{"name":"(anonymous_51)","decl":{"start":{"line":381,"column":21},"end":{"line":381,"column":22}},"loc":{"start":{"line":381,"column":35},"end":{"line":388,"column":9}},"line":381},"52":{"name":"(anonymous_52)","decl":{"start":{"line":398,"column":4},"end":{"line":398,"column":5}},"loc":{"start":{"line":398,"column":39},"end":{"line":420,"column":5}},"line":398},"53":{"name":"(anonymous_53)","decl":{"start":{"line":403,"column":21},"end":{"line":403,"column":22}},"loc":{"start":{"line":403,"column":35},"end":{"line":415,"column":9}},"line":403},"54":{"name":"(anonymous_54)","decl":{"start":{"line":406,"column":38},"end":{"line":406,"column":39}},"loc":{"start":{"line":406,"column":53},"end":{"line":410,"column":17}},"line":406},"55":{"name":"(anonymous_55)","decl":{"start":{"line":426,"column":4},"end":{"line":426,"column":5}},"loc":{"start":{"line":426,"column":39},"end":{"line":438,"column":5}},"line":426},"56":{"name":"(anonymous_56)","decl":{"start":{"line":428,"column":72},"end":{"line":428,"column":73}},"loc":{"start":{"line":428,"column":84},"end":{"line":428,"column":114}},"line":428},"57":{"name":"(anonymous_57)","decl":{"start":{"line":429,"column":119},"end":{"line":429,"column":120}},"loc":{"start":{"line":429,"column":137},"end":{"line":436,"column":9}},"line":429},"58":{"name":"(anonymous_58)","decl":{"start":{"line":443,"column":4},"end":{"line":443,"column":5}},"loc":{"start":{"line":443,"column":43},"end":{"line":450,"column":5}},"line":443},"59":{"name":"(anonymous_59)","decl":{"start":{"line":445,"column":72},"end":{"line":445,"column":73}},"loc":{"start":{"line":445,"column":84},"end":{"line":445,"column":114}},"line":445},"60":{"name":"(anonymous_60)","decl":{"start":{"line":446,"column":119},"end":{"line":446,"column":120}},"loc":{"start":{"line":446,"column":137},"end":{"line":448,"column":9}},"line":446},"61":{"name":"(anonymous_61)","decl":{"start":{"line":455,"column":4},"end":{"line":455,"column":5}},"loc":{"start":{"line":455,"column":45},"end":{"line":465,"column":5}},"line":455},"62":{"name":"(anonymous_62)","decl":{"start":{"line":457,"column":72},"end":{"line":457,"column":73}},"loc":{"start":{"line":457,"column":84},"end":{"line":457,"column":114}},"line":457},"63":{"name":"(anonymous_63)","decl":{"start":{"line":458,"column":119},"end":{"line":458,"column":120}},"loc":{"start":{"line":458,"column":137},"end":{"line":463,"column":9}},"line":458},"64":{"name":"(anonymous_64)","decl":{"start":{"line":470,"column":4},"end":{"line":470,"column":5}},"loc":{"start":{"line":470,"column":31},"end":{"line":480,"column":5}},"line":470},"65":{"name":"(anonymous_65)","decl":{"start":{"line":472,"column":72},"end":{"line":472,"column":73}},"loc":{"start":{"line":472,"column":84},"end":{"line":472,"column":114}},"line":472},"66":{"name":"(anonymous_66)","decl":{"start":{"line":473,"column":119},"end":{"line":473,"column":120}},"loc":{"start":{"line":473,"column":137},"end":{"line":478,"column":9}},"line":473},"67":{"name":"(anonymous_67)","decl":{"start":{"line":485,"column":4},"end":{"line":485,"column":5}},"loc":{"start":{"line":485,"column":43},"end":{"line":495,"column":5}},"line":485},"68":{"name":"(anonymous_68)","decl":{"start":{"line":487,"column":72},"end":{"line":487,"column":73}},"loc":{"start":{"line":487,"column":84},"end":{"line":487,"column":114}},"line":487},"69":{"name":"(anonymous_69)","decl":{"start":{"line":488,"column":119},"end":{"line":488,"column":120}},"loc":{"start":{"line":488,"column":137},"end":{"line":493,"column":9}},"line":488},"70":{"name":"(anonymous_70)","decl":{"start":{"line":500,"column":4},"end":{"line":500,"column":5}},"loc":{"start":{"line":500,"column":27},"end":{"line":503,"column":5}},"line":500},"71":{"name":"(anonymous_71)","decl":{"start":{"line":508,"column":4},"end":{"line":508,"column":5}},"loc":{"start":{"line":508,"column":29},"end":{"line":511,"column":5}},"line":508},"72":{"name":"(anonymous_72)","decl":{"start":{"line":516,"column":4},"end":{"line":516,"column":5}},"loc":{"start":{"line":516,"column":27},"end":{"line":519,"column":5}},"line":516},"73":{"name":"(anonymous_73)","decl":{"start":{"line":524,"column":4},"end":{"line":524,"column":5}},"loc":{"start":{"line":524,"column":25},"end":{"line":527,"column":5}},"line":524},"74":{"name":"(anonymous_74)","decl":{"start":{"line":532,"column":4},"end":{"line":532,"column":5}},"loc":{"start":{"line":532,"column":27},"end":{"line":535,"column":5}},"line":532},"75":{"name":"(anonymous_75)","decl":{"start":{"line":541,"column":4},"end":{"line":541,"column":5}},"loc":{"start":{"line":541,"column":48},"end":{"line":546,"column":5}},"line":541},"76":{"name":"(anonymous_76)","decl":{"start":{"line":552,"column":4},"end":{"line":552,"column":5}},"loc":{"start":{"line":552,"column":46},"end":{"line":557,"column":5}},"line":552},"77":{"name":"(anonymous_77)","decl":{"start":{"line":563,"column":4},"end":{"line":563,"column":5}},"loc":{"start":{"line":563,"column":44},"end":{"line":568,"column":5}},"line":563},"78":{"name":"(anonymous_78)","decl":{"start":{"line":574,"column":4},"end":{"line":574,"column":5}},"loc":{"start":{"line":574,"column":49},"end":{"line":579,"column":5}},"line":574},"79":{"name":"(anonymous_79)","decl":{"start":{"line":585,"column":4},"end":{"line":585,"column":5}},"loc":{"start":{"line":585,"column":49},"end":{"line":590,"column":5}},"line":585},"80":{"name":"(anonymous_80)","decl":{"start":{"line":596,"column":4},"end":{"line":596,"column":5}},"loc":{"start":{"line":596,"column":49},"end":{"line":601,"column":5}},"line":596},"81":{"name":"(anonymous_81)","decl":{"start":{"line":607,"column":4},"end":{"line":607,"column":5}},"loc":{"start":{"line":607,"column":47},"end":{"line":612,"column":5}},"line":607},"82":{"name":"(anonymous_82)","decl":{"start":{"line":618,"column":4},"end":{"line":618,"column":5}},"loc":{"start":{"line":618,"column":69},"end":{"line":623,"column":5}},"line":618},"83":{"name":"(anonymous_83)","decl":{"start":{"line":629,"column":4},"end":{"line":629,"column":5}},"loc":{"start":{"line":629,"column":48},"end":{"line":634,"column":5}},"line":629},"84":{"name":"(anonymous_84)","decl":{"start":{"line":640,"column":4},"end":{"line":640,"column":5}},"loc":{"start":{"line":640,"column":58},"end":{"line":645,"column":5}},"line":640},"85":{"name":"(anonymous_85)","decl":{"start":{"line":651,"column":4},"end":{"line":651,"column":5}},"loc":{"start":{"line":651,"column":46},"end":{"line":656,"column":5}},"line":651},"86":{"name":"(anonymous_86)","decl":{"start":{"line":662,"column":4},"end":{"line":662,"column":5}},"loc":{"start":{"line":662,"column":46},"end":{"line":667,"column":5}},"line":662},"87":{"name":"(anonymous_87)","decl":{"start":{"line":673,"column":4},"end":{"line":673,"column":5}},"loc":{"start":{"line":673,"column":66},"end":{"line":678,"column":5}},"line":673},"88":{"name":"(anonymous_88)","decl":{"start":{"line":684,"column":4},"end":{"line":684,"column":5}},"loc":{"start":{"line":684,"column":46},"end":{"line":689,"column":5}},"line":684},"89":{"name":"(anonymous_89)","decl":{"start":{"line":695,"column":4},"end":{"line":695,"column":5}},"loc":{"start":{"line":695,"column":64},"end":{"line":700,"column":5}},"line":695},"90":{"name":"(anonymous_90)","decl":{"start":{"line":706,"column":4},"end":{"line":706,"column":5}},"loc":{"start":{"line":706,"column":46},"end":{"line":711,"column":5}},"line":706},"91":{"name":"(anonymous_91)","decl":{"start":{"line":717,"column":4},"end":{"line":717,"column":5}},"loc":{"start":{"line":717,"column":44},"end":{"line":722,"column":5}},"line":717},"92":{"name":"(anonymous_92)","decl":{"start":{"line":728,"column":4},"end":{"line":728,"column":5}},"loc":{"start":{"line":728,"column":43},"end":{"line":733,"column":5}},"line":728},"93":{"name":"(anonymous_93)","decl":{"start":{"line":739,"column":4},"end":{"line":739,"column":5}},"loc":{"start":{"line":739,"column":47},"end":{"line":744,"column":5}},"line":739},"94":{"name":"(anonymous_94)","decl":{"start":{"line":750,"column":4},"end":{"line":750,"column":5}},"loc":{"start":{"line":750,"column":43},"end":{"line":755,"column":5}},"line":750},"95":{"name":"(anonymous_95)","decl":{"start":{"line":761,"column":4},"end":{"line":761,"column":5}},"loc":{"start":{"line":761,"column":43},"end":{"line":766,"column":5}},"line":761},"96":{"name":"(anonymous_96)","decl":{"start":{"line":772,"column":4},"end":{"line":772,"column":5}},"loc":{"start":{"line":772,"column":71},"end":{"line":777,"column":5}},"line":772},"97":{"name":"(anonymous_97)","decl":{"start":{"line":782,"column":4},"end":{"line":782,"column":5}},"loc":{"start":{"line":782,"column":23},"end":{"line":792,"column":5}},"line":782},"98":{"name":"(anonymous_98)","decl":{"start":{"line":797,"column":4},"end":{"line":797,"column":5}},"loc":{"start":{"line":797,"column":25},"end":{"line":805,"column":5}},"line":797},"99":{"name":"(anonymous_99)","decl":{"start":{"line":810,"column":4},"end":{"line":810,"column":5}},"loc":{"start":{"line":810,"column":25},"end":{"line":819,"column":5}},"line":810},"100":{"name":"(anonymous_100)","decl":{"start":{"line":824,"column":4},"end":{"line":824,"column":5}},"loc":{"start":{"line":824,"column":25},"end":{"line":834,"column":5}},"line":824},"101":{"name":"(anonymous_101)","decl":{"start":{"line":839,"column":4},"end":{"line":839,"column":5}},"loc":{"start":{"line":839,"column":27},"end":{"line":849,"column":5}},"line":839}},"branchMap":{"0":{"loc":{"start":{"line":2,"column":22},"end":{"line":4,"column":1}},"type":"binary-expr","locations":[{"start":{"line":2,"column":23},"end":{"line":2,"column":27}},{"start":{"line":2,"column":31},"end":{"line":2,"column":51}},{"start":{"line":2,"column":56},"end":{"line":4,"column":1}}],"line":2},"1":{"loc":{"start":{"line":3,"column":11},"end":{"line":3,"column":61}},"type":"cond-expr","locations":[{"start":{"line":3,"column":37},"end":{"line":3,"column":40}},{"start":{"line":3,"column":43},"end":{"line":3,"column":61}}],"line":3},"2":{"loc":{"start":{"line":3,"column":12},"end":{"line":3,"column":33}},"type":"binary-expr","locations":[{"start":{"line":3,"column":12},"end":{"line":3,"column":15}},{"start":{"line":3,"column":19},"end":{"line":3,"column":33}}],"line":3},"3":{"loc":{"start":{"line":34,"column":8},"end":{"line":36,"column":9}},"type":"if","locations":[{"start":{"line":34,"column":8},"end":{"line":36,"column":9}},{"start":{"line":34,"column":8},"end":{"line":36,"column":9}}],"line":34},"4":{"loc":{"start":{"line":43,"column":8},"end":{"line":45,"column":9}},"type":"if","locations":[{"start":{"line":43,"column":8},"end":{"line":45,"column":9}},{"start":{"line":43,"column":8},"end":{"line":45,"column":9}}],"line":43},"5":{"loc":{"start":{"line":52,"column":8},"end":{"line":54,"column":9}},"type":"if","locations":[{"start":{"line":52,"column":8},"end":{"line":54,"column":9}},{"start":{"line":52,"column":8},"end":{"line":54,"column":9}}],"line":52},"6":{"loc":{"start":{"line":61,"column":8},"end":{"line":63,"column":9}},"type":"if","locations":[{"start":{"line":61,"column":8},"end":{"line":63,"column":9}},{"start":{"line":61,"column":8},"end":{"line":63,"column":9}}],"line":61},"7":{"loc":{"start":{"line":70,"column":8},"end":{"line":72,"column":9}},"type":"if","locations":[{"start":{"line":70,"column":8},"end":{"line":72,"column":9}},{"start":{"line":70,"column":8},"end":{"line":72,"column":9}}],"line":70},"8":{"loc":{"start":{"line":79,"column":8},"end":{"line":81,"column":9}},"type":"if","locations":[{"start":{"line":79,"column":8},"end":{"line":81,"column":9}},{"start":{"line":79,"column":8},"end":{"line":81,"column":9}}],"line":79},"9":{"loc":{"start":{"line":240,"column":8},"end":{"line":247,"column":9}},"type":"if","locations":[{"start":{"line":240,"column":8},"end":{"line":247,"column":9}},{"start":{"line":240,"column":8},"end":{"line":247,"column":9}}],"line":240},"10":{"loc":{"start":{"line":257,"column":8},"end":{"line":264,"column":9}},"type":"if","locations":[{"start":{"line":257,"column":8},"end":{"line":264,"column":9}},{"start":{"line":257,"column":8},"end":{"line":264,"column":9}}],"line":257},"11":{"loc":{"start":{"line":276,"column":8},"end":{"line":279,"column":22}},"type":"if","locations":[{"start":{"line":276,"column":8},"end":{"line":279,"column":22}},{"start":{"line":276,"column":8},"end":{"line":279,"column":22}}],"line":276},"12":{"loc":{"start":{"line":302,"column":8},"end":{"line":302,"column":128}},"type":"cond-expr","locations":[{"start":{"line":302,"column":96},"end":{"line":302,"column":102}},{"start":{"line":302,"column":105},"end":{"line":302,"column":128}}],"line":302},"13":{"loc":{"start":{"line":302,"column":8},"end":{"line":302,"column":93}},"type":"binary-expr","locations":[{"start":{"line":302,"column":8},"end":{"line":302,"column":76}},{"start":{"line":302,"column":80},"end":{"line":302,"column":93}}],"line":302},"14":{"loc":{"start":{"line":322,"column":8},"end":{"line":322,"column":134}},"type":"cond-expr","locations":[{"start":{"line":322,"column":96},"end":{"line":322,"column":102}},{"start":{"line":322,"column":105},"end":{"line":322,"column":134}}],"line":322},"15":{"loc":{"start":{"line":322,"column":8},"end":{"line":322,"column":93}},"type":"binary-expr","locations":[{"start":{"line":322,"column":8},"end":{"line":322,"column":76}},{"start":{"line":322,"column":80},"end":{"line":322,"column":93}}],"line":322},"16":{"loc":{"start":{"line":352,"column":8},"end":{"line":365,"column":9}},"type":"if","locations":[{"start":{"line":352,"column":8},"end":{"line":365,"column":9}},{"start":{"line":352,"column":8},"end":{"line":365,"column":9}}],"line":352},"17":{"loc":{"start":{"line":356,"column":16},"end":{"line":360,"column":17}},"type":"if","locations":[{"start":{"line":356,"column":16},"end":{"line":360,"column":17}},{"start":{"line":356,"column":16},"end":{"line":360,"column":17}}],"line":356},"18":{"loc":{"start":{"line":384,"column":26},"end":{"line":385,"column":90}},"type":"cond-expr","locations":[{"start":{"line":385,"column":70},"end":{"line":385,"column":76}},{"start":{"line":385,"column":79},"end":{"line":385,"column":90}}],"line":384},"19":{"loc":{"start":{"line":384,"column":26},"end":{"line":385,"column":67}},"type":"binary-expr","locations":[{"start":{"line":384,"column":26},"end":{"line":385,"column":50}},{"start":{"line":385,"column":54},"end":{"line":385,"column":67}}],"line":384},"20":{"loc":{"start":{"line":405,"column":12},"end":{"line":414,"column":13}},"type":"if","locations":[{"start":{"line":405,"column":12},"end":{"line":414,"column":13}},{"start":{"line":405,"column":12},"end":{"line":414,"column":13}}],"line":405},"21":{"loc":{"start":{"line":407,"column":20},"end":{"line":409,"column":21}},"type":"if","locations":[{"start":{"line":407,"column":20},"end":{"line":409,"column":21}},{"start":{"line":407,"column":20},"end":{"line":409,"column":21}}],"line":407},"22":{"loc":{"start":{"line":429,"column":8},"end":{"line":436,"column":10}},"type":"cond-expr","locations":[{"start":{"line":429,"column":96},"end":{"line":429,"column":102}},{"start":{"line":429,"column":105},"end":{"line":436,"column":10}}],"line":429},"23":{"loc":{"start":{"line":429,"column":8},"end":{"line":429,"column":93}},"type":"binary-expr","locations":[{"start":{"line":429,"column":8},"end":{"line":429,"column":76}},{"start":{"line":429,"column":80},"end":{"line":429,"column":93}}],"line":429},"24":{"loc":{"start":{"line":431,"column":25},"end":{"line":431,"column":135}},"type":"cond-expr","locations":[{"start":{"line":431,"column":114},"end":{"line":431,"column":120}},{"start":{"line":431,"column":123},"end":{"line":431,"column":135}}],"line":431},"25":{"loc":{"start":{"line":431,"column":25},"end":{"line":431,"column":111}},"type":"binary-expr","locations":[{"start":{"line":431,"column":25},"end":{"line":431,"column":94}},{"start":{"line":431,"column":98},"end":{"line":431,"column":111}}],"line":431},"26":{"loc":{"start":{"line":432,"column":25},"end":{"line":432,"column":135}},"type":"cond-expr","locations":[{"start":{"line":432,"column":114},"end":{"line":432,"column":120}},{"start":{"line":432,"column":123},"end":{"line":432,"column":135}}],"line":432},"27":{"loc":{"start":{"line":432,"column":25},"end":{"line":432,"column":111}},"type":"binary-expr","locations":[{"start":{"line":432,"column":25},"end":{"line":432,"column":94}},{"start":{"line":432,"column":98},"end":{"line":432,"column":111}}],"line":432},"28":{"loc":{"start":{"line":446,"column":8},"end":{"line":448,"column":10}},"type":"cond-expr","locations":[{"start":{"line":446,"column":96},"end":{"line":446,"column":102}},{"start":{"line":446,"column":105},"end":{"line":448,"column":10}}],"line":446},"29":{"loc":{"start":{"line":446,"column":8},"end":{"line":446,"column":93}},"type":"binary-expr","locations":[{"start":{"line":446,"column":8},"end":{"line":446,"column":76}},{"start":{"line":446,"column":80},"end":{"line":446,"column":93}}],"line":446},"30":{"loc":{"start":{"line":458,"column":8},"end":{"line":463,"column":10}},"type":"cond-expr","locations":[{"start":{"line":458,"column":96},"end":{"line":458,"column":102}},{"start":{"line":458,"column":105},"end":{"line":463,"column":10}}],"line":458},"31":{"loc":{"start":{"line":458,"column":8},"end":{"line":458,"column":93}},"type":"binary-expr","locations":[{"start":{"line":458,"column":8},"end":{"line":458,"column":76}},{"start":{"line":458,"column":80},"end":{"line":458,"column":93}}],"line":458},"32":{"loc":{"start":{"line":460,"column":26},"end":{"line":460,"column":133}},"type":"cond-expr","locations":[{"start":{"line":460,"column":115},"end":{"line":460,"column":121}},{"start":{"line":460,"column":124},"end":{"line":460,"column":133}}],"line":460},"33":{"loc":{"start":{"line":460,"column":26},"end":{"line":460,"column":112}},"type":"binary-expr","locations":[{"start":{"line":460,"column":26},"end":{"line":460,"column":95}},{"start":{"line":460,"column":99},"end":{"line":460,"column":112}}],"line":460},"34":{"loc":{"start":{"line":461,"column":26},"end":{"line":461,"column":133}},"type":"cond-expr","locations":[{"start":{"line":461,"column":115},"end":{"line":461,"column":121}},{"start":{"line":461,"column":124},"end":{"line":461,"column":133}}],"line":461},"35":{"loc":{"start":{"line":461,"column":26},"end":{"line":461,"column":112}},"type":"binary-expr","locations":[{"start":{"line":461,"column":26},"end":{"line":461,"column":95}},{"start":{"line":461,"column":99},"end":{"line":461,"column":112}}],"line":461},"36":{"loc":{"start":{"line":473,"column":8},"end":{"line":478,"column":10}},"type":"cond-expr","locations":[{"start":{"line":473,"column":96},"end":{"line":473,"column":102}},{"start":{"line":473,"column":105},"end":{"line":478,"column":10}}],"line":473},"37":{"loc":{"start":{"line":473,"column":8},"end":{"line":473,"column":93}},"type":"binary-expr","locations":[{"start":{"line":473,"column":8},"end":{"line":473,"column":76}},{"start":{"line":473,"column":80},"end":{"line":473,"column":93}}],"line":473},"38":{"loc":{"start":{"line":475,"column":28},"end":{"line":475,"column":137}},"type":"cond-expr","locations":[{"start":{"line":475,"column":117},"end":{"line":475,"column":123}},{"start":{"line":475,"column":126},"end":{"line":475,"column":137}}],"line":475},"39":{"loc":{"start":{"line":475,"column":28},"end":{"line":475,"column":114}},"type":"binary-expr","locations":[{"start":{"line":475,"column":28},"end":{"line":475,"column":97}},{"start":{"line":475,"column":101},"end":{"line":475,"column":114}}],"line":475},"40":{"loc":{"start":{"line":476,"column":28},"end":{"line":476,"column":137}},"type":"cond-expr","locations":[{"start":{"line":476,"column":117},"end":{"line":476,"column":123}},{"start":{"line":476,"column":126},"end":{"line":476,"column":137}}],"line":476},"41":{"loc":{"start":{"line":476,"column":28},"end":{"line":476,"column":114}},"type":"binary-expr","locations":[{"start":{"line":476,"column":28},"end":{"line":476,"column":97}},{"start":{"line":476,"column":101},"end":{"line":476,"column":114}}],"line":476},"42":{"loc":{"start":{"line":488,"column":8},"end":{"line":493,"column":10}},"type":"cond-expr","locations":[{"start":{"line":488,"column":96},"end":{"line":488,"column":102}},{"start":{"line":488,"column":105},"end":{"line":493,"column":10}}],"line":488},"43":{"loc":{"start":{"line":488,"column":8},"end":{"line":488,"column":93}},"type":"binary-expr","locations":[{"start":{"line":488,"column":8},"end":{"line":488,"column":76}},{"start":{"line":488,"column":80},"end":{"line":488,"column":93}}],"line":488},"44":{"loc":{"start":{"line":490,"column":33},"end":{"line":490,"column":153}},"type":"cond-expr","locations":[{"start":{"line":490,"column":122},"end":{"line":490,"column":128}},{"start":{"line":490,"column":131},"end":{"line":490,"column":153}}],"line":490},"45":{"loc":{"start":{"line":490,"column":33},"end":{"line":490,"column":119}},"type":"binary-expr","locations":[{"start":{"line":490,"column":33},"end":{"line":490,"column":102}},{"start":{"line":490,"column":106},"end":{"line":490,"column":119}}],"line":490},"46":{"loc":{"start":{"line":491,"column":33},"end":{"line":491,"column":153}},"type":"cond-expr","locations":[{"start":{"line":491,"column":122},"end":{"line":491,"column":128}},{"start":{"line":491,"column":131},"end":{"line":491,"column":153}}],"line":491},"47":{"loc":{"start":{"line":491,"column":33},"end":{"line":491,"column":119}},"type":"binary-expr","locations":[{"start":{"line":491,"column":33},"end":{"line":491,"column":102}},{"start":{"line":491,"column":106},"end":{"line":491,"column":119}}],"line":491},"48":{"loc":{"start":{"line":785,"column":28},"end":{"line":785,"column":81}},"type":"cond-expr","locations":[{"start":{"line":785,"column":63},"end":{"line":785,"column":69}},{"start":{"line":785,"column":72},"end":{"line":785,"column":81}}],"line":785},"49":{"loc":{"start":{"line":785,"column":28},"end":{"line":785,"column":60}},"type":"binary-expr","locations":[{"start":{"line":785,"column":28},"end":{"line":785,"column":41}},{"start":{"line":785,"column":45},"end":{"line":785,"column":60}}],"line":785},"50":{"loc":{"start":{"line":786,"column":30},"end":{"line":786,"column":85}},"type":"cond-expr","locations":[{"start":{"line":786,"column":65},"end":{"line":786,"column":71}},{"start":{"line":786,"column":74},"end":{"line":786,"column":85}}],"line":786},"51":{"loc":{"start":{"line":786,"column":30},"end":{"line":786,"column":62}},"type":"binary-expr","locations":[{"start":{"line":786,"column":30},"end":{"line":786,"column":43}},{"start":{"line":786,"column":47},"end":{"line":786,"column":62}}],"line":786},"52":{"loc":{"start":{"line":787,"column":32},"end":{"line":787,"column":89}},"type":"cond-expr","locations":[{"start":{"line":787,"column":67},"end":{"line":787,"column":73}},{"start":{"line":787,"column":76},"end":{"line":787,"column":89}}],"line":787},"53":{"loc":{"start":{"line":787,"column":32},"end":{"line":787,"column":64}},"type":"binary-expr","locations":[{"start":{"line":787,"column":32},"end":{"line":787,"column":45}},{"start":{"line":787,"column":49},"end":{"line":787,"column":64}}],"line":787},"54":{"loc":{"start":{"line":788,"column":30},"end":{"line":788,"column":85}},"type":"cond-expr","locations":[{"start":{"line":788,"column":65},"end":{"line":788,"column":71}},{"start":{"line":788,"column":74},"end":{"line":788,"column":85}}],"line":788},"55":{"loc":{"start":{"line":788,"column":30},"end":{"line":788,"column":62}},"type":"binary-expr","locations":[{"start":{"line":788,"column":30},"end":{"line":788,"column":43}},{"start":{"line":788,"column":47},"end":{"line":788,"column":62}}],"line":788},"56":{"loc":{"start":{"line":789,"column":30},"end":{"line":789,"column":85}},"type":"cond-expr","locations":[{"start":{"line":789,"column":65},"end":{"line":789,"column":71}},{"start":{"line":789,"column":74},"end":{"line":789,"column":85}}],"line":789},"57":{"loc":{"start":{"line":789,"column":30},"end":{"line":789,"column":62}},"type":"binary-expr","locations":[{"start":{"line":789,"column":30},"end":{"line":789,"column":43}},{"start":{"line":789,"column":47},"end":{"line":789,"column":62}}],"line":789},"58":{"loc":{"start":{"line":790,"column":47},"end":{"line":790,"column":115}},"type":"cond-expr","locations":[{"start":{"line":790,"column":82},"end":{"line":790,"column":88}},{"start":{"line":790,"column":91},"end":{"line":790,"column":115}}],"line":790},"59":{"loc":{"start":{"line":790,"column":47},"end":{"line":790,"column":79}},"type":"binary-expr","locations":[{"start":{"line":790,"column":47},"end":{"line":790,"column":60}},{"start":{"line":790,"column":64},"end":{"line":790,"column":79}}],"line":790},"60":{"loc":{"start":{"line":800,"column":28},"end":{"line":800,"column":84}},"type":"cond-expr","locations":[{"start":{"line":800,"column":65},"end":{"line":800,"column":71}},{"start":{"line":800,"column":74},"end":{"line":800,"column":84}}],"line":800},"61":{"loc":{"start":{"line":800,"column":28},"end":{"line":800,"column":62}},"type":"binary-expr","locations":[{"start":{"line":800,"column":28},"end":{"line":800,"column":42}},{"start":{"line":800,"column":46},"end":{"line":800,"column":62}}],"line":800},"62":{"loc":{"start":{"line":801,"column":31},"end":{"line":801,"column":90}},"type":"cond-expr","locations":[{"start":{"line":801,"column":68},"end":{"line":801,"column":74}},{"start":{"line":801,"column":77},"end":{"line":801,"column":90}}],"line":801},"63":{"loc":{"start":{"line":801,"column":31},"end":{"line":801,"column":65}},"type":"binary-expr","locations":[{"start":{"line":801,"column":31},"end":{"line":801,"column":45}},{"start":{"line":801,"column":49},"end":{"line":801,"column":65}}],"line":801},"64":{"loc":{"start":{"line":802,"column":30},"end":{"line":802,"column":88}},"type":"cond-expr","locations":[{"start":{"line":802,"column":67},"end":{"line":802,"column":73}},{"start":{"line":802,"column":76},"end":{"line":802,"column":88}}],"line":802},"65":{"loc":{"start":{"line":802,"column":30},"end":{"line":802,"column":64}},"type":"binary-expr","locations":[{"start":{"line":802,"column":30},"end":{"line":802,"column":44}},{"start":{"line":802,"column":48},"end":{"line":802,"column":64}}],"line":802},"66":{"loc":{"start":{"line":803,"column":29},"end":{"line":803,"column":86}},"type":"cond-expr","locations":[{"start":{"line":803,"column":66},"end":{"line":803,"column":72}},{"start":{"line":803,"column":75},"end":{"line":803,"column":86}}],"line":803},"67":{"loc":{"start":{"line":803,"column":29},"end":{"line":803,"column":63}},"type":"binary-expr","locations":[{"start":{"line":803,"column":29},"end":{"line":803,"column":43}},{"start":{"line":803,"column":47},"end":{"line":803,"column":63}}],"line":803},"68":{"loc":{"start":{"line":813,"column":28},"end":{"line":813,"column":84}},"type":"cond-expr","locations":[{"start":{"line":813,"column":65},"end":{"line":813,"column":71}},{"start":{"line":813,"column":74},"end":{"line":813,"column":84}}],"line":813},"69":{"loc":{"start":{"line":813,"column":28},"end":{"line":813,"column":62}},"type":"binary-expr","locations":[{"start":{"line":813,"column":28},"end":{"line":813,"column":42}},{"start":{"line":813,"column":46},"end":{"line":813,"column":62}}],"line":813},"70":{"loc":{"start":{"line":814,"column":30},"end":{"line":814,"column":88}},"type":"cond-expr","locations":[{"start":{"line":814,"column":67},"end":{"line":814,"column":73}},{"start":{"line":814,"column":76},"end":{"line":814,"column":88}}],"line":814},"71":{"loc":{"start":{"line":814,"column":30},"end":{"line":814,"column":64}},"type":"binary-expr","locations":[{"start":{"line":814,"column":30},"end":{"line":814,"column":44}},{"start":{"line":814,"column":48},"end":{"line":814,"column":64}}],"line":814},"72":{"loc":{"start":{"line":815,"column":42},"end":{"line":815,"column":109}},"type":"cond-expr","locations":[{"start":{"line":815,"column":79},"end":{"line":815,"column":85}},{"start":{"line":815,"column":88},"end":{"line":815,"column":109}}],"line":815},"73":{"loc":{"start":{"line":815,"column":42},"end":{"line":815,"column":76}},"type":"binary-expr","locations":[{"start":{"line":815,"column":42},"end":{"line":815,"column":56}},{"start":{"line":815,"column":60},"end":{"line":815,"column":76}}],"line":815},"74":{"loc":{"start":{"line":816,"column":30},"end":{"line":816,"column":88}},"type":"cond-expr","locations":[{"start":{"line":816,"column":67},"end":{"line":816,"column":73}},{"start":{"line":816,"column":76},"end":{"line":816,"column":88}}],"line":816},"75":{"loc":{"start":{"line":816,"column":30},"end":{"line":816,"column":64}},"type":"binary-expr","locations":[{"start":{"line":816,"column":30},"end":{"line":816,"column":44}},{"start":{"line":816,"column":48},"end":{"line":816,"column":64}}],"line":816},"76":{"loc":{"start":{"line":817,"column":29},"end":{"line":817,"column":86}},"type":"cond-expr","locations":[{"start":{"line":817,"column":66},"end":{"line":817,"column":72}},{"start":{"line":817,"column":75},"end":{"line":817,"column":86}}],"line":817},"77":{"loc":{"start":{"line":817,"column":29},"end":{"line":817,"column":63}},"type":"binary-expr","locations":[{"start":{"line":817,"column":29},"end":{"line":817,"column":43}},{"start":{"line":817,"column":47},"end":{"line":817,"column":63}}],"line":817},"78":{"loc":{"start":{"line":827,"column":28},"end":{"line":827,"column":84}},"type":"cond-expr","locations":[{"start":{"line":827,"column":65},"end":{"line":827,"column":71}},{"start":{"line":827,"column":74},"end":{"line":827,"column":84}}],"line":827},"79":{"loc":{"start":{"line":827,"column":28},"end":{"line":827,"column":62}},"type":"binary-expr","locations":[{"start":{"line":827,"column":28},"end":{"line":827,"column":42}},{"start":{"line":827,"column":46},"end":{"line":827,"column":62}}],"line":827},"80":{"loc":{"start":{"line":828,"column":31},"end":{"line":828,"column":90}},"type":"cond-expr","locations":[{"start":{"line":828,"column":68},"end":{"line":828,"column":74}},{"start":{"line":828,"column":77},"end":{"line":828,"column":90}}],"line":828},"81":{"loc":{"start":{"line":828,"column":31},"end":{"line":828,"column":65}},"type":"binary-expr","locations":[{"start":{"line":828,"column":31},"end":{"line":828,"column":45}},{"start":{"line":828,"column":49},"end":{"line":828,"column":65}}],"line":828},"82":{"loc":{"start":{"line":829,"column":40},"end":{"line":829,"column":104}},"type":"cond-expr","locations":[{"start":{"line":829,"column":77},"end":{"line":829,"column":83}},{"start":{"line":829,"column":86},"end":{"line":829,"column":104}}],"line":829},"83":{"loc":{"start":{"line":829,"column":40},"end":{"line":829,"column":74}},"type":"binary-expr","locations":[{"start":{"line":829,"column":40},"end":{"line":829,"column":54}},{"start":{"line":829,"column":58},"end":{"line":829,"column":74}}],"line":829},"84":{"loc":{"start":{"line":830,"column":30},"end":{"line":830,"column":88}},"type":"cond-expr","locations":[{"start":{"line":830,"column":67},"end":{"line":830,"column":73}},{"start":{"line":830,"column":76},"end":{"line":830,"column":88}}],"line":830},"85":{"loc":{"start":{"line":830,"column":30},"end":{"line":830,"column":64}},"type":"binary-expr","locations":[{"start":{"line":830,"column":30},"end":{"line":830,"column":44}},{"start":{"line":830,"column":48},"end":{"line":830,"column":64}}],"line":830},"86":{"loc":{"start":{"line":831,"column":30},"end":{"line":831,"column":88}},"type":"cond-expr","locations":[{"start":{"line":831,"column":67},"end":{"line":831,"column":73}},{"start":{"line":831,"column":76},"end":{"line":831,"column":88}}],"line":831},"87":{"loc":{"start":{"line":831,"column":30},"end":{"line":831,"column":64}},"type":"binary-expr","locations":[{"start":{"line":831,"column":30},"end":{"line":831,"column":44}},{"start":{"line":831,"column":48},"end":{"line":831,"column":64}}],"line":831},"88":{"loc":{"start":{"line":832,"column":41},"end":{"line":832,"column":109}},"type":"cond-expr","locations":[{"start":{"line":832,"column":78},"end":{"line":832,"column":84}},{"start":{"line":832,"column":87},"end":{"line":832,"column":109}}],"line":832},"89":{"loc":{"start":{"line":832,"column":41},"end":{"line":832,"column":75}},"type":"binary-expr","locations":[{"start":{"line":832,"column":41},"end":{"line":832,"column":55}},{"start":{"line":832,"column":59},"end":{"line":832,"column":75}}],"line":832},"90":{"loc":{"start":{"line":842,"column":28},"end":{"line":842,"column":87}},"type":"cond-expr","locations":[{"start":{"line":842,"column":67},"end":{"line":842,"column":73}},{"start":{"line":842,"column":76},"end":{"line":842,"column":87}}],"line":842},"91":{"loc":{"start":{"line":842,"column":28},"end":{"line":842,"column":64}},"type":"binary-expr","locations":[{"start":{"line":842,"column":28},"end":{"line":842,"column":43}},{"start":{"line":842,"column":47},"end":{"line":842,"column":64}}],"line":842},"92":{"loc":{"start":{"line":843,"column":30},"end":{"line":843,"column":91}},"type":"cond-expr","locations":[{"start":{"line":843,"column":69},"end":{"line":843,"column":75}},{"start":{"line":843,"column":78},"end":{"line":843,"column":91}}],"line":843},"93":{"loc":{"start":{"line":843,"column":30},"end":{"line":843,"column":66}},"type":"binary-expr","locations":[{"start":{"line":843,"column":30},"end":{"line":843,"column":45}},{"start":{"line":843,"column":49},"end":{"line":843,"column":66}}],"line":843},"94":{"loc":{"start":{"line":844,"column":30},"end":{"line":844,"column":91}},"type":"cond-expr","locations":[{"start":{"line":844,"column":69},"end":{"line":844,"column":75}},{"start":{"line":844,"column":78},"end":{"line":844,"column":91}}],"line":844},"95":{"loc":{"start":{"line":844,"column":30},"end":{"line":844,"column":66}},"type":"binary-expr","locations":[{"start":{"line":844,"column":30},"end":{"line":844,"column":45}},{"start":{"line":844,"column":49},"end":{"line":844,"column":66}}],"line":844},"96":{"loc":{"start":{"line":845,"column":30},"end":{"line":845,"column":91}},"type":"cond-expr","locations":[{"start":{"line":845,"column":69},"end":{"line":845,"column":75}},{"start":{"line":845,"column":78},"end":{"line":845,"column":91}}],"line":845},"97":{"loc":{"start":{"line":845,"column":30},"end":{"line":845,"column":66}},"type":"binary-expr","locations":[{"start":{"line":845,"column":30},"end":{"line":845,"column":45}},{"start":{"line":845,"column":49},"end":{"line":845,"column":66}}],"line":845},"98":{"loc":{"start":{"line":846,"column":29},"end":{"line":846,"column":89}},"type":"cond-expr","locations":[{"start":{"line":846,"column":68},"end":{"line":846,"column":74}},{"start":{"line":846,"column":77},"end":{"line":846,"column":89}}],"line":846},"99":{"loc":{"start":{"line":846,"column":29},"end":{"line":846,"column":65}},"type":"binary-expr","locations":[{"start":{"line":846,"column":29},"end":{"line":846,"column":44}},{"start":{"line":846,"column":48},"end":{"line":846,"column":65}}],"line":846},"100":{"loc":{"start":{"line":847,"column":41},"end":{"line":847,"column":112}},"type":"cond-expr","locations":[{"start":{"line":847,"column":80},"end":{"line":847,"column":86}},{"start":{"line":847,"column":89},"end":{"line":847,"column":112}}],"line":847},"101":{"loc":{"start":{"line":847,"column":41},"end":{"line":847,"column":77}},"type":"binary-expr","locations":[{"start":{"line":847,"column":41},"end":{"line":847,"column":56}},{"start":{"line":847,"column":60},"end":{"line":847,"column":77}}],"line":847}},"s":{"0":1,"1":2,"2":1,"3":1,"4":1,"5":1,"6":1,"7":1,"8":1,"9":1,"10":1,"11":1,"12":1,"13":1,"14":1,"15":1,"16":0,"17":1,"18":0,"19":1,"20":0,"21":1,"22":0,"23":1,"24":0,"25":1,"26":0,"27":10,"28":93,"29":104,"30":3371,"31":11,"32":59,"33":12,"34":379,"35":12,"36":67,"37":17,"38":40,"39":1,"40":1,"41":1,"42":1,"43":1,"44":1,"45":6,"46":6,"47":14,"48":14,"49":7,"50":7,"51":8,"52":8,"53":8,"54":8,"55":12,"56":12,"57":8,"58":8,"59":7,"60":7,"61":7,"62":1,"63":8,"64":8,"65":8,"66":7,"67":7,"68":7,"69":1,"70":8,"71":2,"72":14,"73":2,"74":1,"75":1,"76":1,"77":68,"78":1,"79":1,"80":2,"81":10,"82":2,"83":2,"84":1,"85":5,"86":1,"87":1,"88":5,"89":1,"90":1,"91":1,"92":1,"93":1,"94":1,"95":1,"96":5,"97":5,"98":5,"99":1,"100":2,"101":2,"102":2,"103":1,"104":1,"105":6,"106":6,"107":6,"108":6,"109":6,"110":1,"111":2,"112":1,"113":1,"114":1,"115":1,"116":1,"117":2,"118":2,"119":2,"120":2,"121":1,"122":1,"123":1,"124":1,"125":1,"126":0,"127":0,"128":0,"129":0,"130":0,"131":0,"132":0,"133":0,"134":0,"135":1,"136":1,"137":1,"138":10,"139":10,"140":10,"141":10,"142":10,"143":1,"144":1,"145":1,"146":1,"147":11,"148":1,"149":1,"150":1,"151":1,"152":11,"153":11,"154":11,"155":1,"156":1,"157":1,"158":1,"159":10,"160":10,"161":10,"162":1,"163":1,"164":1,"165":1,"166":11,"167":11,"168":11,"169":1,"170":1,"171":1,"172":1,"173":1,"174":1,"175":1,"176":1,"177":1,"178":1,"179":1,"180":1,"181":1,"182":1,"183":1,"184":1,"185":1,"186":1,"187":1,"188":1,"189":1,"190":1,"191":1,"192":1,"193":1,"194":1,"195":1,"196":1,"197":1,"198":1,"199":1,"200":1,"201":1,"202":1,"203":1,"204":1,"205":1,"206":1,"207":1,"208":1,"209":1,"210":1,"211":1,"212":1,"213":1,"214":1,"215":1,"216":1,"217":1,"218":1,"219":1,"220":1,"221":1,"222":1,"223":1,"224":1,"225":1,"226":1,"227":1,"228":1,"229":1,"230":1,"231":1,"232":1,"233":1,"234":1,"235":1,"236":1,"237":1,"238":1,"239":1,"240":1,"241":1,"242":1,"243":1,"244":1},"f":{"0":2,"1":1,"2":1,"3":1,"4":1,"5":1,"6":1,"7":1,"8":10,"9":93,"10":104,"11":3371,"12":11,"13":59,"14":12,"15":379,"16":12,"17":67,"18":17,"19":40,"20":1,"21":1,"22":1,"23":1,"24":1,"25":1,"26":6,"27":14,"28":7,"29":8,"30":8,"31":12,"32":8,"33":8,"34":2,"35":14,"36":1,"37":68,"38":1,"39":2,"40":10,"41":1,"42":5,"43":1,"44":5,"45":1,"46":1,"47":5,"48":2,"49":6,"50":1,"51":2,"52":0,"53":0,"54":0,"55":1,"56":1,"57":10,"58":1,"59":1,"60":11,"61":1,"62":1,"63":11,"64":1,"65":1,"66":10,"67":1,"68":1,"69":11,"70":1,"71":1,"72":1,"73":1,"74":1,"75":1,"76":1,"77":1,"78":1,"79":1,"80":1,"81":1,"82":1,"83":1,"84":1,"85":1,"86":1,"87":1,"88":1,"89":1,"90":1,"91":1,"92":1,"93":1,"94":1,"95":1,"96":1,"97":1,"98":1,"99":1,"100":1,"101":1},"b":{"0":[1,1,1],"1":[0,2],"2":[2,2],"3":[0,1],"4":[0,1],"5":[0,1],"6":[0,1],"7":[0,1],"8":[0,1],"9":[7,1],"10":[7,1],"11":[1,1],"12":[0,2],"13":[2,2],"14":[0,1],"15":[1,1],"16":[1,1],"17":[6,0],"18":[0,2],"19":[2,2],"20":[0,0],"21":[0,0],"22":[0,1],"23":[1,1],"24":[0,10],"25":[10,10],"26":[0,10],"27":[10,10],"28":[0,1],"29":[1,1],"30":[0,1],"31":[1,1],"32":[0,11],"33":[11,11],"34":[0,11],"35":[11,11],"36":[0,1],"37":[1,1],"38":[0,10],"39":[10,10],"40":[0,10],"41":[10,10],"42":[0,1],"43":[1,1],"44":[0,11],"45":[11,11],"46":[0,11],"47":[11,11],"48":[0,1],"49":[1,1],"50":[0,1],"51":[1,1],"52":[0,1],"53":[1,1],"54":[0,1],"55":[1,1],"56":[0,1],"57":[1,1],"58":[0,1],"59":[1,1],"60":[0,1],"61":[1,1],"62":[0,1],"63":[1,1],"64":[0,1],"65":[1,1],"66":[0,1],"67":[1,1],"68":[0,1],"69":[1,1],"70":[0,1],"71":[1,1],"72":[0,1],"73":[1,1],"74":[0,1],"75":[1,1],"76":[0,1],"77":[1,1],"78":[0,1],"79":[1,1],"80":[0,1],"81":[1,1],"82":[0,1],"83":[1,1],"84":[0,1],"85":[1,1],"86":[0,1],"87":[1,1],"88":[0,1],"89":[1,1],"90":[0,1],"91":[1,1],"92":[0,1],"93":[1,1],"94":[0,1],"95":[1,1],"96":[0,1],"97":[1,1],"98":[0,1],"99":[1,1],"100":[0,1],"101":[1,1]},"inputSourceMap":{"version":3,"file":"/home/usuario/P7/src/database.ts","sources":["/home/usuario/P7/src/database.ts"],"names":[],"mappings":";;;;;;AACA,kDAA0B;AAC1B,uEAA+C;AAY9C,CAAC;AAEF;;GAEG;AACH,MAAa,QAAQ;IAGjB;;;OAGG;IACH,YAA6B,QAAgB;QAAhB,aAAQ,GAAR,QAAQ,CAAQ;QACzC,MAAM,OAAO,GAAG,IAAI,kBAAQ,CAAS,QAAQ,CAAC,CAAC;QAC/C,IAAI,CAAC,EAAE,GAAG,IAAA,eAAK,EAAC,OAAO,CAAC,CAAC;QACzB,IAAI,CAAC,UAAU,EAAE,CAAC;QAClB,IAAI,CAAC,UAAU,EAAE,CAAC;QAClB,IAAI,CAAC,SAAS,EAAE,CAAC;QACjB,IAAI,CAAC,WAAW,EAAE,CAAC;QACnB,IAAI,CAAC,UAAU,EAAE,CAAC;QAClB,IAAI,CAAC,aAAa,EAAE,CAAC;IACzB,CAAC;IAED;;;OAGG;IACK,UAAU;QACd,IAAG,CAAC,IAAI,CAAC,EAAE,CAAC,GAAG,CAAC,QAAQ,CAAC,CAAC,KAAK,EAAE,EAAE;YAC/B,IAAI,CAAC,EAAE,CAAC,GAAG,CAAC,QAAQ,EAAE,EAAE,CAAC,CAAC,KAAK,EAAE,CAAC;SACrC;IACL,CAAC;IAED;;;OAGG;IACK,UAAU;QACd,IAAG,CAAC,IAAI,CAAC,EAAE,CAAC,GAAG,CAAC,QAAQ,CAAC,CAAC,KAAK,EAAE,EAAE;YAC/B,IAAI,CAAC,EAAE,CAAC,GAAG,CAAC,QAAQ,EAAE,EAAE,CAAC,CAAC,KAAK,EAAE,CAAC;SACrC;IACL,CAAC;IAED;;;OAGG;IACK,SAAS;QACb,IAAG,CAAC,IAAI,CAAC,EAAE,CAAC,GAAG,CAAC,OAAO,CAAC,CAAC,KAAK,EAAE,EAAE;YAC9B,IAAI,CAAC,EAAE,CAAC,GAAG,CAAC,OAAO,EAAE,EAAE,CAAC,CAAC,KAAK,EAAE,CAAC;SACpC;IACL,CAAC;IAED;;;OAGG;IACK,WAAW;QACf,IAAG,CAAC,IAAI,CAAC,EAAE,CAAC,GAAG,CAAC,SAAS,CAAC,CAAC,KAAK,EAAE,EAAE;YAChC,IAAI,CAAC,EAAE,CAAC,GAAG,CAAC,SAAS,EAAE,EAAE,CAAC,CAAC,KAAK,EAAE,CAAC;SACtC;IACL,CAAC;IAED;;;OAGG;IACK,UAAU;QACd,IAAG,CAAC,IAAI,CAAC,EAAE,CAAC,GAAG,CAAC,QAAQ,CAAC,CAAC,KAAK,EAAE,EAAE;YAC/B,IAAI,CAAC,EAAE,CAAC,GAAG,CAAC,QAAQ,EAAE,EAAE,CAAC,CAAC,KAAK,EAAE,CAAC;SACrC;IACL,CAAC;IAED;;;OAGG;IACK,aAAa;QACjB,IAAG,CAAC,IAAI,CAAC,EAAE,CAAC,GAAG,CAAC,WAAW,CAAC,CAAC,KAAK,EAAE,EAAE;YAClC,IAAI,CAAC,EAAE,CAAC,GAAG,CAAC,WAAW,EAAE,EAAE,CAAC,CAAC,KAAK,EAAE,CAAC;SACxC;IACL,CAAC;IAED;;;OAGG;IACH,SAAS,CAAC,SAAiB;QACvB,OAAO,IAAI,CAAC,EAAE,CAAC,GAAG,CAAC,QAAQ,CAAC,CAAC,KAAK,EAAE,CAAC,SAAS,CAAC,CAAC,KAAY,EAAE,EAAE;YAC5D,OAAO,KAAK,CAAC,IAAI,KAAK,SAAS,CAAC;QACpC,CAAC,CAAC,CAAC;IACP,CAAC;IAED;;;OAGG;IACH,QAAQ,CAAC,QAAgB;QACrB,OAAO,IAAI,CAAC,EAAE,CAAC,GAAG,CAAC,OAAO,CAAC,CAAC,KAAK,EAAE,CAAC,SAAS,CAAC,CAAC,IAAU,EAAE,EAAE;YACzD,OAAO,IAAI,CAAC,IAAI,KAAK,QAAQ,CAAC;QAClC,CAAC,CAAC,CAAC;IACP,CAAC;IAED;;;OAGG;IACH,SAAS,CAAC,SAAiB;QACvB,OAAO,IAAI,CAAC,EAAE,CAAC,GAAG,CAAC,QAAQ,CAAC,CAAC,KAAK,EAAE,CAAC,SAAS,CAAC,CAAC,KAAY,EAAE,EAAE;YAC5D,OAAO,KAAK,CAAC,IAAI,KAAK,SAAS,CAAC;QACpC,CAAC,CAAC,CAAC;IACP,CAAC;IAED;;;OAGG;IACH,UAAU,CAAC,UAAkB;QACzB,OAAO,IAAI,CAAC,EAAE,CAAC,GAAG,CAAC,SAAS,CAAC,CAAC,KAAK,EAAE,CAAC,SAAS,CAAC,CAAC,MAAc,EAAE,EAAE;YAC/D,OAAO,MAAM,CAAC,IAAI,KAAK,UAAU,CAAC;QACtC,CAAC,CAAC,CAAC;IACP,CAAC;IAED;;;OAGG;IACH,SAAS,CAAC,SAAiB;QACvB,OAAO,IAAI,CAAC,EAAE,CAAC,GAAG,CAAC,QAAQ,CAAC,CAAC,KAAK,EAAE,CAAC,SAAS,CAAC,CAAC,KAAY,EAAE,EAAE;YAC5D,OAAO,KAAK,CAAC,IAAI,KAAK,SAAS,CAAC;QACpC,CAAC,CAAC,CAAC;IACP,CAAC;IAED;;;OAGG;IACH,YAAY,CAAC,YAAoB;QAC7B,OAAO,IAAI,CAAC,EAAE,CAAC,GAAG,CAAC,WAAW,CAAC,CAAC,KAAK,EAAE,CAAC,SAAS,CAAC,CAAC,QAAkB,EAAE,EAAE;YACrE,OAAQ,QAAQ,CAAC,IAAI,KAAK,YAAY,CAAC;QAC3C,CAAC,CAAC,CAAC;IACP,CAAC;IAED;;;OAGG;IACH,QAAQ,CAAC,KAAY;QACjB,IAAI,CAAC,EAAE,CAAC,GAAG,CAAC,QAAQ,CAAC,CAAC,IAAI,CAAC,KAAK,CAAC,CAAC,KAAK,EAAE,CAAC;IAC9C,CAAC;IAED;;;OAGG;IACH,OAAO,CAAC,IAAU;QACd,IAAI,CAAC,EAAE,CAAC,GAAG,CAAC,OAAO,CAAC,CAAC,IAAI,CAAC,IAAI,CAAC,CAAC,KAAK,EAAE,CAAC;IAC5C,CAAC;IAED;;;OAGG;IACH,QAAQ,CAAC,KAAY;QACjB,IAAI,CAAC,EAAE,CAAC,GAAG,CAAC,QAAQ,CAAC,CAAC,IAAI,CAAC,KAAK,CAAC,CAAC,KAAK,EAAE,CAAC;IAC9C,CAAC;IAED;;;OAGG;IACH,SAAS,CAAC,MAAc;QACpB,IAAI,CAAC,EAAE,CAAC,GAAG,CAAC,SAAS,CAAC,CAAC,IAAI,CAAC,MAAM,CAAC,CAAC,KAAK,EAAE,CAAC;IAChD,CAAC;IAED;;;OAGG;IACH,QAAQ,CAAC,KAAY;QACjB,IAAI,CAAC,EAAE,CAAC,GAAG,CAAC,QAAQ,CAAC,CAAC,IAAI,CAAC,KAAK,CAAC,CAAC,KAAK,EAAE,CAAC;IAC9C,CAAC;IAED;;;OAGG;IACH,WAAW,CAAC,QAAkB;QAC1B,IAAI,CAAC,EAAE,CAAC,GAAG,CAAC,WAAW,CAAC,CAAC,IAAI,CAAC,QAAQ,CAAC
[...]
: string {\n        let show: string = \"\";\n        show += \"---LIST OF PLAYLISTS---\\n\";\n        this.db.get(\"playlists\").value().forEach((playlist: Playlist) => {\n            show +=  \"\\n\" + playlist.name;\n            show += \"\\n  Genres: [\" + playlist.genres.toString() + \"]\";\n            show += \"\\n  \" + this.getFormattedDurationPlaylist(playlist);\n        })\n        return show;\n    }\n\n    /**\n     * Función que devulve información de una playlist\n     * @returns Información de la playlist\n     */\n    viewPlaylist(playlistName: string): string {\n        let playlist = this.getPlaylist(playlistName);\n        let showSong: string = \"\";\n        if (this.findPlaylist(playlistName) !== -1) {\n            showSong += \"[\" + playlist.name +\"] \" + this.getFormattedDurationPlaylist(playlist) + \"\\n\";\n            playlist.songs.forEach((song: string) => {\n                let dbsong = this.getSong(song);\n                if (dbsong !== undefined) {\n                    showSong += dbsong.name + \" | \" + dbsong.author + \" | \";\n                    showSong += this.getFormattedDurationSong(dbsong) + \"\\n\";\n                    showSong += \" | [\" + dbsong.genres.toString() + \"] | Reprd. \" + dbsong.numberReproductions + \"\\n\";\n                }\n            })\n        } else {\n            showSong = \"ERROR: Playlist not found\";\n        }\n        return showSong;\n    }\n\n    /**\n     * Actualiza la duración de una playlist\n     * @param playlistName Nombre de la playlist\n     */\n    updateDurationPlaylist(playlistName: string) {\n        let indexOfSong: number;\n        let newduration = 0;\n        let min = 0; \n        let sec = 0; \n        let hour = 0;\n\n        this.db.get(\"playlists\")\n            .find({name: playlistName})\n            .value().songs\n            .forEach((songName: string) => {\n                indexOfSong = this.findSong(songName);\n                newduration = (this.db.get(\"songs\")\n                .value().at(indexOfSong)?.duration as number);\n                min += Math.floor(newduration);\n                sec += parseFloat(((newduration - Math.floor(newduration)) * 100).toFixed(2));\n            }\n        );\n\n        min += Math.floor(sec/60);\n        hour = Math.floor(min/60);\n        min = Math.floor(min - 60*hour);\n        newduration = hour + (min/100);\n\n        this.db.get(\"playlists\")\n            .find({name: playlistName})\n            .assign({duration : newduration})\n            .write();\n    }\n\n    updateGenresPlaylist(playlistName: string) {\n        let newGenres: string[] = [];\n        this.db.get(\"playlists\")\n            .find({name: playlistName})\n            .value().songs\n            .forEach((songName: string) => {\n                let dbsong = this.getSong(songName);\n                if (dbsong !== undefined) {\n                    dbsong.genres.forEach((genreName: string) => {\n                        if (!newGenres.includes(genreName)) {\n                            newGenres.push(genreName);\n                        }\n                    })\n                } else {\n                    console.log(\"ERROR: Song not found to update genres playlist\");\n                }\n            })\n        \n        this.db.get(\"playlists\")\n            .find({name: playlistName})\n            .assign({genres : newGenres})\n            .write();\n    }\n\n    /**\n     * Ordena las canciones de una playlist por género\n     * @param genreName Nombre del género\n     * @param playlistName Nombre de la playlist\n     */\n    genreSort(genreName: string, playlistName: string) {\n        let indexOfPlaylist: number = Number(this.db.get(\"playlists\").findIndex(playlist => playlist.name === playlistName));\n        this.db.get(\"playlists\").value().at(indexOfPlaylist)?.songs.sort((song1: string, song2: string) => {\n            let genre1: string = this.db.get(\"songs\").value().at(this.findSong(song1))?.genres[0] as string;\n            let genre2: string = this.db.get(\"songs\").value().at(this.findSong(song2))?.genres[0] as string;\n            let n1: number = Number(genre1 === genreName);\n            let n2: number = Number(genre2 === genreName)\n            return n2 - n1;\n        });\n        this.db.write();\n    }\n\n    /**\n     * Ordena las canciones de una playlist alfabeticamente por su nombre\n     * @param playlistName Nombre de la playlist\n     */\n    alphabeticalSongNameSort(playlistName: string) {\n        let indexOfPlaylist: number = Number(this.db.get(\"playlists\").findIndex(playlist => playlist.name === playlistName));\n        this.db.get(\"playlists\").value().at(indexOfPlaylist)?.songs.sort((song1: string, song2: string) => {\n            return song1.normalize().localeCompare(song2.normalize());\n        });\n        this.db.write();\n    }\n\n    /**\n     * Ordena las canciones de una playlist alfabeticamente por el nombre del autor\n     * @param playlistName Nombre de la playlist\n     */\n    alphabeticalAuthorNameSort(playlistName: string) {\n        let indexOfPlaylist: number = Number(this.db.get(\"playlists\").findIndex(playlist => playlist.name === playlistName));\n        this.db.get(\"playlists\").value().at(indexOfPlaylist)?.songs.sort((song1: string, song2: string) => {\n            let author1: string = this.db.get(\"songs\").value().at(this.findSong(song1))?.author as string;\n            let author2: string = this.db.get(\"songs\").value().at(this.findSong(song2))?.author as string;\n            return author1.normalize().localeCompare(author2.normalize());\n        });\n        this.db.write();\n    }\n\n    /**\n     * Ordena las canciones de una playlist alfabeticamente por su duración\n     * @param playlistName Nombre de la playlist\n     */\n    durationSort(playlistName: string) {\n        let indexOfPlaylist: number = Number(this.db.get(\"playlists\").findIndex(playlist => playlist.name === playlistName));\n        this.db.get(\"playlists\").value().at(indexOfPlaylist)?.songs.sort((song1: string, song2: string) => {\n            let duration1: number = this.db.get(\"songs\").value().at(this.findSong(song1))?.duration as number;\n            let duration2: number = this.db.get(\"songs\").value().at(this.findSong(song2))?.duration as number;\n            return duration1 - duration2;\n        });\n        this.db.write();\n    }\n\n    /**\n     * Ordena las canciones de una playlist alfabeticamente por sus reproducciones\n     * @param playlistName Nombre de la playlist\n     */\n    numberOfReproductionSort(playlistName: string) {\n        let indexOfPlaylist: number = Number(this.db.get(\"playlists\").findIndex(playlist => playlist.name === playlistName));\n        this.db.get(\"playlists\").value().at(indexOfPlaylist)?.songs.sort((song1: string, song2: string) => {\n            let reproductions1: number = this.db.get(\"songs\").value().at(this.findSong(song1))?.numberReproductions as number;\n            let reproductions2: number = this.db.get(\"songs\").value().at(this.findSong(song2))?.numberReproductions as number;\n            return reproductions1 - reproductions2;\n        });\n        this.db.write();\n    }\n\n    /**\n     * Elimina un género\n     * @param genreName Nombre del género\n     */\n    removeGenre(genreName: string) {\n        let indexOfGenre: number = this.findGenre(genreName);\n        this.db.get(\"genres\").splice(indexOfGenre, 1).write();\n    }\n\n    /**\n     * Elimina un artista\n     * @param artistName Nombre del artista\n     */\n    removeArtist(artistName: string) {\n        let indexOfArtist: number = this.findArtist(artistName);\n        this.db.get(\"artists\").splice(indexOfArtist, 1).write();\n    }\n\n    /**\n     * Elimina un grupo\n     * @param groupName Nombre del grupo\n     */\n    removeGroup(groupName: string) {\n        let indexOfGroup: number = this.findGroup(groupName);\n        this.db.get(\"groups\").splice(indexOfGroup, 1).write();\n    }\n\n    /**\n     * Elimina una canción\n     * @param songName Nombre de la canción\n     */\n    removeSong(songName: string) {\n        let indexOfSong: number = this.findSong(songName);\n        this.db.get(\"songs\").splice(indexOfSong, 1).write();\n    }\n\n    /**\n     * Elimina un album\n     * @param albumName Nombre de la album\n     */\n    removeAlbum(albumName: string) {\n        let indexOfAlbum: number = this.findAlbum(albumName);\n        this.db.get(\"albums\").splice(indexOfAlbum, 1).write();\n    }\n\n    /**\n     * Modifica el autor de un género\n     * @param genreName Nombre del género\n     * @param genreAuthors Autor del género\n     */\n    modifyAuthorsGenre(genreName: string, genreAuthors: string[]) {\n        this.db.get(\"genres\")\n            .find({name: genreName})\n            .assign({authors: genreAuthors})\n            .write();\n    }\n\n    /**\n     * Modifica los albumes de un género\n     * @param genreName Nombre del género\n     * @param genreAlbums Albumes del género\n     */\n    modifyAlbumsGenre(genreName: string, genreAlbums: string[]) {\n        this.db.get(\"genres\")\n            .find({name: genreName})\n            .assign({albums: genreAlbums})\n            .write();\n    }\n\n    /**\n     * Modifica las canciones de un género\n     * @param genreName Nombre del género\n     * @param genreSongs Canciones del género\n     */\n    modifySongsGenre(genreName: string, genreSongs: string[]) {\n        this.db.get(\"genres\")\n            .find({name: genreName})\n            .assign({songs: genreSongs})\n            .write();\n    }\n\n    /**\n     * Modifica los grupos del artista\n     * @param artistName Nombre del artista\n     * @param artistGroups Grupos a los que pertenece el artista\n     */\n    modifyGroupsArtist(artistName: string, artistGroups: string[]) {\n        this.db.get(\"artists\")\n            .find({name: artistName})\n            .assign({groups: artistGroups})\n            .write();\n    }\n\n    /**\n     * Modifica los géneros del artista\n     * @param artistName Nombre del artista\n     * @param artistGenres Géneros del artista\n     */\n    modifyGenresArtist(artistName: string, artistGenres: string[]) {\n        this.db.get(\"artists\")\n            .find({name: artistName})\n            .assign({genres: artistGenres})\n            .write();\n    }\n\n    /**\n     * Modifica los albumes del artista\n     * @param artistName Nombre del artista\n     * @param artistAlbums Albumes del artista\n     */\n    modifyAlbumsArtist(artistName: string, artistAlbums: string[]) {\n        this.db.get(\"artists\")\n            .find({name: artistName})\n            .assign({albums: artistAlbums})\n            .write();\n    }\n\n    /**\n     * Modifica las canciones del artista\n     * @param artistName Nombre del artista\n     * @param artistSongs Canciones del artista\n     */\n    modifySongsArtist(artistName: string, artistSongs: string[]) {\n        this.db.get(\"artists\")\n            .find({name: artistName})\n            .assign({songs: artistSongs})\n            .write();\n    }\n\n    /**\n     * Modifica los oyentes mensuales del artista\n     * @param artistName Nombre del artista\n     * @param artistMonthlyListeners Oyentes mensuales del artista\n     */\n    modifyMonthlyListenersArtist(artistName: string, artistMonthlyListeners: number) {\n        this.db.get(\"artists\")\n            .find({name: artistName})\n            .assign({monthlyListeners: artistMonthlyListeners})\n            .write();\n    }\n\n    /**\n     * Modifica los artistas del grupo\n     * @param groupName Nombre del grupo\n     * @param groupArtists Artistas del grupo\n     */\n    modifyArtistsGroup(groupName: string, groupArtists: string[]) {\n        this.db.get(\"groups\")\n            .find({name: groupName})\n            .assign({artists: groupArtists})\n            .write();\n    }\n\n    /**\n     * Modifica el año de creación del grupo\n     * @param groupName Nombre del grupo\n     * @param groupYearCreation Año de creación del grupo\n     */\n    modifyYearCreationGroup(groupName: string, groupYearCreation: number) {\n        this.db.get(\"groups\")\n            .find({name: groupName})\n            .assign({yearCreation: groupYearCreation})\n            .write();\n    }\n\n    /**\n     * Modifica los géneros del grupo\n     * @param groupName Nombre del grupo\n     * @param groupGenres Géneros del grupo\n     */\n    modifyGenresGroup(groupName: string, groupGenres: string[]) {\n        this.db.get(\"groups\")\n            .find({name: groupName})\n            .assign({genres: groupGenres})\n            .write();\n    }\n\n    /**\n     * Modifica los albumes del grupo\n     * @param groupName Nombre del grupo\n     * @param groupAlbums Albumes del grupo\n     */\n    modifyAlbumsGroup(groupName: string, groupAlbums: string[]) {\n        this.db.get(\"groups\")\n            .find({name: groupName})\n            .assign({albums: groupAlbums})\n            .write();\n    }\n\n    /**\n     * Modifica los oyentes mensuales del grupo\n     * @param groupName Nombre del grupo\n     * @param groupMonthlyListeners Oyentes mensuales del grupo\n     */\n    modifyMonthlyListenersGroup(groupName: string, groupMonthlyListeners: number) {\n        this.db.get(\"groups\")\n            .find({name: groupName})\n            .assign({monthlyListeners: groupMonthlyListeners})\n            .write();\n    }\n\n    /**\n     * Modifica el autor del album\n     * @param albumName Nombre del album\n     * @param albumAuthor Autor del album\n     */\n    modifyAuthorAlbum(albumName: string, albumAuthor: string) {\n        this.db.get(\"albums\")\n            .find({name: albumName})\n            .assign({author: albumAuthor})\n            .write();\n    }\n\n    /**\n     * Modifica el año de publicación del album\n     * @param albumName Nombre del album\n     * @param albumYearPublication Año de publicación del album\n     */\n    modifyYearPublicationAlbum(albumName: string, albumYearPublication: number) {\n        this.db.get(\"albums\")\n            .find({name: albumName})\n            .assign({yearPublication: albumYearPublication})\n            .write();\n    }\n\n    /**\n     * Modifica los géneros del album\n     * @param albumName Nombre del album\n     * @param albumGenres Géneros del album\n     */\n    modifyGenresAlbum(albumName: string, albumGenres: string[]) {\n        this.db.get(\"albums\")\n            .find({name: albumName})\n            .assign({genres: albumGenres})\n            .write();\n    }\n\n    /**\n     * Modifica las canciones del album\n     * @param albumName Nombre del album\n     * @param albumSongs Canciones del album\n     */\n    modifySongsAlbum(albumName: string, albumSongs: string[]) {\n        this.db.get(\"albums\")\n            .find({name: albumName})\n            .assign({songs: albumSongs})\n            .write();\n    }\n\n    /**\n     * Modifica el autor de la canción\n     * @param songName Nombre de la canción\n     * @param songAuthor Autor de la canción\n     */\n    modifyAuthorSong(songName: string, songAuthor: string) {\n        this.db.get(\"songs\")\n            .find({name: songName})\n            .assign({author: songAuthor})\n            .write();\n    }\n\n    /**\n     * Modifica la duración de la canción\n     * @param songName Nombre de la canción\n     * @param songDuration Duración de la canción\n     */\n    modifyDurationSong(songName: string, songDuration: number) {\n        this.db.get(\"songs\")\n            .find({name: songName})\n            .assign({duration: songDuration})\n            .write();\n    }\n\n    /**\n     * Modifica los géneros de la canción\n     * @param songName Nombre de la canción\n     * @param songGenres Géneros de la canción\n     */\n    modifyGenresSong(songName: string, songGenres: string[]) {\n        this.db.get(\"songs\")\n            .find({name: songName})\n            .assign({genres: songGenres})\n            .write();\n    }\n\n    /**\n     * Modifica el single de la canción\n     * @param songName Nombre de la canción\n     * @param songSingle Single\n     */\n    modifySingleSong(songName: string, songSingle: boolean) {\n        this.db.get(\"songs\")\n            .find({name: songName})\n            .assign({single: songSingle})\n            .write();\n    }\n\n    /**\n     * Modifica el número de reproducciones de la canción\n     * @param songName Nombre de la canción\n     * @param songNumberOfReproductions Número de reproducciones de la canción\n     */\n    modifyNumberReproductionsSong(songName: string, songNumberOfReproductions: number) {\n        this.db.get(\"songs\")\n            .find({name: songName})\n            .assign({numberReproductions: songNumberOfReproductions})\n            .write();\n    }\n\n    /**\n     * Función que devulve información de una canción\n     * @returns Información de la canción\n     */\n    viewSong(songName: string): string {\n        let show: string = \"\";\n        let song = this.getSong(songName);\n\n        show += \"name: \" + song?.name + \"\\n\";\n        show += \"author: \" + song?.author + \"\\n\";\n        show += \"duration: \" + song?.duration + \"\\n\";\n        show += \"genres: \" + song?.genres + \"\\n\";\n        show += \"single: \" + song?.single + \"\\n\";\n        show += \"number of reproductions: \" + song?.numberReproductions;\n        return show;\n    }\n\n    /**\n     * Función que devulve información de un género\n     * @returns Información del género\n     */\n    viewGenre(genreName: string): string {\n        let show: string = \"\";\n        let genre = this.getGenre(genreName);\n        show += \"name: \" + genre?.name + \"\\n\";\n        show += \"authors: \" + genre?.authors + \"\\n\";\n        show += \"albums: \" + genre?.albums + \"\\n\";\n        show += \"songs: \" + genre?.songs;\n        return show;\n    }\n\n    /**\n     * Función que devulve información de un album\n     * @returns Información del album\n     */\n    viewAlbum(albumName: string): string {\n        let show: string = \"\";\n        let album = this.getAlbum(albumName);\n        show += \"name: \" + album?.name + \"\\n\";\n        show += \"author: \" + album?.author + \"\\n\";\n        show += \"year of publication:\" + album?.yearPublication + \"\\n\";\n        show += \"genres: \" + album?.genres + \"\\n\";\n        show += \"songs: \" + album?.songs;\n        return show;\n    }\n\n    /**\n     * Función que devulve información de un grupo\n     * @returns Información del grupo\n     */\n    viewGroup(groupName: string): string {\n        let show: string = \"\";\n        let group = this.getGroup(groupName);\n        show += \"name: \" + group?.name + \"\\n\";\n        show += \"artists: \" + group?.artists + \"\\n\";\n        show += \"year of creation: \" + group?.yearCreation + \"\\n\";\n        show += \"genres: \" + group?.genres + \"\\n\";\n        show += \"albums: \" + group?.albums + \"\\n\";\n        show += \"monthly listeners: \" + group?.monthlyListeners;\n        return show;\n    }\n\n    /**\n     * Función que devulve información de un artista\n     * @returns Información del artista\n     */\n    viewArtist(artistName: string): string {\n        let show: string = \"\";\n        let artist = this.getArtist(artistName);\n        show += \"name: \" + artist?.name + \"\\n\";\n        show += \"groups: \" + artist?.groups + \"\\n\";\n        show += \"genres: \" + artist?.genres + \"\\n\";\n        show += \"albums: \" + artist?.albums + \"\\n\";\n        show += \"songs: \" + artist?.songs + \"\\n\";\n        show += \"monthly listeners: \" + artist?.monthlyListeners;\n        return show;\n    }\n}\n"]},"_coverageSchema":"1a1c01bbd47fc00a2c39e90264f33305004495a9","hash":"222e1c63d5f129edc23c6f38401c7f28715235ca","contentHash":"c1056b0d611d08fbf1b464f3f7323de0e297ecb6c3c4c3f913e19aaa2afdb533"}}