{"/home/usuario/P7/src/classes.ts":{"path":"/home/usuario/P7/src/classes.ts","statementMap":{"0":{"start":{"line":2,"column":0},"end":{"line":2,"column":62}},"1":{"start":{"line":3,"column":0},"end":{"line":3,"column":123}},"2":{"start":{"line":16,"column":8},"end":{"line":16,"column":25}},"3":{"start":{"line":17,"column":8},"end":{"line":17,"column":31}},"4":{"start":{"line":18,"column":8},"end":{"line":18,"column":29}},"5":{"start":{"line":19,"column":8},"end":{"line":19,"column":27}},"6":{"start":{"line":22,"column":0},"end":{"line":22,"column":22}},"7":{"start":{"line":36,"column":8},"end":{"line":36,"column":25}},"8":{"start":{"line":37,"column":8},"end":{"line":37,"column":29}},"9":{"start":{"line":38,"column":8},"end":{"line":38,"column":47}},"10":{"start":{"line":39,"column":8},"end":{"line":39,"column":29}},"11":{"start":{"line":40,"column":8},"end":{"line":40,"column":27}},"12":{"start":{"line":43,"column":0},"end":{"line":43,"column":22}},"13":{"start":{"line":58,"column":8},"end":{"line":58,"column":25}},"14":{"start":{"line":59,"column":8},"end":{"line":59,"column":29}},"15":{"start":{"line":60,"column":8},"end":{"line":60,"column":33}},"16":{"start":{"line":61,"column":8},"end":{"line":61,"column":29}},"17":{"start":{"line":62,"column":8},"end":{"line":62,"column":29}},"18":{"start":{"line":63,"column":8},"end":{"line":63,"column":55}},"19":{"start":{"line":66,"column":0},"end":{"line":66,"column":20}},"20":{"start":{"line":79,"column":8},"end":{"line":79,"column":25}},"21":{"start":{"line":80,"column":8},"end":{"line":80,"column":29}},"22":{"start":{"line":81,"column":8},"end":{"line":81,"column":29}},"23":{"start":{"line":82,"column":8},"end":{"line":82,"column":49}},"24":{"start":{"line":85,"column":0},"end":{"line":85,"column":24}},"25":{"start":{"line":100,"column":8},"end":{"line":100,"column":54}},"26":{"start":{"line":101,"column":8},"end":{"line":101,"column":31}},"27":{"start":{"line":102,"column":8},"end":{"line":102,"column":41}},"28":{"start":{"line":105,"column":0},"end":{"line":105,"column":22}},"29":{"start":{"line":120,"column":8},"end":{"line":120,"column":54}},"30":{"start":{"line":121,"column":8},"end":{"line":121,"column":29}},"31":{"start":{"line":122,"column":8},"end":{"line":122,"column":27}},"32":{"start":{"line":125,"column":0},"end":{"line":125,"column":24}},"33":{"start":{"line":139,"column":8},"end":{"line":139,"column":25}},"34":{"start":{"line":140,"column":8},"end":{"line":140,"column":27}},"35":{"start":{"line":141,"column":8},"end":{"line":141,"column":33}},"36":{"start":{"line":142,"column":8},"end":{"line":142,"column":29}},"37":{"start":{"line":143,"column":8},"end":{"line":143,"column":27}},"38":{"start":{"line":146,"column":0},"end":{"line":146,"column":28}}},"fnMap":{"0":{"name":"(anonymous_0)","decl":{"start":{"line":15,"column":4},"end":{"line":15,"column":5}},"loc":{"start":{"line":15,"column":46},"end":{"line":20,"column":5}},"line":15},"1":{"name":"(anonymous_1)","decl":{"start":{"line":35,"column":4},"end":{"line":35,"column":5}},"loc":{"start":{"line":35,"column":62},"end":{"line":41,"column":5}},"line":35},"2":{"name":"(anonymous_2)","decl":{"start":{"line":57,"column":4},"end":{"line":57,"column":5}},"loc":{"start":{"line":57,"column":77},"end":{"line":64,"column":5}},"line":57},"3":{"name":"(anonymous_3)","decl":{"start":{"line":78,"column":4},"end":{"line":78,"column":5}},"loc":{"start":{"line":78,"column":56},"end":{"line":83,"column":5}},"line":78},"4":{"name":"(anonymous_4)","decl":{"start":{"line":99,"column":4},"end":{"line":99,"column":5}},"loc":{"start":{"line":99,"column":79},"end":{"line":103,"column":5}},"line":99},"5":{"name":"(anonymous_5)","decl":{"start":{"line":119,"column":4},"end":{"line":119,"column":5}},"loc":{"start":{"line":119,"column":71},"end":{"line":123,"column":5}},"line":119},"6":{"name":"(anonymous_6)","decl":{"start":{"line":138,"column":4},"end":{"line":138,"column":5}},"loc":{"start":{"line":138,"column":65},"end":{"line":144,"column":5}},"line":138}},"branchMap":{"0":{"loc":{"start":{"line":138,"column":47},"end":{"line":138,"column":63}},"type":"default-arg","locations":[{"start":{"line":138,"column":55},"end":{"line":138,"column":63}}],"line":138}},"s":{"0":1,"1":1,"2":2,"3":2,"4":2,"5":2,"6":1,"7":2,"8":2,"9":2,"10":2,"11":2,"12":1,"13":2,"14":2,"15":2,"16":2,"17":2,"18":2,"19":1,"20":4,"21":4,"22":4,"23":4,"24":1,"25":2,"26":2,"27":2,"28":1,"29":2,"30":2,"31":2,"32":1,"33":2,"34":2,"35":2,"36":2,"37":2,"38":1},"f":{"0":2,"1":2,"2":2,"3":4,"4":2,"5":2,"6":2},"b":{"0":[2]},"inputSourceMap":{"version":3,"file":"/home/usuario/P7/src/classes.ts","sources":["/home/usuario/P7/src/classes.ts"],"names":[],"mappings":";;;AAKA;;GAEG;AACH,MAAa,KAAK;IACd;;;;;;OAMG;IACH,YAAmB,IAAY,EAAS,OAAiB,EAAS,MAAgB,EAAS,KAAe;QAAvF,SAAI,GAAJ,IAAI,CAAQ;QAAS,YAAO,GAAP,OAAO,CAAU;QAAS,WAAM,GAAN,MAAM,CAAU;QAAS,UAAK,GAAL,KAAK,CAAU;IAAG,CAAC;CACjH;AATD,sBASC;AAED;;GAEG;AACH,MAAa,KAAK;IACd;;;;;;;OAOG;IACH,YAAmB,IAAY,EAAS,MAAc,EAAS,eAAuB,EAAS,MAAgB,EAAS,KAAe;QAApH,SAAI,GAAJ,IAAI,CAAQ;QAAS,WAAM,GAAN,MAAM,CAAQ;QAAS,oBAAe,GAAf,eAAe,CAAQ;QAAS,WAAM,GAAN,MAAM,CAAU;QAAS,UAAK,GAAL,KAAK,CAAU;IAAG,CAAC;CAC9I;AAVD,sBAUC;AAED;;GAEG;AACH,MAAa,IAAI;IACb;;;;;;;;OAQG;IACH,YAAmB,IAAY,EAAS,MAAc,EAAS,QAAgB,EAAS,MAAgB,EAAS,MAAe,EAAS,mBAA2B;QAAjJ,SAAI,GAAJ,IAAI,CAAQ;QAAS,WAAM,GAAN,MAAM,CAAQ;QAAS,aAAQ,GAAR,QAAQ,CAAQ;QAAS,WAAM,GAAN,MAAM,CAAU;QAAS,WAAM,GAAN,MAAM,CAAS;QAAS,wBAAmB,GAAnB,mBAAmB,CAAQ;IAAG,CAAC;CAC3K;AAXD,oBAWC;AAED;;GAEG;AACH,MAAsB,MAAM;IACxB;;;;;;OAMG;IACH,YAAmB,IAAY,EAAS,MAAgB,EAAS,MAAgB,EAAS,gBAAwB;QAA/F,SAAI,GAAJ,IAAI,CAAQ;QAAS,WAAM,GAAN,MAAM,CAAU;QAAS,WAAM,GAAN,MAAM,CAAU;QAAS,qBAAgB,GAAhB,gBAAgB,CAAQ;IAAG,CAAC;CACzH;AATD,wBASC;AAED;;GAEG;AACH,MAAa,KAAM,SAAQ,MAAM;IAC7B;;;;;;;;OAQG;IACH,YAAY,IAAY,EAAS,OAAiB,EAAS,YAAoB,EAAE,MAAgB,EAAE,MAAgB,EAAE,gBAAwB;QACzI,KAAK,CAAC,IAAI,EAAE,MAAM,EAAE,MAAM,EAAE,gBAAgB,CAAC,CAAC;QADjB,YAAO,GAAP,OAAO,CAAU;QAAS,iBAAY,GAAZ,YAAY,CAAQ;IAE/E,CAAC;CACJ;AAbD,sBAaC;AAED;;GAEG;AACH,MAAa,MAAO,SAAQ,MAAM;IAC9B;;;;;;;;OAQG;IACH,YAAY,IAAY,EAAS,MAAgB,EAAE,MAAgB,EAAE,MAAgB,EAAS,KAAe,EAAE,gBAAwB;QACnI,KAAK,CAAC,IAAI,EAAE,MAAM,EAAE,MAAM,EAAE,gBAAgB,CAAC,CAAC;QADjB,WAAM,GAAN,MAAM,CAAU;QAA6C,UAAK,GAAL,KAAK,CAAU;IAE7G,CAAC;CACJ;AAbD,wBAaC;AAED;;GAEG;AACH,MAAa,QAAQ;IACjB;;;;;;;OAOG;IACH,YAAmB,IAAY,EAAS,KAAe,EAAS,QAAgB,EAAS,MAAgB,EAAS,QAAkB,QAAQ;QAAzH,SAAI,GAAJ,IAAI,CAAQ;QAAS,UAAK,GAAL,KAAK,CAAU;QAAS,aAAQ,GAAR,QAAQ,CAAQ;QAAS,WAAM,GAAN,MAAM,CAAU;QAAS,UAAK,GAAL,KAAK,CAAqB;IAAG,CAAC;CACnJ;AAVD,4BAUC","sourcesContent":["/**\n * Define la propiedad de la playlist\n */\nexport type Property = 'user' | 'system'; \n\n/**\n * Clase Género\n */\nexport class Genre {\n    /**\n     * Constructor\n     * @param name Nombre del género\n     * @param authors Autores del género\n     * @param albums Albumes del género\n     * @param songs Canciones del género\n     */\n    constructor(public name: string, public authors: string[], public albums: string[], public songs: string[]) {}\n}\n\n/**\n * Clase Album\n */\nexport class Album {\n    /**\n     * Constructor\n     * @param name Nombre del album\n     * @param author Autor del album\n     * @param yearPublication Año de publicación\n     * @param genres Géneros del album\n     * @param songs Canciones del album\n     */\n    constructor(public name: string, public author: string, public yearPublication: number, public genres: string[], public songs: string[]) {}\n}\n\n/**\n * Clase Canción\n */\nexport class Song {\n    /**\n     * Constructor\n     * @param name Nombre de la canción\n     * @param author Autor de la canción\n     * @param duration Duración de la canción\n     * @param genres Géneros de la canción\n     * @param single Boleano que determina si la canción es un single\n     * @param numberReproductions Número de reproducciones totales\n     */\n    constructor(public name: string, public author: string, public duration: number, public genres: string[], public single: boolean, public numberReproductions: number) {}\n}\n\n/**\n * Clase Abstracta Autor\n */\nexport abstract class Author {\n    /**\n     * Constructor\n     * @param name Nombre del autor\n     * @param genres Géneros del autor\n     * @param albums Albumes del autor\n     * @param monthlyListeners Oyentes mensuales\n     */\n    constructor(public name: string, public genres: string[], public albums: string[], public monthlyListeners: number) {}\n}\n\n/**\n * Clase Grupo\n */\nexport class Group extends Author {\n    /**\n     * Constructor\n     * @param name Nombre del grupo\n     * @param artists Artistas que pertencen al grupo\n     * @param yearCreation Año de creación del grupo\n     * @param genres Géneros del grupo\n     * @param albums Albumes del grupo\n     * @param monthlyListeners Oyentes mensuales\n     */\n    constructor(name: string, public artists: string[], public yearCreation: number, genres: string[], albums: string[], monthlyListeners: number) {\n        super(name, genres, albums, monthlyListeners);\n    }\n}\n\n/**\n * Clase Artista\n */\nexport class Artist extends Author {\n    /**\n     * Constructor\n     * @param name Nombre del artista \n     * @param groups Grupos a los que pertenece el artista\n     * @param genres Géneros del artista\n     * @param albums Albumes del artista\n     * @param songs Canciones del artista\n     * @param monthlyListeners Oyentes mensuales\n     */\n    constructor(name: string, public groups: string[], genres: string[], albums: string[], public songs: string[], monthlyListeners: number) {\n        super(name, genres, albums, monthlyListeners);\n    }\n}\n\n/**\n * Clase Playlist\n */\nexport class Playlist {\n    /**\n     * Constructor\n     * @param name Nombre de la playlist\n     * @param songs Canciones de la playlist\n     * @param duration Duración de la playlist en horas y minutos\n     * @param genres Géneros de la playlist\n     * @param owner Propietario de la playlist\n     */\n    constructor(public name: string, public songs: string[], public duration: number, public genres: string[], public owner: Property = 'system') {}\n}"]},"_coverageSchema":"1a1c01bbd47fc00a2c39e90264f33305004495a9","hash":"9a5f02a1a4b011812ae891b7f70c8602717a76f4","contentHash":"cb05b08fd2df1dfea3d8f68f2f0c5a9f522ca730ad0d6c1f90285873c21d2c1c"},"/home/usuario/P7/src/database.ts":{"path":"/home/usuario/P7/src/database.ts","statementMap":{"0":{"start":{"line":2,"column":22},"end":{"line":4,"column":1}},"1":{"start":{"line":3,"column":4},"end":{"line":3,"column":62}},"2":{"start":{"line":5,"column":0},"end":{"line":5,"column":62}},"3":{"start":{"line":6,"column":0},"end":{"line":6,"column":26}},"4":{"start":{"line":7,"column":16},"end":{"line":7,"column":49}},"5":{"start":{"line":8,"column":19},"end":{"line":8,"column":70}},"6":{"start":{"line":12,"column":24},"end":{"line":12,"column":57}},"7":{"start":{"line":13,"column":8},"end":{"line":13,"column":48}},"8":{"start":{"line":14,"column":8},"end":{"line":14,"column":26}},"9":{"start":{"line":15,"column":8},"end":{"line":15,"column":26}},"10":{"start":{"line":16,"column":8},"end":{"line":16,"column":25}},"11":{"start":{"line":17,"column":8},"end":{"line":17,"column":27}},"12":{"start":{"line":18,"column":8},"end":{"line":18,"column":26}},"13":{"start":{"line":19,"column":8},"end":{"line":19,"column":29}},"14":{"start":{"line":22,"column":8},"end":{"line":24,"column":9}},"15":{"start":{"line":23,"column":12},"end":{"line":23,"column":46}},"16":{"start":{"line":27,"column":8},"end":{"line":29,"column":9}},"17":{"start":{"line":28,"column":12},"end":{"line":28,"column":46}},"18":{"start":{"line":32,"column":8},"end":{"line":34,"column":9}},"19":{"start":{"line":33,"column":12},"end":{"line":33,"column":45}},"20":{"start":{"line":37,"column":8},"end":{"line":39,"column":9}},"21":{"start":{"line":38,"column":12},"end":{"line":38,"column":47}},"22":{"start":{"line":42,"column":8},"end":{"line":44,"column":9}},"23":{"start":{"line":43,"column":12},"end":{"line":43,"column":46}},"24":{"start":{"line":47,"column":8},"end":{"line":49,"column":9}},"25":{"start":{"line":48,"column":12},"end":{"line":48,"column":49}},"26":{"start":{"line":52,"column":8},"end":{"line":54,"column":11}},"27":{"start":{"line":53,"column":12},"end":{"line":53,"column":44}},"28":{"start":{"line":57,"column":8},"end":{"line":59,"column":11}},"29":{"start":{"line":58,"column":12},"end":{"line":58,"column":42}},"30":{"start":{"line":62,"column":8},"end":{"line":64,"column":11}},"31":{"start":{"line":63,"column":12},"end":{"line":63,"column":44}},"32":{"start":{"line":67,"column":8},"end":{"line":69,"column":11}},"33":{"start":{"line":68,"column":12},"end":{"line":68,"column":46}},"34":{"start":{"line":72,"column":8},"end":{"line":74,"column":11}},"35":{"start":{"line":73,"column":12},"end":{"line":73,"column":44}},"36":{"start":{"line":77,"column":8},"end":{"line":79,"column":11}},"37":{"start":{"line":78,"column":12},"end":{"line":78,"column":50}},"38":{"start":{"line":82,"column":8},"end":{"line":82,"column":50}},"39":{"start":{"line":85,"column":8},"end":{"line":85,"column":48}},"40":{"start":{"line":88,"column":8},"end":{"line":88,"column":50}},"41":{"start":{"line":91,"column":8},"end":{"line":91,"column":52}},"42":{"start":{"line":94,"column":8},"end":{"line":94,"column":50}},"43":{"start":{"line":97,"column":8},"end":{"line":97,"column":56}},"44":{"start":{"line":100,"column":27},"end":{"line":100,"column":52}},"45":{"start":{"line":101,"column":8},"end":{"line":101,"column":62}},"46":{"start":{"line":104,"column":26},"end":{"line":104,"column":49}},"47":{"start":{"line":105,"column":8},"end":{"line":105,"column":60}},"48":{"start":{"line":108,"column":27},"end":{"line":108,"column":52}},"49":{"start":{"line":109,"column":8},"end":{"line":109,"column":62}},"50":{"start":{"line":112,"column":28},"end":{"line":112,"column":55}},"51":{"start":{"line":113,"column":8},"end":{"line":113,"column":64}},"52":{"start":{"line":116,"column":27},"end":{"line":116,"column":52}},"53":{"start":{"line":117,"column":8},"end":{"line":117,"column":62}},"54":{"start":{"line":120,"column":30},"end":{"line":120,"column":61}},"55":{"start":{"line":121,"column":8},"end":{"line":121,"column":68}},"56":{"start":{"line":124,"column":18},"end":{"line":124,"column":20}},"57":{"start":{"line":125,"column":8},"end":{"line":132,"column":9}},"58":{"start":{"line":126,"column":24},"end":{"line":126,"column":53}},"59":{"start":{"line":127,"column":26},"end":{"line":127,"column":71}},"60":{"start":{"line":128,"column":12},"end":{"line":128,"column":78}},"61":{"start":{"line":131,"column":12},"end":{"line":131,"column":82}},"62":{"start":{"line":133,"column":8},"end":{"line":133,"column":19}},"63":{"start":{"line":136,"column":18},"end":{"line":136,"column":20}},"64":{"start":{"line":137,"column":8},"end":{"line":144,"column":9}},"65":{"start":{"line":138,"column":26},"end":{"line":138,"column":51}},"66":{"start":{"line":139,"column":26},"end":{"line":139,"column":69}},"67":{"start":{"line":140,"column":12},"end":{"line":140,"column":62}},"68":{"start":{"line":143,"column":12},"end":{"line":143,"column":78}},"69":{"start":{"line":145,"column":8},"end":{"line":145,"column":19}},"70":{"start":{"line":149,"column":30},"end":{"line":151,"column":10}},"71":{"start":{"line":150,"column":12},"end":{"line":150,"column":50}},"72":{"start":{"line":152,"column":8},"end":{"line":152,"column":129}},"73":{"start":{"line":153,"column":8},"end":{"line":153,"column":24}},"74":{"start":{"line":156,"column":30},"end":{"line":156,"column":116}},"75":{"start":{"line":156,"column":84},"end":{"line":156,"column":114}},"76":{"start":{"line":157,"column":8},"end":{"line":157,"column":68}},"77":{"start":{"line":161,"column":30},"end":{"line":161,"column":116}},"78":{"start":{"line":161,"column":84},"end":{"line":161,"column":114}},"79":{"start":{"line":162,"column":24},"end":{"line":162,"column":97}},"80":{"start":{"line":163,"column":8},"end":{"line":163,"column":135}},"81":{"start":{"line":164,"column":8},"end":{"line":164,"column":24}},"82":{"start":{"line":167,"column":8},"end":{"line":170,"column":21}},"83":{"start":{"line":173,"column":19},"end":{"line":173,"column":21}},"84":{"start":{"line":174,"column":8},"end":{"line":174,"column":44}},"85":{"start":{"line":175,"column":8},"end":{"line":179,"column":11}},"86":{"start":{"line":176,"column":12},"end":{"line":176,"column":41}},"87":{"start":{"line":177,"column":12},"end":{"line":177,"column":71}},"88":{"start":{"line":178,"column":12},"end":{"line":178,"column":73}},"89":{"start":{"line":180,"column":8},"end":{"line":180,"column":20}},"90":{"start":{"line":183,"column":23},"end":{"line":183,"column":53}},"91":{"start":{"line":184,"column":23},"end":{"line":184,"column":25}},"92":{"start":{"line":185,"column":8},"end":{"line":201,"column":9}},"93":{"start":{"line":186,"column":12},"end":{"line":186,"column":104}},"94":{"start":{"line":187,"column":12},"end":{"line":197,"column":15}},"95":{"start":{"line":188,"column":29},"end":{"line":188,"column":47}},"96":{"start":{"line":189,"column":16},"end":{"line":196,"column":17}},"97":{"start":{"line":190,"column":20},"end":{"line":190,"column":76}},"98":{"start":{"line":191,"column":20},"end":{"line":191,"column":77}},"99":{"start":{"line":192,"column":20},"end":{"line":192,"column":118}},"100":{"start":{"line":195,"column":20},"end":{"line":195,"column":55}},"101":{"start":{"line":200,"column":12},"end":{"line":200,"column":51}},"102":{"start":{"line":202,"column":8},"end":{"line":202,"column":24}},"103":{"start":{"line":206,"column":26},"end":{"line":206,"column":27}},"104":{"start":{"line":207,"column":18},"end":{"line":207,"column":19}},"105":{"start":{"line":208,"column":18},"end":{"line":208,"column":19}},"106":{"start":{"line":209,"column":19},"end":{"line":209,"column":20}},"107":{"start":{"line":210,"column":8},"end":{"line":220,"column":11}},"108":{"start":{"line":215,"column":12},"end":{"line":215,"column":50}},"109":{"start":{"line":216,"column":12},"end":{"line":217,"column":91}},"110":{"start":{"line":218,"column":12},"end":{"line":218,"column":43}},"111":{"start":{"line":219,"column":12},"end":{"line":219,"column":90}},"112":{"start":{"line":221,"column":8},"end":{"line":221,"column":36}},"113":{"start":{"line":222,"column":8},"end":{"line":222,"column":36}},"114":{"start":{"line":223,"column":8},"end":{"line":223,"column":42}},"115":{"start":{"line":224,"column":8},"end":{"line":224,"column":41}},"116":{"start":{"line":225,"column":8},"end":{"line":228,"column":21}},"117":{"start":{"line":231,"column":24},"end":{"line":231,"column":26}},"118":{"start":{"line":232,"column":8},"end":{"line":247,"column":11}},"119":{"start":{"line":236,"column":25},"end":{"line":236,"column":47}},"120":{"start":{"line":237,"column":12},"end":{"line":246,"column":13}},"121":{"start":{"line":238,"column":16},"end":{"line":242,"column":19}},"122":{"start":{"line":239,"column":20},"end":{"line":241,"column":21}},"123":{"start":{"line":240,"column":24},"end":{"line":240,"column":50}},"124":{"start":{"line":245,"column":16},"end":{"line":245,"column":79}},"125":{"start":{"line":248,"column":8},"end":{"line":251,"column":21}},"126":{"start":{"line":254,"column":30},"end":{"line":254,"column":116}},"127":{"start":{"line":254,"column":84},"end":{"line":254,"column":114}},"128":{"start":{"line":260,"column":8},"end":{"line":260,"column":24}},"129":{"start":{"line":264,"column":30},"end":{"line":264,"column":116}},"130":{"start":{"line":264,"column":84},"end":{"line":264,"column":114}},"131":{"start":{"line":265,"column":8},"end":{"line":267,"column":11}},"132":{"start":{"line":266,"column":12},"end":{"line":266,"column":70}},"133":{"start":{"line":268,"column":8},"end":{"line":268,"column":24}},"134":{"start":{"line":272,"column":30},"end":{"line":272,"column":116}},"135":{"start":{"line":272,"column":84},"end":{"line":272,"column":114}},"136":{"start":{"line":273,"column":8},"end":{"line":279,"column":11}},"137":{"start":{"line":275,"column":26},"end":{"line":275,"column":133}},"138":{"start":{"line":276,"column":26},"end":{"line":276,"column":133}},"139":{"start":{"line":278,"column":12},"end":{"line":278,"column":74}},"140":{"start":{"line":280,"column":8},"end":{"line":280,"column":24}},"141":{"start":{"line":284,"column":30},"end":{"line":284,"column":116}},"142":{"start":{"line":284,"column":84},"end":{"line":284,"column":114}},"143":{"start":{"line":285,"column":8},"end":{"line":291,"column":11}},"144":{"start":{"line":287,"column":28},"end":{"line":287,"column":137}},"145":{"start":{"line":288,"column":28},"end":{"line":288,"column":137}},"146":{"start":{"line":290,"column":12},"end":{"line":290,"column":41}},"147":{"start":{"line":292,"column":8},"end":{"line":292,"column":24}},"148":{"start":{"line":296,"column":30},"end":{"line":296,"column":116}},"149":{"start":{"line":296,"column":84},"end":{"line":296,"column":114}},"150":{"start":{"line":297,"column":8},"end":{"line":303,"column":11}},"151":{"start":{"line":299,"column":33},"end":{"line":299,"column":153}},"152":{"start":{"line":300,"column":33},"end":{"line":300,"column":153}},"153":{"start":{"line":302,"column":12},"end":{"line":302,"column":51}},"154":{"start":{"line":304,"column":8},"end":{"line":304,"column":24}},"155":{"start":{"line":307,"column":27},"end":{"line":307,"column":52}},"156":{"start":{"line":308,"column":8},"end":{"line":308,"column":62}},"157":{"start":{"line":311,"column":28},"end":{"line":311,"column":55}},"158":{"start":{"line":312,"column":8},"end":{"line":312,"column":64}},"159":{"start":{"line":315,"column":27},"end":{"line":315,"column":52}},"160":{"start":{"line":316,"column":8},"end":{"line":316,"column":62}},"161":{"start":{"line":319,"column":26},"end":{"line":319,"column":49}},"162":{"start":{"line":320,"column":8},"end":{"line":320,"column":60}},"163":{"start":{"line":323,"column":27},"end":{"line":323,"column":52}},"164":{"start":{"line":324,"column":8},"end":{"line":324,"column":62}},"165":{"start":{"line":327,"column":8},"end":{"line":330,"column":21}},"166":{"start":{"line":333,"column":8},"end":{"line":336,"column":21}},"167":{"start":{"line":339,"column":8},"end":{"line":342,"column":21}},"168":{"start":{"line":345,"column":8},"end":{"line":348,"column":21}},"169":{"start":{"line":351,"column":8},"end":{"line":354,"column":21}},"170":{"start":{"line":357,"column":8},"end":{"line":360,"column":21}},"171":{"start":{"line":363,"column":8},"end":{"line":366,"column":21}},"172":{"start":{"line":369,"column":8},"end":{"line":372,"column":21}},"173":{"start":{"line":375,"column":8},"end":{"line":378,"column":21}},"174":{"start":{"line":381,"column":8},"end":{"line":384,"column":21}},"175":{"start":{"line":387,"column":8},"end":{"line":390,"column":21}},"176":{"start":{"line":393,"column":8},"end":{"line":396,"column":21}},"177":{"start":{"line":399,"column":8},"end":{"line":402,"column":21}},"178":{"start":{"line":405,"column":8},"end":{"line":408,"column":21}},"179":{"start":{"line":411,"column":8},"end":{"line":414,"column":21}},"180":{"start":{"line":417,"column":8},"end":{"line":420,"column":21}},"181":{"start":{"line":423,"column":8},"end":{"line":426,"column":21}},"182":{"start":{"line":429,"column":8},"end":{"line":432,"column":21}},"183":{"start":{"line":435,"column":8},"end":{"line":438,"column":21}},"184":{"start":{"line":441,"column":8},"end":{"line":444,"column":21}},"185":{"start":{"line":447,"column":8},"end":{"line":450,"column":21}},"186":{"start":{"line":453,"column":8},"end":{"line":456,"column":21}},"187":{"start":{"line":459,"column":19},"end":{"line":459,"column":21}},"188":{"start":{"line":460,"column":19},"end":{"line":460,"column":41}},"189":{"start":{"line":461,"column":8},"end":{"line":461,"column":90}},"190":{"start":{"line":462,"column":8},"end":{"line":462,"column":94}},"191":{"start":{"line":463,"column":8},"end":{"line":463,"column":98}},"192":{"start":{"line":464,"column":8},"end":{"line":464,"column":94}},"193":{"start":{"line":465,"column":8},"end":{"line":465,"column":94}},"194":{"start":{"line":466,"column":8},"end":{"line":466,"column":117}},"195":{"start":{"line":467,"column":8},"end":{"line":467,"column":20}},"196":{"start":{"line":470,"column":19},"end":{"line":470,"column":21}},"197":{"start":{"line":471,"column":20},"end":{"line":471,"column":44}},"198":{"start":{"line":472,"column":8},"end":{"line":472,"column":93}},"199":{"start":{"line":473,"column":8},"end":{"line":473,"column":99}},"200":{"start":{"line":474,"column":8},"end":{"line":474,"column":97}},"201":{"start":{"line":475,"column":8},"end":{"line":475,"column":88}},"202":{"start":{"line":476,"column":8},"end":{"line":476,"column":20}},"203":{"start":{"line":479,"column":19},"end":{"line":479,"column":21}},"204":{"start":{"line":480,"column":20},"end":{"line":480,"column":44}},"205":{"start":{"line":481,"column":8},"end":{"line":481,"column":93}},"206":{"start":{"line":482,"column":8},"end":{"line":482,"column":97}},"207":{"start":{"line":483,"column":8},"end":{"line":483,"column":118}},"208":{"start":{"line":484,"column":8},"end":{"line":484,"column":97}},"209":{"start":{"line":485,"column":8},"end":{"line":485,"column":88}},"210":{"start":{"line":486,"column":8},"end":{"line":486,"column":20}},"211":{"start":{"line":489,"column":19},"end":{"line":489,"column":21}},"212":{"start":{"line":490,"column":20},"end":{"line":490,"column":44}},"213":{"start":{"line":491,"column":8},"end":{"line":491,"column":93}},"214":{"start":{"line":492,"column":8},"end":{"line":492,"column":99}},"215":{"start":{"line":493,"column":8},"end":{"line":493,"column":113}},"216":{"start":{"line":494,"column":8},"end":{"line":494,"column":97}},"217":{"start":{"line":495,"column":8},"end":{"line":495,"column":97}},"218":{"start":{"line":496,"column":8},"end":{"line":496,"column":111}},"219":{"start":{"line":497,"column":8},"end":{"line":497,"column":20}},"220":{"start":{"line":500,"column":19},"end":{"line":500,"column":21}},"221":{"start":{"line":501,"column":21},"end":{"line":501,"column":47}},"222":{"start":{"line":502,"column":8},"end":{"line":502,"column":96}},"223":{"start":{"line":503,"column":8},"end":{"line":503,"column":100}},"224":{"start":{"line":504,"column":8},"end":{"line":504,"column":100}},"225":{"start":{"line":505,"column":8},"end":{"line":505,"column":100}},"226":{"start":{"line":506,"column":8},"end":{"line":506,"column":98}},"227":{"start":{"line":507,"column":8},"end":{"line":507,"column":114}},"228":{"start":{"line":508,"column":8},"end":{"line":508,"column":20}},"229":{"start":{"line":511,"column":0},"end":{"line":511,"column":28}}},"fnMap":{"0":{"name":"(anonymous_0)","decl":{"start":{"line":2,"column":56},"end":{"line":2,"column":57}},"loc":{"start":{"line":2,"column":71},"end":{"line":4,"column":1}},"line":2},"1":{"name":"(anonymous_1)","decl":{"start":{"line":11,"column":4},"end":{"line":11,"column":5}},"loc":{"start":{"line":11,"column":18},"end":{"line":20,"column":5}},"line":11},"2":{"name":"(anonymous_2)","decl":{"start":{"line":21,"column":4},"end":{"line":21,"column":5}},"loc":{"start":{"line":21,"column":17},"end":{"line":25,"column":5}},"line":21},"3":{"name":"(anonymous_3)","decl":{"start":{"line":26,"column":4},"end":{"line":26,"column":5}},"loc":{"start":{"line":26,"column":17},"end":{"line":30,"column":5}},"line":26},"4":{"name":"(anonymous_4)","decl":{"start":{"line":31,"column":4},"end":{"line":31,"column":5}},"loc":{"start":{"line":31,"column":16},"end":{"line":35,"column":5}},"line":31},"5":{"name":"(anonymous_5)","decl":{"start":{"line":36,"column":4},"end":{"line":36,"column":5}},"loc":{"start":{"line":36,"column":18},"end":{"line":40,"column":5}},"line":36},"6":{"name":"(anonymous_6)","decl":{"start":{"line":41,"column":4},"end":{"line":41,"column":5}},"loc":{"start":{"line":41,"column":17},"end":{"line":45,"column":5}},"line":41},"7":{"name":"(anonymous_7)","decl":{"start":{"line":46,"column":4},"end":{"line":46,"column":5}},"loc":{"start":{"line":46,"column":20},"end":{"line":50,"column":5}},"line":46},"8":{"name":"(anonymous_8)","decl":{"start":{"line":51,"column":4},"end":{"line":51,"column":5}},"loc":{"start":{"line":51,"column":25},"end":{"line":55,"column":5}},"line":51},"9":{"name":"(anonymous_9)","decl":{"start":{"line":52,"column":55},"end":{"line":52,"column":56}},"loc":{"start":{"line":52,"column":66},"end":{"line":54,"column":9}},"line":52},"10":{"name":"(anonymous_10)","decl":{"start":{"line":56,"column":4},"end":{"line":56,"column":5}},"loc":{"start":{"line":56,"column":23},"end":{"line":60,"column":5}},"line":56},"11":{"name":"(anonymous_11)","decl":{"start":{"line":57,"column":54},"end":{"line":57,"column":55}},"loc":{"start":{"line":57,"column":64},"end":{"line":59,"column":9}},"line":57},"12":{"name":"(anonymous_12)","decl":{"start":{"line":61,"column":4},"end":{"line":61,"column":5}},"loc":{"start":{"line":61,"column":25},"end":{"line":65,"column":5}},"line":61},"13":{"name":"(anonymous_13)","decl":{"start":{"line":62,"column":55},"end":{"line":62,"column":56}},"loc":{"start":{"line":62,"column":66},"end":{"line":64,"column":9}},"line":62},"14":{"name":"(anonymous_14)","decl":{"start":{"line":66,"column":4},"end":{"line":66,"column":5}},"loc":{"start":{"line":66,"column":27},"end":{"line":70,"column":5}},"line":66},"15":{"name":"(anonymous_15)","decl":{"start":{"line":67,"column":56},"end":{"line":67,"column":57}},"loc":{"start":{"line":67,"column":68},"end":{"line":69,"column":9}},"line":67},"16":{"name":"(anonymous_16)","decl":{"start":{"line":71,"column":4},"end":{"line":71,"column":5}},"loc":{"start":{"line":71,"column":25},"end":{"line":75,"column":5}},"line":71},"17":{"name":"(anonymous_17)","decl":{"start":{"line":72,"column":55},"end":{"line":72,"column":56}},"loc":{"start":{"line":72,"column":66},"end":{"line":74,"column":9}},"line":72},"18":{"name":"(anonymous_18)","decl":{"start":{"line":76,"column":4},"end":{"line":76,"column":5}},"loc":{"start":{"line":76,"column":31},"end":{"line":80,"column":5}},"line":76},"19":{"name":"(anonymous_19)","decl":{"start":{"line":77,"column":58},"end":{"line":77,"column":59}},"loc":{"start":{"line":77,"column":72},"end":{"line":79,"column":9}},"line":77},"20":{"name":"(anonymous_20)","decl":{"start":{"line":81,"column":4},"end":{"line":81,"column":5}},"loc":{"start":{"line":81,"column":20},"end":{"line":83,"column":5}},"line":81},"21":{"name":"(anonymous_21)","decl":{"start":{"line":84,"column":4},"end":{"line":84,"column":5}},"loc":{"start":{"line":84,"column":18},"end":{"line":86,"column":5}},"line":84},"22":{"name":"(anonymous_22)","decl":{"start":{"line":87,"column":4},"end":{"line":87,"column":5}},"loc":{"start":{"line":87,"column":20},"end":{"line":89,"column":5}},"line":87},"23":{"name":"(anonymous_23)","decl":{"start":{"line":90,"column":4},"end":{"line":90,"column":5}},"loc":{"start":{"line":90,"column":22},"end":{"line":92,"column":5}},"line":90},"24":{"name":"(anonymous_24)","decl":{"start":{"line":93,"column":4},"end":{"line":93,"column":5}},"loc":{"start":{"line":93,"column":20},"end":{"line":95,"column":5}},"line":93},"25":{"name":"(anonymous_25)","decl":{"start":{"line":96,"column":4},"end":{"line":96,"column":5}},"loc":{"start":{"line":96,"column":26},"end":{"line":98,"column":5}},"line":96},"26":{"name":"(anonymous_26)","decl":{"start":{"line":99,"column":4},"end":{"line":99,"column":5}},"loc":{"start":{"line":99,"column":24},"end":{"line":102,"column":5}},"line":99},"27":{"name":"(anonymous_27)","decl":{"start":{"line":103,"column":4},"end":{"line":103,"column":5}},"loc":{"start":{"line":103,"column":22},"end":{"line":106,"column":5}},"line":103},"28":{"name":"(anonymous_28)","decl":{"start":{"line":107,"column":4},"end":{"line":107,"column":5}},"loc":{"start":{"line":107,"column":24},"end":{"line":110,"column":5}},"line":107},"29":{"name":"(anonymous_29)","decl":{"start":{"line":111,"column":4},"end":{"line":111,"column":5}},"loc":{"start":{"line":111,"column":26},"end":{"line":114,"column":5}},"line":111},"30":{"name":"(anonymous_30)","decl":{"start":{"line":115,"column":4},"end":{"line":115,"column":5}},"loc":{"start":{"line":115,"column":24},"end":{"line":118,"column":5}},"line":115},"31":{"name":"(anonymous_31)","decl":{"start":{"line":119,"column":4},"end":{"line":119,"column":5}},"loc":{"start":{"line":119,"column":30},"end":{"line":122,"column":5}},"line":119},"32":{"name":"(anonymous_32)","decl":{"start":{"line":123,"column":4},"end":{"line":123,"column":5}},"loc":{"start":{"line":123,"column":43},"end":{"line":134,"column":5}},"line":123},"33":{"name":"(anonymous_33)","decl":{"start":{"line":135,"column":4},"end":{"line":135,"column":5}},"loc":{"start":{"line":135,"column":35},"end":{"line":146,"column":5}},"line":135},"34":{"name":"(anonymous_34)","decl":{"start":{"line":147,"column":4},"end":{"line":147,"column":5}},"loc":{"start":{"line":147,"column":46},"end":{"line":154,"column":5}},"line":147},"35":{"name":"(anonymous_35)","decl":{"start":{"line":149,"column":73},"end":{"line":149,"column":74}},"loc":{"start":{"line":149,"column":87},"end":{"line":151,"column":9}},"line":149},"36":{"name":"(anonymous_36)","decl":{"start":{"line":155,"column":4},"end":{"line":155,"column":5}},"loc":{"start":{"line":155,"column":33},"end":{"line":158,"column":5}},"line":155},"37":{"name":"(anonymous_37)","decl":{"start":{"line":156,"column":72},"end":{"line":156,"column":73}},"loc":{"start":{"line":156,"column":84},"end":{"line":156,"column":114}},"line":156},"38":{"name":"(anonymous_38)","decl":{"start":{"line":159,"column":4},"end":{"line":159,"column":5}},"loc":{"start":{"line":159,"column":51},"end":{"line":165,"column":5}},"line":159},"39":{"name":"(anonymous_39)","decl":{"start":{"line":161,"column":72},"end":{"line":161,"column":73}},"loc":{"start":{"line":161,"column":84},"end":{"line":161,"column":114}},"line":161},"40":{"name":"(anonymous_40)","decl":{"start":{"line":166,"column":4},"end":{"line":166,"column":5}},"loc":{"start":{"line":166,"column":50},"end":{"line":171,"column":5}},"line":166},"41":{"name":"(anonymous_41)","decl":{"start":{"line":172,"column":4},"end":{"line":172,"column":5}},"loc":{"start":{"line":172,"column":20},"end":{"line":181,"column":5}},"line":172},"42":{"name":"(anonymous_42)","decl":{"start":{"line":175,"column":49},"end":{"line":175,"column":50}},"loc":{"start":{"line":175,"column":63},"end":{"line":179,"column":9}},"line":175},"43":{"name":"(anonymous_43)","decl":{"start":{"line":182,"column":4},"end":{"line":182,"column":5}},"loc":{"start":{"line":182,"column":31},"end":{"line":203,"column":5}},"line":182},"44":{"name":"(anonymous_44)","decl":{"start":{"line":187,"column":35},"end":{"line":187,"column":36}},"loc":{"start":{"line":187,"column":45},"end":{"line":197,"column":13}},"line":187},"45":{"name":"(anonymous_45)","decl":{"start":{"line":204,"column":4},"end":{"line":204,"column":5}},"loc":{"start":{"line":204,"column":41},"end":{"line":229,"column":5}},"line":204},"46":{"name":"(anonymous_46)","decl":{"start":{"line":213,"column":21},"end":{"line":213,"column":22}},"loc":{"start":{"line":213,"column":35},"end":{"line":220,"column":9}},"line":213},"47":{"name":"(anonymous_47)","decl":{"start":{"line":230,"column":4},"end":{"line":230,"column":5}},"loc":{"start":{"line":230,"column":39},"end":{"line":252,"column":5}},"line":230},"48":{"name":"(anonymous_48)","decl":{"start":{"line":235,"column":21},"end":{"line":235,"column":22}},"loc":{"start":{"line":235,"column":35},"end":{"line":247,"column":9}},"line":235},"49":{"name":"(anonymous_49)","decl":{"start":{"line":238,"column":38},"end":{"line":238,"column":39}},"loc":{"start":{"line":238,"column":53},"end":{"line":242,"column":17}},"line":238},"50":{"name":"(anonymous_50)","decl":{"start":{"line":253,"column":4},"end":{"line":253,"column":5}},"loc":{"start":{"line":253,"column":39},"end":{"line":261,"column":5}},"line":253},"51":{"name":"(anonymous_51)","decl":{"start":{"line":254,"column":72},"end":{"line":254,"column":73}},"loc":{"start":{"line":254,"column":84},"end":{"line":254,"column":114}},"line":254},"52":{"name":"(anonymous_52)","decl":{"start":{"line":262,"column":4},"end":{"line":262,"column":5}},"loc":{"start":{"line":262,"column":43},"end":{"line":269,"column":5}},"line":262},"53":{"name":"(anonymous_53)","decl":{"start":{"line":264,"column":72},"end":{"line":264,"column":73}},"loc":{"start":{"line":264,"column":84},"end":{"line":264,"column":114}},"line":264},"54":{"name":"(anonymous_54)","decl":{"start":{"line":265,"column":119},"end":{"line":265,"column":120}},"loc":{"start":{"line":265,"column":137},"end":{"line":267,"column":9}},"line":265},"55":{"name":"(anonymous_55)","decl":{"start":{"line":270,"column":4},"end":{"line":270,"column":5}},"loc":{"start":{"line":270,"column":45},"end":{"line":281,"column":5}},"line":270},"56":{"name":"(anonymous_56)","decl":{"start":{"line":272,"column":72},"end":{"line":272,"column":73}},"loc":{"start":{"line":272,"column":84},"end":{"line":272,"column":114}},"line":272},"57":{"name":"(anonymous_57)","decl":{"start":{"line":273,"column":119},"end":{"line":273,"column":120}},"loc":{"start":{"line":273,"column":137},"end":{"line":279,"column":9}},"line":273},"58":{"name":"(anonymous_58)","decl":{"start":{"line":282,"column":4},"end":{"line":282,"column":5}},"loc":{"start":{"line":282,"column":31},"end":{"line":293,"column":5}},"line":282},"59":{"name":"(anonymous_59)","decl":{"start":{"line":284,"column":72},"end":{"line":284,"column":73}},"loc":{"start":{"line":284,"column":84},"end":{"line":284,"column":114}},"line":284},"60":{"name":"(anonymous_60)","decl":{"start":{"line":285,"column":119},"end":{"line":285,"column":120}},"loc":{"start":{"line":285,"column":137},"end":{"line":291,"column":9}},"line":285},"61":{"name":"(anonymous_61)","decl":{"start":{"line":294,"column":4},"end":{"line":294,"column":5}},"loc":{"start":{"line":294,"column":43},"end":{"line":305,"column":5}},"line":294},"62":{"name":"(anonymous_62)","decl":{"start":{"line":296,"column":72},"end":{"line":296,"column":73}},"loc":{"start":{"line":296,"column":84},"end":{"line":296,"column":114}},"line":296},"63":{"name":"(anonymous_63)","decl":{"start":{"line":297,"column":119},"end":{"line":297,"column":120}},"loc":{"start":{"line":297,"column":137},"end":{"line":303,"column":9}},"line":297},"64":{"name":"(anonymous_64)","decl":{"start":{"line":306,"column":4},"end":{"line":306,"column":5}},"loc":{"start":{"line":306,"column":27},"end":{"line":309,"column":5}},"line":306},"65":{"name":"(anonymous_65)","decl":{"start":{"line":310,"column":4},"end":{"line":310,"column":5}},"loc":{"start":{"line":310,"column":29},"end":{"line":313,"column":5}},"line":310},"66":{"name":"(anonymous_66)","decl":{"start":{"line":314,"column":4},"end":{"line":314,"column":5}},"loc":{"start":{"line":314,"column":27},"end":{"line":317,"column":5}},"line":314},"67":{"name":"(anonymous_67)","decl":{"start":{"line":318,"column":4},"end":{"line":318,"column":5}},"loc":{"start":{"line":318,"column":25},"end":{"line":321,"column":5}},"line":318},"68":{"name":"(anonymous_68)","decl":{"start":{"line":322,"column":4},"end":{"line":322,"column":5}},"loc":{"start":{"line":322,"column":27},"end":{"line":325,"column":5}},"line":322},"69":{"name":"(anonymous_69)","decl":{"start":{"line":326,"column":4},"end":{"line":326,"column":5}},"loc":{"start":{"line":326,"column":48},"end":{"line":331,"column":5}},"line":326},"70":{"name":"(anonymous_70)","decl":{"start":{"line":332,"column":4},"end":{"line":332,"column":5}},"loc":{"start":{"line":332,"column":46},"end":{"line":337,"column":5}},"line":332},"71":{"name":"(anonymous_71)","decl":{"start":{"line":338,"column":4},"end":{"line":338,"column":5}},"loc":{"start":{"line":338,"column":44},"end":{"line":343,"column":5}},"line":338},"72":{"name":"(anonymous_72)","decl":{"start":{"line":344,"column":4},"end":{"line":344,"column":5}},"loc":{"start":{"line":344,"column":49},"end":{"line":349,"column":5}},"line":344},"73":{"name":"(anonymous_73)","decl":{"start":{"line":350,"column":4},"end":{"line":350,"column":5}},"loc":{"start":{"line":350,"column":49},"end":{"line":355,"column":5}},"line":350},"74":{"name":"(anonymous_74)","decl":{"start":{"line":356,"column":4},"end":{"line":356,"column":5}},"loc":{"start":{"line":356,"column":49},"end":{"line":361,"column":5}},"line":356},"75":{"name":"(anonymous_75)","decl":{"start":{"line":362,"column":4},"end":{"line":362,"column":5}},"loc":{"start":{"line":362,"column":47},"end":{"line":367,"column":5}},"line":362},"76":{"name":"(anonymous_76)","decl":{"start":{"line":368,"column":4},"end":{"line":368,"column":5}},"loc":{"start":{"line":368,"column":69},"end":{"line":373,"column":5}},"line":368},"77":{"name":"(anonymous_77)","decl":{"start":{"line":374,"column":4},"end":{"line":374,"column":5}},"loc":{"start":{"line":374,"column":48},"end":{"line":379,"column":5}},"line":374},"78":{"name":"(anonymous_78)","decl":{"start":{"line":380,"column":4},"end":{"line":380,"column":5}},"loc":{"start":{"line":380,"column":58},"end":{"line":385,"column":5}},"line":380},"79":{"name":"(anonymous_79)","decl":{"start":{"line":386,"column":4},"end":{"line":386,"column":5}},"loc":{"start":{"line":386,"column":46},"end":{"line":391,"column":5}},"line":386},"80":{"name":"(anonymous_80)","decl":{"start":{"line":392,"column":4},"end":{"line":392,"column":5}},"loc":{"start":{"line":392,"column":46},"end":{"line":397,"column":5}},"line":392},"81":{"name":"(anonymous_81)","decl":{"start":{"line":398,"column":4},"end":{"line":398,"column":5}},"loc":{"start":{"line":398,"column":66},"end":{"line":403,"column":5}},"line":398},"82":{"name":"(anonymous_82)","decl":{"start":{"line":404,"column":4},"end":{"line":404,"column":5}},"loc":{"start":{"line":404,"column":46},"end":{"line":409,"column":5}},"line":404},"83":{"name":"(anonymous_83)","decl":{"start":{"line":410,"column":4},"end":{"line":410,"column":5}},"loc":{"start":{"line":410,"column":64},"end":{"line":415,"column":5}},"line":410},"84":{"name":"(anonymous_84)","decl":{"start":{"line":416,"column":4},"end":{"line":416,"column":5}},"loc":{"start":{"line":416,"column":46},"end":{"line":421,"column":5}},"line":416},"85":{"name":"(anonymous_85)","decl":{"start":{"line":422,"column":4},"end":{"line":422,"column":5}},"loc":{"start":{"line":422,"column":44},"end":{"line":427,"column":5}},"line":422},"86":{"name":"(anonymous_86)","decl":{"start":{"line":428,"column":4},"end":{"line":428,"column":5}},"loc":{"start":{"line":428,"column":43},"end":{"line":433,"column":5}},"line":428},"87":{"name":"(anonymous_87)","decl":{"start":{"line":434,"column":4},"end":{"line":434,"column":5}},"loc":{"start":{"line":434,"column":47},"end":{"line":439,"column":5}},"line":434},"88":{"name":"(anonymous_88)","decl":{"start":{"line":440,"column":4},"end":{"line":440,"column":5}},"loc":{"start":{"line":440,"column":43},"end":{"line":445,"column":5}},"line":440},"89":{"name":"(anonymous_89)","decl":{"start":{"line":446,"column":4},"end":{"line":446,"column":5}},"loc":{"start":{"line":446,"column":43},"end":{"line":451,"column":5}},"line":446},"90":{"name":"(anonymous_90)","decl":{"start":{"line":452,"column":4},"end":{"line":452,"column":5}},"loc":{"start":{"line":452,"column":71},"end":{"line":457,"column":5}},"line":452},"91":{"name":"(anonymous_91)","decl":{"start":{"line":458,"column":4},"end":{"line":458,"column":5}},"loc":{"start":{"line":458,"column":23},"end":{"line":468,"column":5}},"line":458},"92":{"name":"(anonymous_92)","decl":{"start":{"line":469,"column":4},"end":{"line":469,"column":5}},"loc":{"start":{"line":469,"column":25},"end":{"line":477,"column":5}},"line":469},"93":{"name":"(anonymous_93)","decl":{"start":{"line":478,"column":4},"end":{"line":478,"column":5}},"loc":{"start":{"line":478,"column":25},"end":{"line":487,"column":5}},"line":478},"94":{"name":"(anonymous_94)","decl":{"start":{"line":488,"column":4},"end":{"line":488,"column":5}},"loc":{"start":{"line":488,"column":25},"end":{"line":498,"column":5}},"line":488},"95":{"name":"(anonymous_95)","decl":{"start":{"line":499,"column":4},"end":{"line":499,"column":5}},"loc":{"start":{"line":499,"column":27},"end":{"line":509,"column":5}},"line":499}},"branchMap":{"0":{"loc":{"start":{"line":2,"column":22},"end":{"line":4,"column":1}},"type":"binary-expr","locations":[{"start":{"line":2,"column":23},"end":{"line":2,"column":27}},{"start":{"line":2,"column":31},"end":{"line":2,"column":51}},{"start":{"line":2,"column":56},"end":{"line":4,"column":1}}],"line":2},"1":{"loc":{"start":{"line":3,"column":11},"end":{"line":3,"column":61}},"type":"cond-expr","locations":[{"start":{"line":3,"column":37},"end":{"line":3,"column":40}},{"start":{"line":3,"column":43},"end":{"line":3,"column":61}}],"line":3},"2":{"loc":{"start":{"line":3,"column":12},"end":{"line":3,"column":33}},"type":"binary-expr","locations":[{"start":{"line":3,"column":12},"end":{"line":3,"column":15}},{"start":{"line":3,"column":19},"end":{"line":3,"column":33}}],"line":3},"3":{"loc":{"start":{"line":22,"column":8},"end":{"line":24,"column":9}},"type":"if","locations":[{"start":{"line":22,"column":8},"end":{"line":24,"column":9}},{"start":{"line":22,"column":8},"end":{"line":24,"column":9}}],"line":22},"4":{"loc":{"start":{"line":27,"column":8},"end":{"line":29,"column":9}},"type":"if","locations":[{"start":{"line":27,"column":8},"end":{"line":29,"column":9}},{"start":{"line":27,"column":8},"end":{"line":29,"column":9}}],"line":27},"5":{"loc":{"start":{"line":32,"column":8},"end":{"line":34,"column":9}},"type":"if","locations":[{"start":{"line":32,"column":8},"end":{"line":34,"column":9}},{"start":{"line":32,"column":8},"end":{"line":34,"column":9}}],"line":32},"6":{"loc":{"start":{"line":37,"column":8},"end":{"line":39,"column":9}},"type":"if","locations":[{"start":{"line":37,"column":8},"end":{"line":39,"column":9}},{"start":{"line":37,"column":8},"end":{"line":39,"column":9}}],"line":37},"7":{"loc":{"start":{"line":42,"column":8},"end":{"line":44,"column":9}},"type":"if","locations":[{"start":{"line":42,"column":8},"end":{"line":44,"column":9}},{"start":{"line":42,"column":8},"end":{"line":44,"column":9}}],"line":42},"8":{"loc":{"start":{"line":47,"column":8},"end":{"line":49,"column":9}},"type":"if","locations":[{"start":{"line":47,"column":8},"end":{"line":49,"column":9}},{"start":{"line":47,"column":8},"end":{"line":49,"column":9}}],"line":47},"9":{"loc":{"start":{"line":125,"column":8},"end":{"line":132,"column":9}},"type":"if","locations":[{"start":{"line":125,"column":8},"end":{"line":132,"column":9}},{"start":{"line":125,"column":8},"end":{"line":132,"column":9}}],"line":125},"10":{"loc":{"start":{"line":137,"column":8},"end":{"line":144,"column":9}},"type":"if","locations":[{"start":{"line":137,"column":8},"end":{"line":144,"column":9}},{"start":{"line":137,"column":8},"end":{"line":144,"column":9}}],"line":137},"11":{"loc":{"start":{"line":152,"column":8},"end":{"line":152,"column":128}},"type":"cond-expr","locations":[{"start":{"line":152,"column":96},"end":{"line":152,"column":102}},{"start":{"line":152,"column":105},"end":{"line":152,"column":128}}],"line":152},"12":{"loc":{"start":{"line":152,"column":8},"end":{"line":152,"column":93}},"type":"binary-expr","locations":[{"start":{"line":152,"column":8},"end":{"line":152,"column":76}},{"start":{"line":152,"column":80},"end":{"line":152,"column":93}}],"line":152},"13":{"loc":{"start":{"line":163,"column":8},"end":{"line":163,"column":134}},"type":"cond-expr","locations":[{"start":{"line":163,"column":96},"end":{"line":163,"column":102}},{"start":{"line":163,"column":105},"end":{"line":163,"column":134}}],"line":163},"14":{"loc":{"start":{"line":163,"column":8},"end":{"line":163,"column":93}},"type":"binary-expr","locations":[{"start":{"line":163,"column":8},"end":{"line":163,"column":76}},{"start":{"line":163,"column":80},"end":{"line":163,"column":93}}],"line":163},"15":{"loc":{"start":{"line":185,"column":8},"end":{"line":201,"column":9}},"type":"if","locations":[{"start":{"line":185,"column":8},"end":{"line":201,"column":9}},{"start":{"line":185,"column":8},"end":{"line":201,"column":9}}],"line":185},"16":{"loc":{"start":{"line":189,"column":16},"end":{"line":196,"column":17}},"type":"if","locations":[{"start":{"line":189,"column":16},"end":{"line":196,"column":17}},{"start":{"line":189,"column":16},"end":{"line":196,"column":17}}],"line":189},"17":{"loc":{"start":{"line":216,"column":26},"end":{"line":217,"column":90}},"type":"cond-expr","locations":[{"start":{"line":217,"column":70},"end":{"line":217,"column":76}},{"start":{"line":217,"column":79},"end":{"line":217,"column":90}}],"line":216},"18":{"loc":{"start":{"line":216,"column":26},"end":{"line":217,"column":67}},"type":"binary-expr","locations":[{"start":{"line":216,"column":26},"end":{"line":217,"column":50}},{"start":{"line":217,"column":54},"end":{"line":217,"column":67}}],"line":216},"19":{"loc":{"start":{"line":237,"column":12},"end":{"line":246,"column":13}},"type":"if","locations":[{"start":{"line":237,"column":12},"end":{"line":246,"column":13}},{"start":{"line":237,"column":12},"end":{"line":246,"column":13}}],"line":237},"20":{"loc":{"start":{"line":239,"column":20},"end":{"line":241,"column":21}},"type":"if","locations":[{"start":{"line":239,"column":20},"end":{"line":241,"column":21}},{"start":{"line":239,"column":20},"end":{"line":241,"column":21}}],"line":239},"21":{"loc":{"start":{"line":265,"column":8},"end":{"line":267,"column":10}},"type":"cond-expr","locations":[{"start":{"line":265,"column":96},"end":{"line":265,"column":102}},{"start":{"line":265,"column":105},"end":{"line":267,"column":10}}],"line":265},"22":{"loc":{"start":{"line":265,"column":8},"end":{"line":265,"column":93}},"type":"binary-expr","locations":[{"start":{"line":265,"column":8},"end":{"line":265,"column":76}},{"start":{"line":265,"column":80},"end":{"line":265,"column":93}}],"line":265},"23":{"loc":{"start":{"line":273,"column":8},"end":{"line":279,"column":10}},"type":"cond-expr","locations":[{"start":{"line":273,"column":96},"end":{"line":273,"column":102}},{"start":{"line":273,"column":105},"end":{"line":279,"column":10}}],"line":273},"24":{"loc":{"start":{"line":273,"column":8},"end":{"line":273,"column":93}},"type":"binary-expr","locations":[{"start":{"line":273,"column":8},"end":{"line":273,"column":76}},{"start":{"line":273,"column":80},"end":{"line":273,"column":93}}],"line":273},"25":{"loc":{"start":{"line":275,"column":26},"end":{"line":275,"column":133}},"type":"cond-expr","locations":[{"start":{"line":275,"column":115},"end":{"line":275,"column":121}},{"start":{"line":275,"column":124},"end":{"line":275,"column":133}}],"line":275},"26":{"loc":{"start":{"line":275,"column":26},"end":{"line":275,"column":112}},"type":"binary-expr","locations":[{"start":{"line":275,"column":26},"end":{"line":275,"column":95}},{"start":{"line":275,"column":99},"end":{"line":275,"column":112}}],"line":275},"27":{"loc":{"start":{"line":276,"column":26},"end":{"line":276,"column":133}},"type":"cond-expr","locations":[{"start":{"line":276,"column":115},"end":{"line":276,"column":121}},{"start":{"line":276,"column":124},"end":{"line":276,"column":133}}],"line":276},"28":{"loc":{"start":{"line":276,"column":26},"end":{"line":276,"column":112}},"type":"binary-expr","locations":[{"start":{"line":276,"column":26},"end":{"line":276,"column":95}},{"start":{"line":276,"column":99},"end":{"line":276,"column":112}}],"line":276},"29":{"loc":{"start":{"line":285,"column":8},"end":{"line":291,"column":10}},"type":"cond-expr","locations":[{"start":{"line":285,"column":96},"end":{"line":285,"column":102}},{"start":{"line":285,"column":105},"end":{"line":291,"column":10}}],"line":285},"30":{"loc":{"start":{"line":285,"column":8},"end":{"line":285,"column":93}},"type":"binary-expr","locations":[{"start":{"line":285,"column":8},"end":{"line":285,"column":76}},{"start":{"line":285,"column":80},"end":{"line":285,"column":93}}],"line":285},"31":{"loc":{"start":{"line":287,"column":28},"end":{"line":287,"column":137}},"type":"cond-expr","locations":[{"start":{"line":287,"column":117},"end":{"line":287,"column":123}},{"start":{"line":287,"column":126},"end":{"line":287,"column":137}}],"line":287},"32":{"loc":{"start":{"line":287,"column":28},"end":{"line":287,"column":114}},"type":"binary-expr","locations":[{"start":{"line":287,"column":28},"end":{"line":287,"column":97}},{"start":{"line":287,"column":101},"end":{"line":287,"column":114}}],"line":287},"33":{"loc":{"start":{"line":288,"column":28},"end":{"line":288,"column":137}},"type":"cond-expr","locations":[{"start":{"line":288,"column":117},"end":{"line":288,"column":123}},{"start":{"line":288,"column":126},"end":{"line":288,"column":137}}],"line":288},"34":{"loc":{"start":{"line":288,"column":28},"end":{"line":288,"column":114}},"type":"binary-expr","locations":[{"start":{"line":288,"column":28},"end":{"line":288,"column":97}},{"start":{"line":288,"column":101},"end":{"line":288,"column":114}}],"line":288},"35":{"loc":{"start":{"line":297,"column":8},"end":{"line":303,"column":10}},"type":"cond-expr","locations":[{"start":{"line":297,"column":96},"end":{"line":297,"column":102}},{"start":{"line":297,"column":105},"end":{"line":303,"column":10}}],"line":297},"36":{"loc":{"start":{"line":297,"column":8},"end":{"line":297,"column":93}},"type":"binary-expr","locations":[{"start":{"line":297,"column":8},"end":{"line":297,"column":76}},{"start":{"line":297,"column":80},"end":{"line":297,"column":93}}],"line":297},"37":{"loc":{"start":{"line":299,"column":33},"end":{"line":299,"column":153}},"type":"cond-expr","locations":[{"start":{"line":299,"column":122},"end":{"line":299,"column":128}},{"start":{"line":299,"column":131},"end":{"line":299,"column":153}}],"line":299},"38":{"loc":{"start":{"line":299,"column":33},"end":{"line":299,"column":119}},"type":"binary-expr","locations":[{"start":{"line":299,"column":33},"end":{"line":299,"column":102}},{"start":{"line":299,"column":106},"end":{"line":299,"column":119}}],"line":299},"39":{"loc":{"start":{"line":300,"column":33},"end":{"line":300,"column":153}},"type":"cond-expr","locations":[{"start":{"line":300,"column":122},"end":{"line":300,"column":128}},{"start":{"line":300,"column":131},"end":{"line":300,"column":153}}],"line":300},"40":{"loc":{"start":{"line":300,"column":33},"end":{"line":300,"column":119}},"type":"binary-expr","locations":[{"start":{"line":300,"column":33},"end":{"line":300,"column":102}},{"start":{"line":300,"column":106},"end":{"line":300,"column":119}}],"line":300},"41":{"loc":{"start":{"line":461,"column":28},"end":{"line":461,"column":81}},"type":"cond-expr","locations":[{"start":{"line":461,"column":63},"end":{"line":461,"column":69}},{"start":{"line":461,"column":72},"end":{"line":461,"column":81}}],"line":461},"42":{"loc":{"start":{"line":461,"column":28},"end":{"line":461,"column":60}},"type":"binary-expr","locations":[{"start":{"line":461,"column":28},"end":{"line":461,"column":41}},{"start":{"line":461,"column":45},"end":{"line":461,"column":60}}],"line":461},"43":{"loc":{"start":{"line":462,"column":30},"end":{"line":462,"column":85}},"type":"cond-expr","locations":[{"start":{"line":462,"column":65},"end":{"line":462,"column":71}},{"start":{"line":462,"column":74},"end":{"line":462,"column":85}}],"line":462},"44":{"loc":{"start":{"line":462,"column":30},"end":{"line":462,"column":62}},"type":"binary-expr","locations":[{"start":{"line":462,"column":30},"end":{"line":462,"column":43}},{"start":{"line":462,"column":47},"end":{"line":462,"column":62}}],"line":462},"45":{"loc":{"start":{"line":463,"column":32},"end":{"line":463,"column":89}},"type":"cond-expr","locations":[{"start":{"line":463,"column":67},"end":{"line":463,"column":73}},{"start":{"line":463,"column":76},"end":{"line":463,"column":89}}],"line":463},"46":{"loc":{"start":{"line":463,"column":32},"end":{"line":463,"column":64}},"type":"binary-expr","locations":[{"start":{"line":463,"column":32},"end":{"line":463,"column":45}},{"start":{"line":463,"column":49},"end":{"line":463,"column":64}}],"line":463},"47":{"loc":{"start":{"line":464,"column":30},"end":{"line":464,"column":85}},"type":"cond-expr","locations":[{"start":{"line":464,"column":65},"end":{"line":464,"column":71}},{"start":{"line":464,"column":74},"end":{"line":464,"column":85}}],"line":464},"48":{"loc":{"start":{"line":464,"column":30},"end":{"line":464,"column":62}},"type":"binary-expr","locations":[{"start":{"line":464,"column":30},"end":{"line":464,"column":43}},{"start":{"line":464,"column":47},"end":{"line":464,"column":62}}],"line":464},"49":{"loc":{"start":{"line":465,"column":30},"end":{"line":465,"column":85}},"type":"cond-expr","locations":[{"start":{"line":465,"column":65},"end":{"line":465,"column":71}},{"start":{"line":465,"column":74},"end":{"line":465,"column":85}}],"line":465},"50":{"loc":{"start":{"line":465,"column":30},"end":{"line":465,"column":62}},"type":"binary-expr","locations":[{"start":{"line":465,"column":30},"end":{"line":465,"column":43}},{"start":{"line":465,"column":47},"end":{"line":465,"column":62}}],"line":465},"51":{"loc":{"start":{"line":466,"column":47},"end":{"line":466,"column":115}},"type":"cond-expr","locations":[{"start":{"line":466,"column":82},"end":{"line":466,"column":88}},{"start":{"line":466,"column":91},"end":{"line":466,"column":115}}],"line":466},"52":{"loc":{"start":{"line":466,"column":47},"end":{"line":466,"column":79}},"type":"binary-expr","locations":[{"start":{"line":466,"column":47},"end":{"line":466,"column":60}},{"start":{"line":466,"column":64},"end":{"line":466,"column":79}}],"line":466},"53":{"loc":{"start":{"line":472,"column":28},"end":{"line":472,"column":84}},"type":"cond-expr","locations":[{"start":{"line":472,"column":65},"end":{"line":472,"column":71}},{"start":{"line":472,"column":74},"end":{"line":472,"column":84}}],"line":472},"54":{"loc":{"start":{"line":472,"column":28},"end":{"line":472,"column":62}},"type":"binary-expr","locations":[{"start":{"line":472,"column":28},"end":{"line":472,"column":42}},{"start":{"line":472,"column":46},"end":{"line":472,"column":62}}],"line":472},"55":{"loc":{"start":{"line":473,"column":31},"end":{"line":473,"column":90}},"type":"cond-expr","locations":[{"start":{"line":473,"column":68},"end":{"line":473,"column":74}},{"start":{"line":473,"column":77},"end":{"line":473,"column":90}}],"line":473},"56":{"loc":{"start":{"line":473,"column":31},"end":{"line":473,"column":65}},"type":"binary-expr","locations":[{"start":{"line":473,"column":31},"end":{"line":473,"column":45}},{"start":{"line":473,"column":49},"end":{"line":473,"column":65}}],"line":473},"57":{"loc":{"start":{"line":474,"column":30},"end":{"line":474,"column":88}},"type":"cond-expr","locations":[{"start":{"line":474,"column":67},"end":{"line":474,"column":73}},{"start":{"line":474,"column":76},"end":{"line":474,"column":88}}],"line":474},"58":{"loc":{"start":{"line":474,"column":30},"end":{"line":474,"column":64}},"type":"binary-expr","locations":[{"start":{"line":474,"column":30},"end":{"line":474,"column":44}},{"start":{"line":474,"column":48},"end":{"line":474,"column":64}}],"line":474},"59":{"loc":{"start":{"line":475,"column":29},"end":{"line":475,"column":86}},"type":"cond-expr","locations":[{"start":{"line":475,"column":66},"end":{"line":475,"column":72}},{"start":{"line":475,"column":75},"end":{"line":475,"column":86}}],"line":475},"60":{"loc":{"start":{"line":475,"column":29},"end":{"line":475,"column":63}},"type":"binary-expr","locations":[{"start":{"line":475,"column":29},"end":{"line":475,"column":43}},{"start":{"line":475,"column":47},"end":{"line":475,"column":63}}],"line":475},"61":{"loc":{"start":{"line":481,"column":28},"end":{"line":481,"column":84}},"type":"cond-expr","locations":[{"start":{"line":481,"column":65},"end":{"line":481,"column":71}},{"start":{"line":481,"column":74},"end":{"line":481,"column":84}}],"line":481},"62":{"loc":{"start":{"line":481,"column":28},"end":{"line":481,"column":62}},"type":"binary-expr","locations":[{"start":{"line":481,"column":28},"end":{"line":481,"column":42}},{"start":{"line":481,"column":46},"end":{"line":481,"column":62}}],"line":481},"63":{"loc":{"start":{"line":482,"column":30},"end":{"line":482,"column":88}},"type":"cond-expr","locations":[{"start":{"line":482,"column":67},"end":{"line":482,"column":73}},{"start":{"line":482,"column":76},"end":{"line":482,"column":88}}],"line":482},"64":{"loc":{"start":{"line":482,"column":30},"end":{"line":482,"column":64}},"type":"binary-expr","locations":[{"start":{"line":482,"column":30},"end":{"line":482,"column":44}},{"start":{"line":482,"column":48},"end":{"line":482,"column":64}}],"line":482},"65":{"loc":{"start":{"line":483,"column":42},"end":{"line":483,"column":109}},"type":"cond-expr","locations":[{"start":{"line":483,"column":79},"end":{"line":483,"column":85}},{"start":{"line":483,"column":88},"end":{"line":483,"column":109}}],"line":483},"66":{"loc":{"start":{"line":483,"column":42},"end":{"line":483,"column":76}},"type":"binary-expr","locations":[{"start":{"line":483,"column":42},"end":{"line":483,"column":56}},{"start":{"line":483,"column":60},"end":{"line":483,"column":76}}],"line":483},"67":{"loc":{"start":{"line":484,"column":30},"end":{"line":484,"column":88}},"type":"cond-expr","locations":[{"start":{"line":484,"column":67},"end":{"line":484,"column":73}},{"start":{"line":484,"column":76},"end":{"line":484,"column":88}}],"line":484},"68":{"loc":{"start":{"line":484,"column":30},"end":{"line":484,"column":64}},"type":"binary-expr","locations":[{"start":{"line":484,"column":30},"end":{"line":484,"column":44}},{"start":{"line":484,"column":48},"end":{"line":484,"column":64}}],"line":484},"69":{"loc":{"start":{"line":485,"column":29},"end":{"line":485,"column":86}},"type":"cond-expr","locations":[{"start":{"line":485,"column":66},"end":{"line":485,"column":72}},{"start":{"line":485,"column":75},"end":{"line":485,"column":86}}],"line":485},"70":{"loc":{"start":{"line":485,"column":29},"end":{"line":485,"column":63}},"type":"binary-expr","locations":[{"start":{"line":485,"column":29},"end":{"line":485,"column":43}},{"start":{"line":485,"column":47},"end":{"line":485,"column":63}}],"line":485},"71":{"loc":{"start":{"line":491,"column":28},"end":{"line":491,"column":84}},"type":"cond-expr","locations":[{"start":{"line":491,"column":65},"end":{"line":491,"column":71}},{"start":{"line":491,"column":74},"end":{"line":491,"column":84}}],"line":491},"72":{"loc":{"start":{"line":491,"column":28},"end":{"line":491,"column":62}},"type":"binary-expr","locations":[{"start":{"line":491,"column":28},"end":{"line":491,"column":42}},{"start":{"line":491,"column":46},"end":{"line":491,"column":62}}],"line":491},"73":{"loc":{"start":{"line":492,"column":31},"end":{"line":492,"column":90}},"type":"cond-expr","locations":[{"start":{"line":492,"column":68},"end":{"line":492,"column":74}},{"start":{"line":492,"column":77},"end":{"line":492,"column":90}}],"line":492},"74":{"loc":{"start":{"line":492,"column":31},"end":{"line":492,"column":65}},"type":"binary-expr","locations":[{"start":{"line":492,"column":31},"end":{"line":492,"column":45}},{"start":{"line":492,"column":49},"end":{"line":492,"column":65}}],"line":492},"75":{"loc":{"start":{"line":493,"column":40},"end":{"line":493,"column":104}},"type":"cond-expr","locations":[{"start":{"line":493,"column":77},"end":{"line":493,"column":83}},{"start":{"line":493,"column":86},"end":{"line":493,"column":104}}],"line":493},"76":{"loc":{"start":{"line":493,"column":40},"end":{"line":493,"column":74}},"type":"binary-expr","locations":[{"start":{"line":493,"column":40},"end":{"line":493,"column":54}},{"start":{"line":493,"column":58},"end":{"line":493,"column":74}}],"line":493},"77":{"loc":{"start":{"line":494,"column":30},"end":{"line":494,"column":88}},"type":"cond-expr","locations":[{"start":{"line":494,"column":67},"end":{"line":494,"column":73}},{"start":{"line":494,"column":76},"end":{"line":494,"column":88}}],"line":494},"78":{"loc":{"start":{"line":494,"column":30},"end":{"line":494,"column":64}},"type":"binary-expr","locations":[{"start":{"line":494,"column":30},"end":{"line":494,"column":44}},{"start":{"line":494,"column":48},"end":{"line":494,"column":64}}],"line":494},"79":{"loc":{"start":{"line":495,"column":30},"end":{"line":495,"column":88}},"type":"cond-expr","locations":[{"start":{"line":495,"column":67},"end":{"line":495,"column":73}},{"start":{"line":495,"column":76},"end":{"line":495,"column":88}}],"line":495},"80":{"loc":{"start":{"line":495,"column":30},"end":{"line":495,"column":64}},"type":"binary-expr","locations":[{"start":{"line":495,"column":30},"end":{"line":495,"column":44}},{"start":{"line":495,"column":48},"end":{"line":495,"column":64}}],"line":495},"81":{"loc":{"start":{"line":496,"column":41},"end":{"line":496,"column":109}},"type":"cond-expr","locations":[{"start":{"line":496,"column":78},"end":{"line":496,"column":84}},{"start":{"line":496,"column":87},"end":{"line":496,"column":109}}],"line":496},"82":{"loc":{"start":{"line":496,"column":41},"end":{"line":496,"column":75}},"type":"binary-expr","locations":[{"start":{"line":496,"column":41},"end":{"line":496,"column":55}},{"start":{"line":496,"column":59},"end":{"line":496,"column":75}}],"line":496},"83":{"loc":{"start":{"line":502,"column":28},"end":{"line":502,"column":87}},"type":"cond-expr","locations":[{"start":{"line":502,"column":67},"end":{"line":502,"column":73}},{"start":{"line":502,"column":76},"end":{"line":502,"column":87}}],"line":502},"84":{"loc":{"start":{"line":502,"column":28},"end":{"line":502,"column":64}},"type":"binary-expr","locations":[{"start":{"line":502,"column":28},"end":{"line":502,"column":43}},{"start":{"line":502,"column":47},"end":{"line":502,"column":64}}],"line":502},"85":{"loc":{"start":{"line":503,"column":30},"end":{"line":503,"column":91}},"type":"cond-expr","locations":[{"start":{"line":503,"column":69},"end":{"line":503,"column":75}},{"start":{"line":503,"column":78},"end":{"line":503,"column":91}}],"line":503},"86":{"loc":{"start":{"line":503,"column":30},"end":{"line":503,"column":66}},"type":"binary-expr","locations":[{"start":{"line":503,"column":30},"end":{"line":503,"column":45}},{"start":{"line":503,"column":49},"end":{"line":503,"column":66}}],"line":503},"87":{"loc":{"start":{"line":504,"column":30},"end":{"line":504,"column":91}},"type":"cond-expr","locations":[{"start":{"line":504,"column":69},"end":{"line":504,"column":75}},{"start":{"line":504,"column":78},"end":{"line":504,"column":91}}],"line":504},"88":{"loc":{"start":{"line":504,"column":30},"end":{"line":504,"column":66}},"type":"binary-expr","locations":[{"start":{"line":504,"column":30},"end":{"line":504,"column":45}},{"start":{"line":504,"column":49},"end":{"line":504,"column":66}}],"line":504},"89":{"loc":{"start":{"line":505,"column":30},"end":{"line":505,"column":91}},"type":"cond-expr","locations":[{"start":{"line":505,"column":69},"end":{"line":505,"column":75}},{"start":{"line":505,"column":78},"end":{"line":505,"column":91}}],"line":505},"90":{"loc":{"start":{"line":505,"column":30},"end":{"line":505,"column":66}},"type":"binary-expr","locations":[{"start":{"line":505,"column":30},"end":{"line":505,"column":45}},{"start":{"line":505,"column":49},"end":{"line":505,"column":66}}],"line":505},"91":{"loc":{"start":{"line":506,"column":29},"end":{"line":506,"column":89}},"type":"cond-expr","locations":[{"start":{"line":506,"column":68},"end":{"line":506,"column":74}},{"start":{"line":506,"column":77},"end":{"line":506,"column":89}}],"line":506},"92":{"loc":{"start":{"line":506,"column":29},"end":{"line":506,"column":65}},"type":"binary-expr","locations":[{"start":{"line":506,"column":29},"end":{"line":506,"column":44}},{"start":{"line":506,"column":48},"end":{"line":506,"column":65}}],"line":506},"93":{"loc":{"start":{"line":507,"column":41},"end":{"line":507,"column":112}},"type":"cond-expr","locations":[{"start":{"line":507,"column":80},"end":{"line":507,"column":86}},{"start":{"line":507,"column":89},"end":{"line":507,"column":112}}],"line":507},"94":{"loc":{"start":{"line":507,"column":41},"end":{"line":507,"column":77}},"type":"binary-expr","locations":[{"start":{"line":507,"column":41},"end":{"line":507,"column":56}},{"start":{"line":507,"column":60},"end":{"line":507,"column":77}}],"line":507}},"s":{"0":1,"1":2,"2":1,"3":1,"4":1,"5":1,"6":1,"7":1,"8":1,"9":1,"10":1,"11":1,"12":1,"13":1,"14":1,"15":0,"16":1,"17":0,"18":1,"19":0,"20":1,"21":0,"22":1,"23":0,"24":1,"25":0,"26":10,"27":91,"28":98,"29":2071,"30":11,"31":32,"32":12,"33":49,"34":12,"35":35,"36":12,"37":19,"38":1,"39":1,"40":1,"41":1,"42":1,"43":1,"44":6,"45":6,"46":8,"47":8,"48":7,"49":7,"50":8,"51":8,"52":8,"53":8,"54":9,"55":9,"56":5,"57":5,"58":4,"59":4,"60":4,"61":1,"62":5,"63":2,"64":2,"65":1,"66":1,"67":1,"68":1,"69":2,"70":1,"71":3,"72":1,"73":1,"74":1,"75":3,"76":1,"77":1,"78":3,"79":1,"80":1,"81":1,"82":1,"83":1,"84":1,"85":1,"86":3,"87":3,"88":3,"89":1,"90":0,"91":0,"92":0,"93":0,"94":0,"95":0,"96":0,"97":0,"98":0,"99":0,"100":0,"101":0,"102":0,"103":0,"104":0,"105":0,"106":0,"107":0,"108":0,"109":0,"110":0,"111":0,"112":0,"113":0,"114":0,"115":0,"116":0,"117":0,"118":0,"119":0,"120":0,"121":0,"122":0,"123":0,"124":0,"125":0,"126":0,"127":0,"128":0,"129":1,"130":1,"131":1,"132":11,"133":1,"134":1,"135":1,"136":1,"137":15,"138":15,"139":15,"140":1,"141":1,"142":1,"143":1,"144":14,"145":14,"146":14,"147":1,"148":1,"149":1,"150":1,"151":14,"152":14,"153":14,"154":1,"155":1,"156":1,"157":1,"158":1,"159":1,"160":1,"161":1,"162":1,"163":1,"164":1,"165":1,"166":1,"167":1,"168":1,"169":1,"170":1,"171":1,"172":1,"173":1,"174":1,"175":1,"176":1,"177":1,"178":1,"179":1,"180":1,"181":1,"182":1,"183":1,"184":1,"185":1,"186":1,"187":1,"188":1,"189":1,"190":1,"191":1,"192":1,"193":1,"194":1,"195":1,"196":1,"197":1,"198":1,"199":1,"200":1,"201":1,"202":1,"203":1,"204":1,"205":1,"206":1,"207":1,"208":1,"209":1,"210":1,"211":1,"212":1,"213":1,"214":1,"215":1,"216":1,"217":1,"218":1,"219":1,"220":1,"221":1,"222":1,"223":1,"224":1,"225":1,"226":1,"227":1,"228":1,"229":1},"f":{"0":2,"1":1,"2":1,"3":1,"4":1,"5":1,"6":1,"7":1,"8":10,"9":91,"10":98,"11":2071,"12":11,"13":32,"14":12,"15":49,"16":12,"17":35,"18":12,"19":19,"20":1,"21":1,"22":1,"23":1,"24":1,"25":1,"26":6,"27":8,"28":7,"29":8,"30":8,"31":9,"32":5,"33":2,"34":1,"35":3,"36":1,"37":3,"38":1,"39":3,"40":1,"41":1,"42":3,"43":0,"44":0,"45":0,"46":0,"47":0,"48":0,"49":0,"50":0,"51":0,"52":1,"53":1,"54":11,"55":1,"56":1,"57":15,"58":1,"59":1,"60":14,"61":1,"62":1,"63":14,"64":1,"65":1,"66":1,"67":1,"68":1,"69":1,"70":1,"71":1,"72":1,"73":1,"74":1,"75":1,"76":1,"77":1,"78":1,"79":1,"80":1,"81":1,"82":1,"83":1,"84":1,"85":1,"86":1,"87":1,"88":1,"89":1,"90":1,"91":1,"92":1,"93":1,"94":1,"95":1},"b":{"0":[1,1,1],"1":[0,2],"2":[2,2],"3":[0,1],"4":[0,1],"5":[0,1],"6":[0,1],"7":[0,1],"8":[0,1],"9":[4,1],"10":[1,1],"11":[0,1],"12":[1,1],"13":[0,1],"14":[1,1],"15":[0,0],"16":[0,0],"17":[0,0],"18":[0,0],"19":[0,0],"20":[0,0],"21":[0,1],"22":[1,1],"23":[0,1],"24":[1,1],"25":[0,15],"26":[15,15],"27":[0,15],"28":[15,15],"29":[0,1],"30":[1,1],"31":[0,14],"32":[14,14],"33":[0,14],"34":[14,14],"35":[0,1],"36":[1,1],"37":[0,14],"38":[14,14],"39":[0,14],"40":[14,14],"41":[0,1],"42":[1,1],"43":[0,1],"44":[1,1],"45":[0,1],"46":[1,1],"47":[0,1],"48":[1,1],"49":[0,1],"50":[1,1],"51":[0,1],"52":[1,1],"53":[0,1],"54":[1,1],"55":[0,1],"56":[1,1],"57":[0,1],"58":[1,1],"59":[0,1],"60":[1,1],"61":[0,1],"62":[1,1],"63":[0,1],"64":[1,1],"65":[0,1],"66":[1,1],"67":[0,1],"68":[1,1],"69":[0,1],"70":[1,1],"71":[0,1],"72":[1,1],"73":[0,1],"74":[1,1],"75":[0,1],"76":[1,1],"77":[0,1],"78":[1,1],"79":[0,1],"80":[1,1],"81":[0,1],"82":[1,1],"83":[0,1],"84":[1,1],"85":[0,1],"86":[1,1],"87":[0,1],"88":[1,1],"89":[0,1],"90":[1,1],"91":[0,1],"92":[1,1],"93":[0,1],"94":[1,1]},"inputSourceMap":{"version":3,"file":"/home/usuario/P7/src/database.ts","sources":["/home/usuario/P7/src/database.ts"],"names":[],"mappings":";;;;;;AACA,kDAA0B;AAC1B,uEAA+C;AAS9C,CAAC;AAEF,MAAa,QAAQ;IAGjB;QACI,MAAM,OAAO,GAAG,IAAI,kBAAQ,CAAS,SAAS,CAAC,CAAC;QAChD,IAAI,CAAC,EAAE,GAAG,IAAA,eAAK,EAAC,OAAO,CAAC,CAAC;QACzB,IAAI,CAAC,UAAU,EAAE,CAAC;QAClB,IAAI,CAAC,UAAU,EAAE,CAAC;QAClB,IAAI,CAAC,SAAS,EAAE,CAAC;QACjB,IAAI,CAAC,WAAW,EAAE,CAAC;QACnB,IAAI,CAAC,UAAU,EAAE,CAAC;QAClB,IAAI,CAAC,aAAa,EAAE,CAAC;IACzB,CAAC;IAEO,UAAU;QACd,IAAG,CAAC,IAAI,CAAC,EAAE,CAAC,GAAG,CAAC,QAAQ,CAAC,CAAC,KAAK,EAAE,EAAE;YAC/B,IAAI,CAAC,EAAE,CAAC,GAAG,CAAC,QAAQ,EAAE,EAAE,CAAC,CAAC,KAAK,EAAE,CAAC;SACrC;IACL,CAAC;IAEO,UAAU;QACd,IAAG,CAAC,IAAI,CAAC,EAAE,CAAC,GAAG,CAAC,QAAQ,CAAC,CAAC,KAAK,EAAE,EAAE;YAC/B,IAAI,CAAC,EAAE,CAAC,GAAG,CAAC,QAAQ,EAAE,EAAE,CAAC,CAAC,KAAK,EAAE,CAAC;SACrC;IACL,CAAC;IAEO,SAAS;QACb,IAAG,CAAC,IAAI,CAAC,EAAE,CAAC,GAAG,CAAC,OAAO,CAAC,CAAC,KAAK,EAAE,EAAE;YAC9B,IAAI,CAAC,EAAE,CAAC,GAAG,CAAC,OAAO,EAAE,EAAE,CAAC,CAAC,KAAK,EAAE,CAAC;SACpC;IACL,CAAC;IAEO,WAAW;QACf,IAAG,CAAC,IAAI,CAAC,EAAE,CAAC,GAAG,CAAC,SAAS,CAAC,CAAC,KAAK,EAAE,EAAE;YAChC,IAAI,CAAC,EAAE,CAAC,GAAG,CAAC,SAAS,EAAE,EAAE,CAAC,CAAC,KAAK,EAAE,CAAC;SACtC;IACL,CAAC;IAEO,UAAU;QACd,IAAG,CAAC,IAAI,CAAC,EAAE,CAAC,GAAG,CAAC,QAAQ,CAAC,CAAC,KAAK,EAAE,EAAE;YAC/B,IAAI,CAAC,EAAE,CAAC,GAAG,CAAC,QAAQ,EAAE,EAAE,CAAC,CAAC,KAAK,EAAE,CAAC;SACrC;IACL,CAAC;IAEO,aAAa;QACjB,IAAG,CAAC,IAAI,CAAC,EAAE,CAAC,GAAG,CAAC,WAAW,CAAC,CAAC,KAAK,EAAE,EAAE;YAClC,IAAI,CAAC,EAAE,CAAC,GAAG,CAAC,WAAW,EAAE,EAAE,CAAC,CAAC,KAAK,EAAE,CAAC;SACxC;IACL,CAAC;IAED,SAAS,CAAC,SAAiB;QACvB,OAAO,IAAI,CAAC,EAAE,CAAC,GAAG,CAAC,QAAQ,CAAC,CAAC,KAAK,EAAE,CAAC,SAAS,CAAC,CAAC,KAAY,EAAE,EAAE;YAC5D,OAAO,KAAK,CAAC,IAAI,KAAK,SAAS,CAAC;QACpC,CAAC,CAAC,CAAC;IACP,CAAC;IAED,QAAQ,CAAC,QAAgB;QACrB,OAAO,IAAI,CAAC,EAAE,CAAC,GAAG,CAAC,OAAO,CAAC,CAAC,KAAK,EAAE,CAAC,SAAS,CAAC,CAAC,IAAU,EAAE,EAAE;YACzD,OAAO,IAAI,CAAC,IAAI,KAAK,QAAQ,CAAC;QAClC,CAAC,CAAC,CAAC;IACP,CAAC;IAED,SAAS,CAAC,SAAiB;QACvB,OAAO,IAAI,CAAC,EAAE,CAAC,GAAG,CAAC,QAAQ,CAAC,CAAC,KAAK,EAAE,CAAC,SAAS,CAAC,CAAC,KAAY,EAAE,EAAE;YAC5D,OAAO,KAAK,CAAC,IAAI,KAAK,SAAS,CAAC;QACpC,CAAC,CAAC,CAAC;IACP,CAAC;IAED,UAAU,CAAC,UAAkB;QACzB,OAAO,IAAI,CAAC,EAAE,CAAC,GAAG,CAAC,SAAS,CAAC,CAAC,KAAK,EAAE,CAAC,SAAS,CAAC,CAAC,MAAc,EAAE,EAAE;YAC/D,OAAO,MAAM,CAAC,IAAI,KAAK,UAAU,CAAC;QACtC,CAAC,CAAC,CAAC;IACP,CAAC;IAED,SAAS,CAAC,SAAiB;QACvB,OAAO,IAAI,CAAC,EAAE,CAAC,GAAG,CAAC,QAAQ,CAAC,CAAC,KAAK,EAAE,CAAC,SAAS,CAAC,CAAC,KAAY,EAAE,EAAE;YAC5D,OAAO,KAAK,CAAC,IAAI,KAAK,SAAS,CAAC;QACpC,CAAC,CAAC,CAAC;IACP,CAAC;IAED,YAAY,CAAC,YAAoB;QAC7B,OAAO,IAAI,CAAC,EAAE,CAAC,GAAG,CAAC,WAAW,CAAC,CAAC,KAAK,EAAE,CAAC,SAAS,CAAC,CAAC,QAAkB,EAAE,EAAE;YACrE,OAAQ,QAAQ,CAAC,IAAI,KAAK,YAAY,CAAC;QAC3C,CAAC,CAAC,CAAC;IACP,CAAC;IAED,QAAQ,CAAC,KAAY;QACjB,IAAI,CAAC,EAAE,CAAC,GAAG,CAAC,QAAQ,CAAC,CAAC,IAAI,CAAC,KAAK,CAAC,CAAC,KAAK,EAAE,CAAC;IAC9C,CAAC;IAED,OAAO,CAAC,IAAU;QACd,IAAI,CAAC,EAAE,CAAC,GAAG,CAAC,OAAO,CAAC,CAAC,IAAI,CAAC,IAAI,CAAC,CAAC,KAAK,EAAE,CAAC;IAC5C,CAAC;IAED,QAAQ,CAAC,KAAY;QACjB,IAAI,CAAC,EAAE,CAAC,GAAG,CAAC,QAAQ,CAAC,CAAC,IAAI,CAAC,KAAK,CAAC,CAAC,KAAK,EAAE,CAAC;IAC9C,CAAC;IAED,SAAS,CAAC,MAAc;QACpB,IAAI,CAAC,EAAE,CAAC,GAAG,CAAC,SAAS,CAAC,CAAC,IAAI,CAAC,MAAM,CAAC,CAAC,KAAK,EAAE,CAAC;IAChD,CAAC;IAED,QAAQ,CAAC,KAAY;QACjB,IAAI,CAAC,EAAE,CAAC,GAAG,CAAC,QAAQ,CAAC,CAAC,IAAI,CAAC,KAAK,CAAC,CAAC,KAAK,EAAE,CAAC;IAC9C,CAAC;IAED,WAAW,CAAC,QAAkB;QAC1B,IAAI,CAAC,EAAE,CAAC,GAAG,CAAC,WAAW,CAAC,CAAC,IAAI,CAAC,QAAQ,CAAC,CAAC,KAAK,EAAE,CAAC;IACpD,CAAC;IAED,QAAQ,CAAC,SAAiB;QACtB,IAAI,YAAY,GAAW,IAAI,CAAC,SAAS,CAAC,SAAS,CAAC,CAAC;QACrD,OAAO,IAAI,CAAC,EAAE,CAAC,GAAG,CAAC,QAAQ,CAAC,CAAC,KAAK,EAAE,CAAC,EAAE,CAAC,YAAY,CAAU,CAAC;IACnE,CAAC;IAED,OAAO,CAAC,QAAgB;QACpB,IAAI,WAAW,GAAW,IAAI,CAAC,QAAQ,CAAC,QAAQ,CAAC,CAAC;QAClD,OAAO,IAAI,CAAC,EAAE,CAAC,GAAG,CAAC,OAAO,CAAC,CAAC,KAAK,EAAE,CAAC,EAAE,CAAC,WAAW,CAAS,CAAC;IAChE,CAAC;IAED,QAAQ,CAAC,SAAiB;QACtB,IAAI,YAAY,GAAW,IAAI,CAAC,SAAS,CAAC,SAAS,CAAC,CAAC;QACrD,OAAO,IAAI,CAAC,EAAE,CAAC,GAAG,CAAC,QAAQ,CAAC,CAAC,KAAK,EAAE,CAAC,EAAE,CAAC,YAAY,CAAU,CAAC;IACnE,CAAC;IAED,SAAS,CAAC,UAAkB;QACxB,IAAI,aAAa,GAAW,IAAI,CAAC,UAAU,CAAC,UAAU,CAAC,CAAC;QACxD,OAAO,IAAI,CAAC,EAAE,CAAC,GAAG,CAAC,SAAS,CAAC,CAAC,KAAK,EAAE,CAAC,EAAE,CAAC,aAAa,CAAW,CAAC;IACtE,CAAC;IAED,QAAQ,CAAC,SAAiB;QACtB,IAAI,YAAY,GAAW,IAAI,CAAC,SAAS,CAAC,SAAS,CAAC,CAAC;QACrD,OAAO,IAAI,CAAC,EAAE,CAAC,GAAG,CAAC,QAAQ,CAAC,CAAC,KAAK,EAAE,CAAC,EAAE,CAAC,YAAY,CAAU,CAAC;IACnE,CAAC;IAED,WAAW,CAAC,YAAoB;QAC5B,IAAI,eAAe,GAAW,IAAI,CAAC,YAAY,CAAC,YAAY,CAAC,CAAC;QAC9D,OAAO,IAAI,CAAC,EAAE,CAAC,GAAG,CAAC,WAAW,CAAC,CAAC,KAAK,EAAE,CAAC,EAAE,CAAC,eAAe,CAAa,CAAC;IAC5E,CAAC;IAED,4BAA4B,CAAC,QAAkB;QAC3C,IAAI,GAAG,GAAW,EAAE,CAAC;QACrB,IAAI,QAAQ,KAAK,SAAS,EAAE;YACxB,IAAI,KAAK,GAAG,IAAI,CAAC,KAAK,CAAC,QAAQ,CAAC,QAAQ,CAAC,CAAC;YAC1C,IAAI,OAAO,GAAG,IAAI,CAAC,KAAK,CAAC,CAAC,QAAQ,CAAC,QAAQ,GAAG,KAAK,CAAC,GAAG,GAAG,CAAC,CAAC;YAC5D,GAAG,GAAG,YAAY,GAAG,KAAK,GAAG,aAAa,GAAG,OAAO,GAAG,UAAU,CAAC;SACrE;aAAM;YACH,GAAG,GAAG,+DAA+D,CAAC;SACzE;QACD,OAAO,GAAG,CAAC;IACf,CAAC;IAED,wBAAwB,CAAC,IAAU;QAC/B,IAAI,GAAG,GAAW,EAAE,CAAC;QACrB,IAAI,IAAI,KAAK,SAAS,EAAE;YACpB,IAAI,OAAO,GAAG,IAAI,CAAC,KAAK,CAAC,IAAI,CAAC,QAAQ,CAAC,CAAC;YACxC,IAAI,OAAO,GAAG,IAAI,CAAC,KAAK,CAAC,CAAC,IAAI,CAAC,QAAQ,GAAG,OAAO,CAAC,GAAG,GAAG,CAAC,CAAC;YAC1D,GAAG,GAAG,GAAG,GAAG,OAAO,GAAG,OAAO,GAAG,OAAO,GAAG,OAAO,CAAC;SACrD;aAAM;YACH,GAAG,GAAG,2DAA2D,CAAC;SACrE;QACD,OAAO,GAAG,CAAC;IACf,CAAC;IAED,iBAAiB,CAAC,QAAgB,EAAE,YAAoB;;QACpD,IAAI,eAAe,GAAG,IAAI,CAAC,EAAE,CAAC,GAAG,CAAC,WAAW,CAAC,CAAC,KAAK,EAAE,CAAC,SAAS,CAAC,CAAC,QAAkB,EAAE,EAAE;YACpF,OAAO,QAAQ,CAAC,IAAI,KAAK,YAAY,CAAC;QAC1C,CAAC,CAAC,CAAC;QAEH,MAAA,IAAI,CAAC,EAAE,CAAC,GAAG,CAAC,WAAW,CAAC,CAAC,KAAK,EAAE,CAAC,EAAE,CAAC,eAAe,CAAC,0CAAE,KAAK,CAAC,IAAI,CAAC,QAAQ,CAAC,CAAC;QAC3E,IAAI,CAAC,EAAE,CAAC,KAAK,EAAE,CAAC;IACpB,CAAC;IAED,cAAc,CAAC,YAAoB;QAC/B,IAAI,eAAe,GAAW,MAAM,CAAC,IAAI,CAAC,EAAE,CAAC,GAAG,CAAC,WAAW,CAAC,CAAC,SAAS,CAAC,QAAQ,CAAC,EAAE,CAAC,QAAQ,CAAC,IAAI,KAAK,YAAY,CAAC,CAAC,CAAC;QACrH,IAAI,CAAC,EAAE,CAAC,GAAG,CAAC,WAAW,CAAC,CAAC,MAAM,CAAC,eAAe,EAAE,CAAC,CAAC,CAAC,KAAK,EAAE,CAAC;IAChE,CAAC;IAED,sBAAsB,CAAC,YAAoB,EAAE,QAAgB;;QACzD,IAAI,eAAe,GAAW,MAAM,CAAC,IAAI,CAAC,EAAE,CAAC,GAAG,CAAC,WAAW,CAAC,CAAC,SAAS,CAAC,QAAQ,CAAC,EAAE,CAAC,QAAQ,CAAC,IAAI,KAAK,YAAY,CAAC,CAAC,CAAC;QACrH,IAAI,SAAS,GAAG,IAAI,CAAC,EAAE,CAAC,GAAG,CAAC,WAAW,CAAC,CAAC,KAAK,EAAE,CAAC,eAAe,CAAC,CAAC,KAAK,CAAC,OAAO,CAAC,QAAQ,CAAC,CAAC;QAC1F,MAAA,IAAI,CAAC,EAAE,CAAC,GAAG,CAAC,WAAW,CAAC,CAAC,KAAK,EAAE,CAAC,EAAE,CAAC,eAAe,CAAC,0CAAE,KAAK,CAAC,MAAM,CAAC,SAAS,EAAE,CAAC,CAAC,CAAC;QACjF,IAAI,CAAC,EAAE,CAAC,KAAK,EAAE,CAAC;IACpB,CAAC;IAED,qBAAqB,CAAC,YAAoB,EAAE,QAAkB;QAC1D,IAAI,CAAC,EAAE,CAAC,GAAG,CAAC,WAAW,CAAC;aACnB,IAAI,CAAC,EAAC,IAAI,EAAE,YAAY,EAAC,CAAC;aAC1B,MAAM,CAAC,EAAC,KAAK,EAAG,QAAQ,EAAC,CAAC;aAC1B,KAAK,EAAE,CAAC;IACjB,CAAC;IAED,aAAa;QACT,IAAI,IAAI,GAAW,EAAE,CAAC;QACtB,IAAI,IAAI,2BAA2B,CAAC;QACpC,IAAI,CAAC,EAAE,CAAC,GAAG,CAAC,WAAW,CAAC,CAAC,KAAK,EAAE,CAAC,OAAO,CAAC,CAAC,QAAkB,EAAE,EAAE;YAC5D,IAAI,IAAK,IAAI,GAAG,QAAQ,CAAC,IAAI,CAAC;YAC9B,IAAI,IAAI,eAAe,GAAG,QAAQ,CAAC,MAAM,CAAC,QAAQ,EAAE,GAAG,GAAG,CAAC;YAC3D,IAAI,IAAI,MAAM,GAAG,IAAI,CAAC,4BAA4B,CAAC,QAAQ,CAAC,CAAC;QACjE,CAAC,CAAC,CAAA;QACF,OAAO,IAAI,CAAC;IAChB,CAAC;IAED,YAAY,CAAC,YAAoB;QAC7B,IAAI,QAAQ,GAAG,IAAI,CAAC,WAAW,CAAC,YAAY,CAAC,CAAC;QAC9C,IAAI,QAAQ,GAAW,EAAE,CAAC;QAC1B,IAAI,QAAQ,KAAK,SAAS,EAAE;YACxB,QAAQ,IAAI,GAAG,GAAG,QAAQ,CAAC,IAAI,GAAE,IAAI,GAAG,IAAI,CAAC,4BAA4B,CAAC,QAAQ,CAAC,GAAG,IAAI,CAAC;YAC3F,QAAQ,CAAC,KAAK,CAAC,OAAO,CAAC,CAAC,IAAY,EAAE,EAAE;gBACpC,IAAI,MAAM,GAAG,IAAI,CAAC,OAAO,CAAC,IAAI,CAAC,CAAC;gBAChC,IAAI,MAAM,KAAK,SAAS,EAAE;oBACtB,QAAQ,IAAI,MAAM,CAAC,IAAI,GAAG,KAAK,GAAG,MAAM,CAAC,MAAM,GAAG,KAAK,CAAC;oBACxD,QAAQ,IAAI,IAAI,CAAC,wBAAwB,CAAC,MAAM,CAAC,GAAG,IAAI,CAAC;oBACzD,QAAQ,IAAI,MAAM,GAAG,MAAM,CAAC,MAAM,CAAC,QAAQ,EAAE,GAAG,aAAa,GAAG,MAAM,CAAC,mBAAmB,GAAG,IAAI,CAAC;iBACrG;qBAAM;oBACH,QAAQ,GAAG,uBAAuB,CAAC;iBACtC;YACL,CAAC,CAAC,CAAA;SACL;aAAM;YACH,QAAQ,GAAG,2BAA2B,CAAC;SAC1C;QACD,OAAO,QAAQ,CAAC;IACpB,CAAC;IAED,sBAAsB,CAAC,YAAoB;QACvC,IAAI,WAAmB,CAAC;QACxB,IAAI,WAAW,GAAG,CAAC,CAAC;QACpB,IAAI,GAAG,GAAG,CAAC,CAAC;QACZ,IAAI,GAAG,GAAG,CAAC,CAAC;QACZ,IAAI,IAAI,GAAG,CAAC,CAAC;QAEb,IAAI,CAAC,EAA
[...]
e initGroups() {\n        if(!this.db.has(\"groups\").value()) {\n            this.db.set(\"groups\", []).write();\n        }\n    }\n\n    private initPlaylists() {\n        if(!this.db.has(\"playlists\").value()) {\n            this.db.set(\"playlists\", []).write();\n        }\n    }\n\n    findGenre(genreName: string): number {\n        return this.db.get(\"genres\").value().findIndex((genre: Genre) => {\n            return genre.name === genreName;\n        });\n    }\n\n    findSong(songName: string): number {\n        return this.db.get(\"songs\").value().findIndex((song: Song) => {\n            return song.name === songName;\n        });\n    }\n\n    findAlbum(albumName: string): number {\n        return this.db.get(\"albums\").value().findIndex((album: Album) => {\n            return album.name === albumName;\n        });\n    }\n\n    findArtist(artistName: string): number {\n        return this.db.get(\"artists\").value().findIndex((artist: Artist) => {\n            return artist.name === artistName;\n        });\n    }\n    \n    findGroup(groupName: string): number {\n        return this.db.get(\"groups\").value().findIndex((group: Group) => {\n            return group.name === groupName;\n        });\n    }\n\n    findPlaylist(playlistName: string): number {\n        return this.db.get(\"playlists\").value().findIndex((playlist: Playlist) => {\n            return  playlist.name === playlistName;\n        });\n    }\n\n    setGenre(genre: Genre) {\n        this.db.get(\"genres\").push(genre).write();\n    }\n\n    setSong(song: Song) {\n        this.db.get(\"songs\").push(song).write();\n    }\n\n    setAlbum(album: Album) {\n        this.db.get(\"albums\").push(album).write();\n    }\n\n    setArtist(artist: Artist) {\n        this.db.get(\"artists\").push(artist).write();\n    }\n\n    setGroup(group: Group) {\n        this.db.get(\"groups\").push(group).write();\n    }\n\n    setPlaylist(playlist: Playlist) {\n        this.db.get(\"playlists\").push(playlist).write();\n    }\n\n    getGenre(genreName: string): Genre {\n        let indexOfGenre: number = this.findGenre(genreName);\n        return this.db.get(\"genres\").value().at(indexOfGenre) as Genre;\n    }\n\n    getSong(songName: string): Song {\n        let indexOfSong: number = this.findSong(songName);\n        return this.db.get(\"songs\").value().at(indexOfSong) as Song;\n    }\n\n    getAlbum(albumName: string): Album {\n        let indexOfAlbum: number = this.findAlbum(albumName);\n        return this.db.get(\"albums\").value().at(indexOfAlbum) as Album;\n    }\n\n    getArtist(artistName: string): Artist {\n        let indexOfArtist: number = this.findArtist(artistName);\n        return this.db.get(\"artists\").value().at(indexOfArtist) as Artist;\n    }\n\n    getGroup(groupName: string): Group {\n        let indexOfGroup: number = this.findGroup(groupName);\n        return this.db.get(\"groups\").value().at(indexOfGroup) as Group;\n    }\n\n    getPlaylist(playlistName: string): Playlist {\n        let indexOfPlaylist: number = this.findPlaylist(playlistName);\n        return this.db.get(\"playlists\").value().at(indexOfPlaylist) as Playlist;\n    }\n\n    getFormattedDurationPlaylist(playlist: Playlist): string {\n        let out: string = \"\";\n        if (playlist !== undefined) {\n            let hours = Math.floor(playlist.duration);\n            let minutes = Math.floor((playlist.duration - hours) * 100);\n            out = \"Duration: \" + hours + \" hours and \" + minutes + \" minutes\";\n        } else {\n            out = \"ERROR: The playlist was not located to calculate its duration\";\n        }\n        return out;\n    }\n\n    getFormattedDurationSong(song: Song): string {\n        let out: string = \"\";\n        if (song !== undefined) {\n            let minutes = Math.floor(song.duration);\n            let seconds = Math.floor((song.duration - minutes) * 100);\n            out = \"[\" + minutes + \" min \" + seconds + \" sec]\";\n        } else {\n            out = \"ERROR: The song was not located to calculate its duration\";\n        }\n        return out;\n    }\n    \n    setSongToPlaylist(songName: string, playlistName: string) {\n        let indexOfPlaylist = this.db.get(\"playlists\").value().findIndex((playlist: Playlist) => {\n            return playlist.name === playlistName;\n        });\n\n        this.db.get(\"playlists\").value().at(indexOfPlaylist)?.songs.push(songName);\n        this.db.write();\n    }\n\n    removePlaylist(playlistName: string) {\n        let indexOfPlaylist: number = Number(this.db.get(\"playlists\").findIndex(playlist => playlist.name === playlistName));\n        this.db.get(\"playlists\").splice(indexOfPlaylist, 1).write();\n    }\n\n    removeSongFromPlaylist(playlistName: string, nameSong: string) {\n        let indexOfPlaylist: number = Number(this.db.get(\"playlists\").findIndex(playlist => playlist.name === playlistName));\n        let indexSong = this.db.get(\"playlists\").value()[indexOfPlaylist].songs.indexOf(nameSong);\n        this.db.get(\"playlists\").value().at(indexOfPlaylist)?.songs.splice(indexSong, 1);\n        this.db.write();\n    }\n\n    changeOwnerOfPlaylist(playlistName: string, newowner: Property) {\n        this.db.get(\"playlists\")\n            .find({name: playlistName})\n            .assign({owner : newowner})\n            .write();\n    }\n\n    viewPlaylists(): string {\n        let show: string = \"\";\n        show += \"---LIST OF PLAYLISTS---\\n\";\n        this.db.get(\"playlists\").value().forEach((playlist: Playlist) => {\n            show +=  \"\\n\" + playlist.name;\n            show += \"\\n  Genres: [\" + playlist.genres.toString() + \"]\";\n            show += \"\\n  \" + this.getFormattedDurationPlaylist(playlist);\n        })\n        return show;\n    }\n\n    viewPlaylist(playlistName: string): string {\n        let playlist = this.getPlaylist(playlistName);\n        let showSong: string = \"\";\n        if (playlist !== undefined) {\n            showSong += \"[\" + playlist.name +\"] \" + this.getFormattedDurationPlaylist(playlist) + \"\\n\";\n            playlist.songs.forEach((song: string) => {\n                let dbsong = this.getSong(song);\n                if (dbsong !== undefined) {\n                    showSong += dbsong.name + \" | \" + dbsong.author + \" | \";\n                    showSong += this.getFormattedDurationSong(dbsong) + \"\\n\";\n                    showSong += \" | [\" + dbsong.genres.toString() + \"] | Reprd. \" + dbsong.numberReproductions + \"\\n\";\n                } else {\n                    showSong = \"ERROR: Song not found\";\n                }\n            })\n        } else {\n            showSong = \"ERROR: Playlist not found\";\n        }\n        return showSong;\n    }\n\n    updateDurationPlaylist(playlistName: string) {\n        let indexOfSong: number;\n        let newduration = 0;\n        let min = 0; \n        let sec = 0; \n        let hour = 0;\n\n        this.db.get(\"playlists\")\n            .find({name: playlistName})\n            .value().songs\n            .forEach((songName: string) => {\n                indexOfSong = this.findSong(songName);\n                newduration = (this.db.get(\"songs\")\n                .value().at(indexOfSong)?.duration as number);\n                min += Math.floor(newduration);\n                sec += parseFloat(((newduration - Math.floor(newduration)) * 100).toFixed(2));\n            }\n        );\n\n        min += Math.floor(sec/60);\n        hour = Math.floor(min/60);\n        min = Math.floor(min - 60*hour);\n        newduration = hour + (min/100);\n\n        this.db.get(\"playlists\")\n            .find({name: playlistName})\n            .assign({duration : newduration})\n            .write();\n    }\n\n    updateGenresPlaylist(playlistName: string) {\n        let newGenres: string[] = [];\n        this.db.get(\"playlists\")\n            .find({name: playlistName})\n            .value().songs\n            .forEach((songName: string) => {\n                let dbsong = this.getSong(songName);\n                if (dbsong !== undefined) {\n                    dbsong.genres.forEach((genreName: string) => {\n                        if (!newGenres.includes(genreName)) {\n                            newGenres.push(genreName);\n                        }\n                    })\n                } else {\n                    console.log(\"ERROR: Song not found to update genres playlist\");\n                }\n            })\n        \n        this.db.get(\"playlists\")\n            .find({name: playlistName})\n            .assign({genres : newGenres})\n            .write();\n    }\n\n    genreSort(genreName: string, playlistName: string) {\n        let indexOfPlaylist: number = Number(this.db.get(\"playlists\").findIndex(playlist => playlist.name === playlistName));\n        /*this.db.get(\"playlists\").value().at(indexOfPlaylist)?.songs.sort((song1: string, song2: string) => {\n            let genre1: string = this.db.get(\"songs\").value().at(this.findSong(song1))?.genres[0] as string;\n            let genre2: string = this.db.get(\"songs\").value().at(this.findSong(song2))?.genres[0] as string;;\n            return genre1 === genreName && genre2 === genreName;\n        });*/\n        this.db.write();\n    }\n\n    alphabeticalSongNameSort(playlistName: string) {\n        let indexOfPlaylist: number = Number(this.db.get(\"playlists\").findIndex(playlist => playlist.name === playlistName));\n        this.db.get(\"playlists\").value().at(indexOfPlaylist)?.songs.sort((song1: string, song2: string) => {\n            return song1.normalize().localeCompare(song2.normalize());\n        });\n        this.db.write();\n    }\n\n    alphabeticalAuthorNameSort(playlistName: string) {\n        let indexOfPlaylist: number = Number(this.db.get(\"playlists\").findIndex(playlist => playlist.name === playlistName));\n        this.db.get(\"playlists\").value().at(indexOfPlaylist)?.songs.sort((song1: string, song2: string) => {\n            let author1: string = this.db.get(\"songs\").value().at(this.findSong(song1))?.author as string;\n            let author2: string = this.db.get(\"songs\").value().at(this.findSong(song2))?.author as string;;\n            return author1.normalize().localeCompare(author2.normalize());\n        });\n        this.db.write();\n    }\n\n    durationSort(playlistName: string) {\n        let indexOfPlaylist: number = Number(this.db.get(\"playlists\").findIndex(playlist => playlist.name === playlistName));\n        this.db.get(\"playlists\").value().at(indexOfPlaylist)?.songs.sort((song1: string, song2: string) => {\n            let duration1: number = this.db.get(\"songs\").value().at(this.findSong(song1))?.duration as number;\n            let duration2: number = this.db.get(\"songs\").value().at(this.findSong(song2))?.duration as number;;\n            return duration1 - duration2;\n        });\n        this.db.write();\n    }\n\n    numberOfReproductionSort(playlistName: string) {\n        let indexOfPlaylist: number = Number(this.db.get(\"playlists\").findIndex(playlist => playlist.name === playlistName));\n        this.db.get(\"playlists\").value().at(indexOfPlaylist)?.songs.sort((song1: string, song2: string) => {\n            let reproductions1: number = this.db.get(\"songs\").value().at(this.findSong(song1))?.numberReproductions as number;\n            let reproductions2: number = this.db.get(\"songs\").value().at(this.findSong(song2))?.numberReproductions as number;;\n            return reproductions1 - reproductions2;\n        });\n        this.db.write();\n    }\n\n    removeGenre(genreName: string) {\n        let indexOfGenre: number = this.findGenre(genreName);\n        this.db.get(\"genres\").splice(indexOfGenre, 1).write();\n    }\n\n    removeArtist(artistName: string) {\n        let indexOfArtist: number = this.findArtist(artistName);\n        this.db.get(\"artists\").splice(indexOfArtist, 1).write();\n    }\n\n    removeGroup(groupName: string) {\n        let indexOfGroup: number = this.findGroup(groupName);\n        this.db.get(\"groups\").splice(indexOfGroup, 1).write();\n    }\n\n    removeSong(songName: string) {\n        let indexOfSong: number = this.findSong(songName);\n        this.db.get(\"songs\").splice(indexOfSong, 1).write();\n    }\n\n    removeAlbum(albumName: string) {\n        let indexOfAlbum: number = this.findAlbum(albumName);\n        this.db.get(\"albums\").splice(indexOfAlbum, 1).write();\n    }\n\n    modifyAuthorsGenre(genreName: string, genreAuthors: string[]) {\n        this.db.get(\"genres\")\n            .find({name: genreName})\n            .assign({authors: genreAuthors})\n            .write();\n    }\n\n    modifyAlbumsGenre(genreName: string, genreAlbums: string[]) {\n        this.db.get(\"genres\")\n            .find({name: genreName})\n            .assign({albums: genreAlbums})\n            .write();\n    }\n\n    modifySongsGenre(genreName: string, genreSongs: string[]) {\n        this.db.get(\"genres\")\n            .find({name: genreName})\n            .assign({songs: genreSongs})\n            .write();\n    }\n\n    modifyGroupsArtist(artistName: string, artistGroups: string[]) {\n        this.db.get(\"artists\")\n            .find({name: artistName})\n            .assign({groups: artistGroups})\n            .write();\n    }\n\n    modifyGenresArtist(artistName: string, artistGenres: string[]) {\n        this.db.get(\"artists\")\n            .find({name: artistName})\n            .assign({genres: artistGenres})\n            .write();\n    }\n\n    modifyAlbumsArtist(artistName: string, artistAlbums: string[]) {\n        this.db.get(\"artists\")\n            .find({name: artistName})\n            .assign({albums: artistAlbums})\n            .write();\n    }\n\n    modifySongsArtist(artistName: string, artistSongs: string[]) {\n        this.db.get(\"artists\")\n            .find({name: artistName})\n            .assign({songs: artistSongs})\n            .write();\n    }\n\n    modifyMonthlyListenersArtist(artistName: string, artistMonthlyListeners: number) {\n        this.db.get(\"artists\")\n            .find({name: artistName})\n            .assign({monthlyListeners: artistMonthlyListeners})\n            .write();\n    }\n\n    modifyArtistsGroup(groupName: string, groupArtists: string[]) {\n        this.db.get(\"groups\")\n            .find({name: groupName})\n            .assign({artists: groupArtists})\n            .write();\n    }\n\n    modifyYearCreationGroup(groupName: string, groupYearCreation: number) {\n        this.db.get(\"groups\")\n            .find({name: groupName})\n            .assign({yearCreation: groupYearCreation})\n            .write();\n    }\n\n    modifyGenresGroup(groupName: string, groupGenres: string[]) {\n        this.db.get(\"groups\")\n            .find({name: groupName})\n            .assign({genres: groupGenres})\n            .write();\n    }\n\n    modifyAlbumsGroup(groupName: string, groupAlbums: string[]) {\n        this.db.get(\"groups\")\n            .find({name: groupName})\n            .assign({albums: groupAlbums})\n            .write();\n    }\n\n    modifyMonthlyListenersGroup(groupName: string, groupMonthlyListeners: number) {\n        this.db.get(\"groups\")\n            .find({name: groupName})\n            .assign({monthlyListeners: groupMonthlyListeners})\n            .write();\n    }\n\n    modifyAuthorAlbum(albumName: string, albumAuthor: string) {\n        this.db.get(\"albums\")\n            .find({name: albumName})\n            .assign({author: albumAuthor})\n            .write();\n    }\n\n    modifyYearPublicationAlbum(albumName: string, albumYearPublication: number) {\n        this.db.get(\"albums\")\n            .find({name: albumName})\n            .assign({yearPublication: albumYearPublication})\n            .write();\n    }\n\n    modifyGenresAlbum(albumName: string, albumGenres: string[]) {\n        this.db.get(\"albums\")\n            .find({name: albumName})\n            .assign({genres: albumGenres})\n            .write();\n    }\n\n    modifySongsAlbum(albumName: string, albumSongs: string[]) {\n        this.db.get(\"albums\")\n            .find({name: albumName})\n            .assign({songs: albumSongs})\n            .write();\n    }\n\n    modifyAuthorSong(songName: string, songAuthor: string) {\n        this.db.get(\"songs\")\n            .find({name: songName})\n            .assign({author: songAuthor})\n            .write();\n    }\n\n    modifyDurationSong(songName: string, songDuration: number) {\n        this.db.get(\"songs\")\n            .find({name: songName})\n            .assign({duration: songDuration})\n            .write();\n    }\n\n    modifyGenresSong(songName: string, songGenres: string[]) {\n        this.db.get(\"songs\")\n            .find({name: songName})\n            .assign({genres: songGenres})\n            .write();\n    }\n\n    modifySingleSong(songName: string, songSingle: boolean) {\n        this.db.get(\"songs\")\n            .find({name: songName})\n            .assign({single: songSingle})\n            .write();\n    }\n\n    modifyNumberReproductionsSong(songName: string, songNumberOfReproductions: number) {\n        this.db.get(\"songs\")\n            .find({name: songName})\n            .assign({numberReproductions: songNumberOfReproductions})\n            .write();\n    }\n\n    viewSong(songName: string): string {\n        let show: string = \"\";\n        let song = this.getSong(songName);\n\n        show += \"name: \" + song?.name + \"\\n\";\n        show += \"author: \" + song?.author + \"\\n\";\n        show += \"duration: \" + song?.duration + \"\\n\";\n        show += \"genres: \" + song?.genres + \"\\n\";\n        show += \"single: \" + song?.single + \"\\n\";\n        show += \"number of reproductions: \" + song?.numberReproductions;\n        return show;\n    }\n\n    viewGenre(genreName: string): string {\n        let show: string = \"\";\n        let genre = this.getGenre(genreName);\n        show += \"name: \" + genre?.name + \"\\n\";\n        show += \"authors: \" + genre?.authors + \"\\n\";\n        show += \"albums: \" + genre?.albums + \"\\n\";\n        show += \"songs: \" + genre?.songs;\n        return show;\n    }\n\n    viewAlbum(albumName: string): string {\n        let show: string = \"\";\n        let album = this.getAlbum(albumName);\n        show += \"name: \" + album?.name + \"\\n\";\n        show += \"author: \" + album?.author + \"\\n\";\n        show += \"year of publication:\" + album?.yearPublication + \"\\n\";\n        show += \"genres: \" + album?.genres + \"\\n\";\n        show += \"songs: \" + album?.songs;\n        return show;\n    }\n\n    viewGroup(groupName: string): string {\n        let show: string = \"\";\n        let group = this.getGroup(groupName);\n        show += \"name: \" + group?.name + \"\\n\";\n        show += \"artists: \" + group?.artists + \"\\n\";\n        show += \"year of creation: \" + group?.yearCreation + \"\\n\";\n        show += \"genres: \" + group?.genres + \"\\n\";\n        show += \"albums: \" + group?.albums + \"\\n\";\n        show += \"monthly listeners: \" + group?.monthlyListeners;\n        return show;\n    }\n\n    viewArtist(artistName: string): string {\n        let show: string = \"\";\n        let artist = this.getArtist(artistName);\n        show += \"name: \" + artist?.name + \"\\n\";\n        show += \"groups: \" + artist?.groups + \"\\n\";\n        show += \"genres: \" + artist?.genres + \"\\n\";\n        show += \"albums: \" + artist?.albums + \"\\n\";\n        show += \"songs: \" + artist?.songs + \"\\n\";\n        show += \"monthly listeners: \" + artist?.monthlyListeners;\n        return show;\n    }\n}\n"]},"_coverageSchema":"1a1c01bbd47fc00a2c39e90264f33305004495a9","hash":"da04f6c244e90ccd868a5bbdffc762fbb924012d","contentHash":"04b5085c7c38d10ae9ae918a74527b4f8218ee30dabf6b97f5c546bb44c426db"}}