TN:
SF:src/classes.ts
FN:17,(anonymous_0)
FN:32,(anonymous_1)
FN:48,(anonymous_2)
FN:62,(anonymous_3)
FN:78,(anonymous_4)
FN:96,(anonymous_5)
FN:113,(anonymous_6)
FNF:7
FNH:6
FNDA:2,(anonymous_0)
FNDA:2,(anonymous_1)
FNDA:2,(anonymous_2)
FNDA:4,(anonymous_3)
FNDA:2,(anonymous_4)
FNDA:2,(anonymous_5)
FNDA:0,(anonymous_6)
DA:9,1
DA:17,2
DA:23,1
DA:32,2
DA:38,1
DA:48,2
DA:54,1
DA:62,4
DA:68,1
DA:78,2
DA:79,2
DA:86,1
DA:96,2
DA:97,2
DA:104,1
DA:113,0
LF:16
LH:15
BRDA:113,0,0,0
BRF:1
BRH:0
end_of_record
TN:
SF:src/database.ts
FN:17,(anonymous_1)
FN:28,(anonymous_2)
FN:34,(anonymous_3)
FN:40,(anonymous_4)
FN:46,(anonymous_5)
FN:52,(anonymous_6)
FN:58,(anonymous_7)
FN:64,(anonymous_8)
FN:65,(anonymous_9)
FN:70,(anonymous_10)
FN:71,(anonymous_11)
FN:76,(anonymous_12)
FN:77,(anonymous_13)
FN:82,(anonymous_14)
FN:83,(anonymous_15)
FN:88,(anonymous_16)
FN:89,(anonymous_17)
FN:94,(anonymous_18)
FN:95,(anonymous_19)
FN:100,(anonymous_20)
FN:104,(anonymous_21)
FN:108,(anonymous_22)
FN:112,(anonymous_23)
FN:113,(anonymous_24)
FN:121,(anonymous_25)
FN:125,(anonymous_26)
FN:129,(anonymous_27)
FN:134,(anonymous_28)
FN:139,(anonymous_29)
FN:144,(anonymous_30)
FN:149,(anonymous_31)
FN:154,(anonymous_32)
FN:159,(anonymous_33)
FN:171,(anonymous_34)
FN:183,(anonymous_35)
FN:184,(anonymous_36)
FN:192,(anonymous_37)
FN:193,(anonymous_38)
FN:197,(anonymous_39)
FN:198,(anonymous_40)
FN:204,(anonymous_41)
FN:211,(anonymous_42)
FN:214,(anonymous_43)
FN:222,(anonymous_44)
FN:227,(anonymous_45)
FN:243,(anonymous_46)
FN:253,(anonymous_47)
FN:273,(anonymous_48)
FN:278,(anonymous_49)
FN:281,(anonymous_50)
FN:297,(anonymous_51)
FN:298,(anonymous_52)
FN:299,(anonymous_53)
FN:305,(anonymous_54)
FN:306,(anonymous_55)
FN:307,(anonymous_56)
FN:315,(anonymous_57)
FN:316,(anonymous_58)
FN:317,(anonymous_59)
FN:325,(anonymous_60)
FN:326,(anonymous_61)
FN:327,(anonymous_62)
FN:335,(anonymous_63)
FN:340,(anonymous_64)
FN:345,(anonymous_65)
FN:350,(anonymous_66)
FN:355,(anonymous_67)
FN:360,(anonymous_68)
FN:367,(anonymous_69)
FN:374,(anonymous_70)
FN:381,(anonymous_71)
FN:388,(anonymous_72)
FN:395,(anonymous_73)
FN:402,(anonymous_74)
FN:409,(anonymous_75)
FN:416,(anonymous_76)
FN:423,(anonymous_77)
FN:430,(anonymous_78)
FN:437,(anonymous_79)
FN:444,(anonymous_80)
FN:451,(anonymous_81)
FN:458,(anonymous_82)
FN:465,(anonymous_83)
FN:472,(anonymous_84)
FN:479,(anonymous_85)
FN:486,(anonymous_86)
FN:493,(anonymous_87)
FN:500,(anonymous_88)
FN:507,(anonymous_89)
FN:514,(anonymous_90)
FN:524,(anonymous_91)
FN:532,(anonymous_92)
FN:541,(anonymous_93)
FN:551,(anonymous_94)
FNF:94
FNH:37
FNDA:1,(anonymous_1)
FNDA:1,(anonymous_2)
FNDA:1,(anonymous_3)
FNDA:1,(anonymous_4)
FNDA:1,(anonymous_5)
FNDA:1,(anonymous_6)
FNDA:1,(anonymous_7)
FNDA:5,(anonymous_8)
FNDA:42,(anonymous_9)
FNDA:10,(anonymous_10)
FNDA:433,(anonymous_11)
FNDA:5,(anonymous_12)
FNDA:13,(anonymous_13)
FNDA:5,(anonymous_14)
FNDA:12,(anonymous_15)
FNDA:5,(anonymous_16)
FNDA:13,(anonymous_17)
FNDA:0,(anonymous_18)
FNDA:0,(anonymous_19)
FNDA:1,(anonymous_20)
FNDA:1,(anonymous_21)
FNDA:1,(anonymous_22)
FNDA:1,(anonymous_23)
FNDA:0,(anonymous_24)
FNDA:1,(anonymous_25)
FNDA:0,(anonymous_26)
FNDA:1,(anonymous_27)
FNDA:6,(anonymous_28)
FNDA:1,(anonymous_29)
FNDA:1,(anonymous_30)
FNDA:1,(anonymous_31)
FNDA:0,(anonymous_32)
FNDA:0,(anonymous_33)
FNDA:0,(anonymous_34)
FNDA:0,(anonymous_35)
FNDA:0,(anonymous_36)
FNDA:0,(anonymous_37)
FNDA:0,(anonymous_38)
FNDA:0,(anonymous_39)
FNDA:0,(anonymous_40)
FNDA:0,(anonymous_41)
FNDA:0,(anonymous_42)
FNDA:0,(anonymous_43)
FNDA:0,(anonymous_44)
FNDA:0,(anonymous_45)
FNDA:0,(anonymous_46)
FNDA:0,(anonymous_47)
FNDA:0,(anonymous_48)
FNDA:0,(anonymous_49)
FNDA:0,(anonymous_50)
FNDA:0,(anonymous_51)
FNDA:0,(anonymous_52)
FNDA:0,(anonymous_53)
FNDA:0,(anonymous_54)
FNDA:0,(anonymous_55)
FNDA:0,(anonymous_56)
FNDA:0,(anonymous_57)
FNDA:0,(anonymous_58)
FNDA:0,(anonymous_59)
FNDA:0,(anonymous_60)
FNDA:0,(anonymous_61)
FNDA:0,(anonymous_62)
FNDA:1,(anonymous_63)
FNDA:1,(anonymous_64)
FNDA:1,(anonymous_65)
FNDA:1,(anonymous_66)
FNDA:1,(anonymous_67)
FNDA:0,(anonymous_68)
FNDA:0,(anonymous_69)
FNDA:0,(anonymous_70)
FNDA:0,(anonymous_71)
FNDA:0,(anonymous_72)
FNDA:0,(anonymous_73)
FNDA:0,(anonymous_74)
FNDA:0,(anonymous_75)
FNDA:0,(anonymous_76)
FNDA:0,(anonymous_77)
FNDA:0,(anonymous_78)
FNDA:0,(anonymous_79)
FNDA:0,(anonymous_80)
FNDA:0,(anonymous_81)
FNDA:0,(anonymous_82)
FNDA:0,(anonymous_83)
FNDA:0,(anonymous_84)
FNDA:1,(anonymous_85)
FNDA:1,(anonymous_86)
FNDA:1,(anonymous_87)
FNDA:1,(anonymous_88)
FNDA:1,(anonymous_89)
FNDA:0,(anonymous_90)
FNDA:0,(anonymous_91)
FNDA:0,(anonymous_92)
FNDA:0,(anonymous_93)
FNDA:0,(anonymous_94)
DA:2,1
DA:3,1
DA:14,1
DA:18,1
DA:19,1
DA:20,1
DA:21,1
DA:22,1
DA:23,1
DA:24,1
DA:25,1
DA:29,1
DA:30,0
DA:35,1
DA:36,0
DA:41,1
DA:42,0
DA:47,1
DA:48,0
DA:53,1
DA:54,0
DA:59,1
DA:60,0
DA:65,5
DA:66,42
DA:71,10
DA:72,433
DA:77,5
DA:78,13
DA:83,5
DA:84,12
DA:89,5
DA:90,13
DA:95,0
DA:96,0
DA:101,1
DA:105,1
DA:109,1
DA:113,1
DA:114,0
DA:118,1
DA:122,1
DA:126,0
DA:130,1
DA:131,1
DA:135,6
DA:136,6
DA:140,1
DA:141,1
DA:145,1
DA:146,1
DA:150,1
DA:151,1
DA:155,0
DA:156,0
DA:160,0
DA:161,0
DA:162,0
DA:163,0
DA:164,0
DA:166,0
DA:168,0
DA:172,0
DA:173,0
DA:174,0
DA:175,0
DA:176,0
DA:178,0
DA:180,0
DA:184,0
DA:185,0
DA:188,0
DA:189,0
DA:193,0
DA:194,0
DA:198,0
DA:199,0
DA:200,0
DA:201,0
DA:205,0
DA:212,0
DA:213,0
DA:214,0
DA:215,0
DA:216,0
DA:217,0
DA:218,0
DA:223,0
DA:224,0
DA:225,0
DA:226,0
DA:227,0
DA:228,0
DA:229,0
DA:230,0
DA:231,0
DA:232,0
DA:233,0
DA:235,0
DA:239,0
DA:245,0
DA:246,0
DA:247,0
DA:248,0
DA:250,0
DA:254,0
DA:255,0
DA:257,0
DA:258,0
DA:262,0
DA:263,0
DA:264,0
DA:265,0
DA:267,0
DA:274,0
DA:275,0
DA:279,0
DA:280,0
DA:281,0
DA:282,0
DA:283,0
DA:287,0
DA:291,0
DA:298,0
DA:299,0
DA:300,0
DA:302,0
DA:306,0
DA:307,0
DA:308,0
DA:309,0
DA:310,0
DA:312,0
DA:316,0
DA:317,0
DA:318,0
DA:319,0
DA:320,0
DA:322,0
DA:326,0
DA:327,0
DA:328,0
DA:329,0
DA:330,0
DA:332,0
DA:336,1
DA:337,1
DA:341,1
DA:342,1
DA:346,1
DA:347,1
DA:351,1
DA:352,1
DA:356,1
DA:357,1
DA:361,0
DA:368,0
DA:375,0
DA:382,0
DA:389,0
DA:396,0
DA:403,0
DA:410,0
DA:417,0
DA:424,0
DA:431,0
DA:438,0
DA:445,0
DA:452,0
DA:459,0
DA:466,0
DA:473,0
DA:480,1
DA:487,1
DA:494,1
DA:501,1
DA:508,1
DA:515,0
DA:516,0
DA:517,0
DA:518,0
DA:519,0
DA:520,0
DA:521,0
DA:525,0
DA:526,0
DA:527,0
DA:528,0
DA:529,0
DA:533,0
DA:534,0
DA:535,0
DA:536,0
DA:537,0
DA:538,0
DA:542,0
DA:543,0
DA:544,0
DA:545,0
DA:546,0
DA:547,0
DA:548,0
DA:552,0
DA:553,0
DA:554,0
DA:555,0
DA:556,0
DA:557,0
DA:558,0
LF:209
LH:58
BRDA:29,0,0,0
BRDA:29,0,1,1
BRDA:35,1,0,0
BRDA:35,1,1,1
BRDA:41,2,0,0
BRDA:41,2,1,1
BRDA:47,3,0,0
BRDA:47,3,1,1
BRDA:53,4,0,0
BRDA:53,4,1,1
BRDA:59,5,0,0
BRDA:59,5,1,1
BRDA:114,6,0,0
BRDA:114,6,1,0
BRDA:161,7,0,0
BRDA:161,7,1,0
BRDA:173,8,0,0
BRDA:173,8,1,0
BRDA:188,9,0,0
BRDA:188,9,1,0
BRDA:188,10,0,0
BRDA:188,10,1,0
BRDA:200,11,0,0
BRDA:200,11,1,0
BRDA:200,12,0,0
BRDA:200,12,1,0
BRDA:225,13,0,0
BRDA:225,13,1,0
BRDA:229,14,0,0
BRDA:229,14,1,0
BRDA:255,15,0,0
BRDA:255,15,1,0
BRDA:255,16,0,0
BRDA:255,16,1,0
BRDA:280,17,0,0
BRDA:280,17,1,0
BRDA:282,18,0,0
BRDA:282,18,1,0
BRDA:299,19,0,0
BRDA:299,19,1,0
BRDA:299,20,0,0
BRDA:299,20,1,0
BRDA:307,21,0,0
BRDA:307,21,1,0
BRDA:307,22,0,0
BRDA:307,22,1,0
BRDA:308,23,0,0
BRDA:308,23,1,0
BRDA:308,24,0,0
BRDA:308,24,1,0
BRDA:309,25,0,0
BRDA:309,25,1,0
BRDA:309,26,0,0
BRDA:309,26,1,0
BRDA:317,27,0,0
BRDA:317,27,1,0
BRDA:317,28,0,0
BRDA:317,28,1,0
BRDA:318,29,0,0
BRDA:318,29,1,0
BRDA:318,30,0,0
BRDA:318,30,1,0
BRDA:319,31,0,0
BRDA:319,31,1,0
BRDA:319,32,0,0
BRDA:319,32,1,0
BRDA:327,33,0,0
BRDA:327,33,1,0
BRDA:327,34,0,0
BRDA:327,34,1,0
BRDA:328,35,0,0
BRDA:328,35,1,0
BRDA:328,36,0,0
BRDA:328,36,1,0
BRDA:329,37,0,0
BRDA:329,37,1,0
BRDA:329,38,0,0
BRDA:329,38,1,0
BRDA:516,39,0,0
BRDA:516,39,1,0
BRDA:516,40,0,0
BRDA:516,40,1,0
BRDA:517,41,0,0
BRDA:517,41,1,0
BRDA:517,42,0,0
BRDA:517,42,1,0
BRDA:518,43,0,0
BRDA:518,43,1,0
BRDA:518,44,0,0
BRDA:518,44,1,0
BRDA:519,45,0,0
BRDA:519,45,1,0
BRDA:519,46,0,0
BRDA:519,46,1,0
BRDA:520,47,0,0
BRDA:520,47,1,0
BRDA:520,48,0,0
BRDA:520,48,1,0
BRDA:521,49,0,0
BRDA:521,49,1,0
BRDA:521,50,0,0
BRDA:521,50,1,0
BRDA:526,51,0,0
BRDA:526,51,1,0
BRDA:526,52,0,0
BRDA:526,52,1,0
BRDA:527,53,0,0
BRDA:527,53,1,0
BRDA:527,54,0,0
BRDA:527,54,1,0
BRDA:528,55,0,0
BRDA:528,55,1,0
BRDA:528,56,0,0
BRDA:528,56,1,0
BRDA:529,57,0,0
BRDA:529,57,1,0
BRDA:529,58,0,0
BRDA:529,58,1,0
BRDA:534,59,0,0
BRDA:534,59,1,0
BRDA:534,60,0,0
BRDA:534,60,1,0
BRDA:535,61,0,0
BRDA:535,61,1,0
BRDA:535,62,0,0
BRDA:535,62,1,0
BRDA:536,63,0,0
BRDA:536,63,1,0
BRDA:536,64,0,0
BRDA:536,64,1,0
BRDA:537,65,0,0
BRDA:537,65,1,0
BRDA:537,66,0,0
BRDA:537,66,1,0
BRDA:538,67,0,0
BRDA:538,67,1,0
BRDA:538,68,0,0
BRDA:538,68,1,0
BRDA:543,69,0,0
BRDA:543,69,1,0
BRDA:543,70,0,0
BRDA:543,70,1,0
BRDA:544,71,0,0
BRDA:544,71,1,0
BRDA:544,72,0,0
BRDA:544,72,1,0
BRDA:545,73,0,0
BRDA:545,73,1,0
BRDA:545,74,0,0
BRDA:545,74,1,0
BRDA:546,75,0,0
BRDA:546,75,1,0
BRDA:546,76,0,0
BRDA:546,76,1,0
BRDA:547,77,0,0
BRDA:547,77,1,0
BRDA:547,78,0,0
BRDA:547,78,1,0
BRDA:548,79,0,0
BRDA:548,79,1,0
BRDA:548,80,0,0
BRDA:548,80,1,0
BRDA:553,81,0,0
BRDA:553,81,1,0
BRDA:553,82,0,0
BRDA:553,82,1,0
BRDA:554,83,0,0
BRDA:554,83,1,0
BRDA:554,84,0,0
BRDA:554,84,1,0
BRDA:555,85,0,0
BRDA:555,85,1,0
BRDA:555,86,0,0
BRDA:555,86,1,0
BRDA:556,87,0,0
BRDA:556,87,1,0
BRDA:556,88,0,0
BRDA:556,88,1,0
BRDA:557,89,0,0
BRDA:557,89,1,0
BRDA:557,90,0,0
BRDA:557,90,1,0
BRDA:558,91,0,0
BRDA:558,91,1,0
BRDA:558,92,0,0
BRDA:558,92,1,0
BRF:186
BRH:6
end_of_record
