TN:
SF:src/classes.ts
FN:17,(anonymous_0)
FN:32,(anonymous_1)
FN:48,(anonymous_2)
FN:62,(anonymous_3)
FN:78,(anonymous_4)
FN:96,(anonymous_5)
FN:113,(anonymous_6)
FNF:7
FNH:7
FNDA:2,(anonymous_0)
FNDA:2,(anonymous_1)
FNDA:2,(anonymous_2)
FNDA:4,(anonymous_3)
FNDA:2,(anonymous_4)
FNDA:2,(anonymous_5)
FNDA:2,(anonymous_6)
DA:9,1
DA:17,2
DA:23,1
DA:32,2
DA:38,1
DA:48,2
DA:54,1
DA:62,4
DA:68,1
DA:78,2
DA:79,2
DA:86,1
DA:96,2
DA:97,2
DA:104,1
DA:113,2
LF:16
LH:16
BRDA:113,0,0,2
BRF:1
BRH:1
end_of_record
TN:
SF:src/database.ts
FN:17,(anonymous_1)
FN:28,(anonymous_2)
FN:34,(anonymous_3)
FN:40,(anonymous_4)
FN:46,(anonymous_5)
FN:52,(anonymous_6)
FN:58,(anonymous_7)
FN:64,(anonymous_8)
FN:65,(anonymous_9)
FN:70,(anonymous_10)
FN:71,(anonymous_11)
FN:76,(anonymous_12)
FN:77,(anonymous_13)
FN:82,(anonymous_14)
FN:83,(anonymous_15)
FN:88,(anonymous_16)
FN:89,(anonymous_17)
FN:94,(anonymous_18)
FN:95,(anonymous_19)
FN:100,(anonymous_20)
FN:104,(anonymous_21)
FN:108,(anonymous_22)
FN:112,(anonymous_23)
FN:116,(anonymous_24)
FN:120,(anonymous_25)
FN:124,(anonymous_26)
FN:129,(anonymous_27)
FN:134,(anonymous_28)
FN:139,(anonymous_29)
FN:144,(anonymous_30)
FN:149,(anonymous_31)
FN:154,(anonymous_32)
FN:166,(anonymous_33)
FN:178,(anonymous_34)
FN:179,(anonymous_35)
FN:187,(anonymous_36)
FN:188,(anonymous_37)
FN:192,(anonymous_38)
FN:193,(anonymous_39)
FN:199,(anonymous_40)
FN:206,(anonymous_41)
FN:209,(anonymous_42)
FN:217,(anonymous_43)
FN:222,(anonymous_44)
FN:238,(anonymous_45)
FN:248,(anonymous_46)
FN:268,(anonymous_47)
FN:273,(anonymous_48)
FN:276,(anonymous_49)
FN:292,(anonymous_50)
FN:293,(anonymous_51)
FN:302,(anonymous_52)
FN:303,(anonymous_53)
FN:304,(anonymous_54)
FN:310,(anonymous_55)
FN:311,(anonymous_56)
FN:312,(anonymous_57)
FN:320,(anonymous_58)
FN:321,(anonymous_59)
FN:322,(anonymous_60)
FN:330,(anonymous_61)
FN:331,(anonymous_62)
FN:332,(anonymous_63)
FN:340,(anonymous_64)
FN:345,(anonymous_65)
FN:350,(anonymous_66)
FN:355,(anonymous_67)
FN:360,(anonymous_68)
FN:365,(anonymous_69)
FN:372,(anonymous_70)
FN:379,(anonymous_71)
FN:386,(anonymous_72)
FN:393,(anonymous_73)
FN:400,(anonymous_74)
FN:407,(anonymous_75)
FN:414,(anonymous_76)
FN:421,(anonymous_77)
FN:428,(anonymous_78)
FN:435,(anonymous_79)
FN:442,(anonymous_80)
FN:449,(anonymous_81)
FN:456,(anonymous_82)
FN:463,(anonymous_83)
FN:470,(anonymous_84)
FN:477,(anonymous_85)
FN:484,(anonymous_86)
FN:491,(anonymous_87)
FN:498,(anonymous_88)
FN:505,(anonymous_89)
FN:512,(anonymous_90)
FN:519,(anonymous_91)
FN:532,(anonymous_92)
FN:542,(anonymous_93)
FN:553,(anonymous_94)
FN:565,(anonymous_95)
FNF:95
FNH:86
FNDA:1,(anonymous_1)
FNDA:1,(anonymous_2)
FNDA:1,(anonymous_3)
FNDA:1,(anonymous_4)
FNDA:1,(anonymous_5)
FNDA:1,(anonymous_6)
FNDA:1,(anonymous_7)
FNDA:10,(anonymous_8)
FNDA:91,(anonymous_9)
FNDA:98,(anonymous_10)
FNDA:2071,(anonymous_11)
FNDA:11,(anonymous_12)
FNDA:32,(anonymous_13)
FNDA:12,(anonymous_14)
FNDA:49,(anonymous_15)
FNDA:12,(anonymous_16)
FNDA:35,(anonymous_17)
FNDA:12,(anonymous_18)
FNDA:19,(anonymous_19)
FNDA:1,(anonymous_20)
FNDA:1,(anonymous_21)
FNDA:1,(anonymous_22)
FNDA:1,(anonymous_23)
FNDA:1,(anonymous_24)
FNDA:1,(anonymous_25)
FNDA:6,(anonymous_26)
FNDA:8,(anonymous_27)
FNDA:7,(anonymous_28)
FNDA:8,(anonymous_29)
FNDA:8,(anonymous_30)
FNDA:9,(anonymous_31)
FNDA:5,(anonymous_32)
FNDA:2,(anonymous_33)
FNDA:1,(anonymous_34)
FNDA:3,(anonymous_35)
FNDA:1,(anonymous_36)
FNDA:3,(anonymous_37)
FNDA:1,(anonymous_38)
FNDA:3,(anonymous_39)
FNDA:1,(anonymous_40)
FNDA:1,(anonymous_41)
FNDA:3,(anonymous_42)
FNDA:0,(anonymous_43)
FNDA:0,(anonymous_44)
FNDA:0,(anonymous_45)
FNDA:0,(anonymous_46)
FNDA:0,(anonymous_47)
FNDA:0,(anonymous_48)
FNDA:0,(anonymous_49)
FNDA:0,(anonymous_50)
FNDA:0,(anonymous_51)
FNDA:1,(anonymous_52)
FNDA:1,(anonymous_53)
FNDA:11,(anonymous_54)
FNDA:1,(anonymous_55)
FNDA:1,(anonymous_56)
FNDA:15,(anonymous_57)
FNDA:1,(anonymous_58)
FNDA:1,(anonymous_59)
FNDA:14,(anonymous_60)
FNDA:1,(anonymous_61)
FNDA:1,(anonymous_62)
FNDA:14,(anonymous_63)
FNDA:1,(anonymous_64)
FNDA:1,(anonymous_65)
FNDA:1,(anonymous_66)
FNDA:1,(anonymous_67)
FNDA:1,(anonymous_68)
FNDA:1,(anonymous_69)
FNDA:1,(anonymous_70)
FNDA:1,(anonymous_71)
FNDA:1,(anonymous_72)
FNDA:1,(anonymous_73)
FNDA:1,(anonymous_74)
FNDA:1,(anonymous_75)
FNDA:1,(anonymous_76)
FNDA:1,(anonymous_77)
FNDA:1,(anonymous_78)
FNDA:1,(anonymous_79)
FNDA:1,(anonymous_80)
FNDA:1,(anonymous_81)
FNDA:1,(anonymous_82)
FNDA:1,(anonymous_83)
FNDA:1,(anonymous_84)
FNDA:1,(anonymous_85)
FNDA:1,(anonymous_86)
FNDA:1,(anonymous_87)
FNDA:1,(anonymous_88)
FNDA:1,(anonymous_89)
FNDA:1,(anonymous_90)
FNDA:1,(anonymous_91)
FNDA:1,(anonymous_92)
FNDA:1,(anonymous_93)
FNDA:1,(anonymous_94)
FNDA:1,(anonymous_95)
DA:2,1
DA:3,1
DA:14,1
DA:18,1
DA:19,1
DA:20,1
DA:21,1
DA:22,1
DA:23,1
DA:24,1
DA:25,1
DA:29,1
DA:30,0
DA:35,1
DA:36,0
DA:41,1
DA:42,0
DA:47,1
DA:48,0
DA:53,1
DA:54,0
DA:59,1
DA:60,0
DA:65,10
DA:66,91
DA:71,98
DA:72,2071
DA:77,11
DA:78,32
DA:83,12
DA:84,49
DA:89,12
DA:90,35
DA:95,12
DA:96,19
DA:101,1
DA:105,1
DA:109,1
DA:113,1
DA:117,1
DA:121,1
DA:125,6
DA:126,6
DA:130,8
DA:131,8
DA:135,7
DA:136,7
DA:140,8
DA:141,8
DA:145,8
DA:146,8
DA:150,9
DA:151,9
DA:155,5
DA:156,5
DA:157,4
DA:158,4
DA:159,4
DA:161,1
DA:163,5
DA:167,2
DA:168,2
DA:169,1
DA:170,1
DA:171,1
DA:173,1
DA:175,2
DA:179,1
DA:180,3
DA:183,1
DA:184,1
DA:188,3
DA:189,1
DA:193,3
DA:194,1
DA:195,1
DA:196,1
DA:200,1
DA:207,1
DA:208,1
DA:209,1
DA:210,3
DA:211,3
DA:212,3
DA:214,1
DA:218,0
DA:219,0
DA:220,0
DA:221,0
DA:222,0
DA:223,0
DA:224,0
DA:225,0
DA:226,0
DA:227,0
DA:229,0
DA:233,0
DA:235,0
DA:240,0
DA:241,0
DA:242,0
DA:243,0
DA:245,0
DA:249,0
DA:250,0
DA:252,0
DA:253,0
DA:257,0
DA:258,0
DA:259,0
DA:260,0
DA:262,0
DA:269,0
DA:270,0
DA:274,0
DA:275,0
DA:276,0
DA:277,0
DA:278,0
DA:282,0
DA:286,0
DA:293,0
DA:299,0
DA:303,1
DA:304,1
DA:305,11
DA:307,1
DA:311,1
DA:312,1
DA:313,15
DA:314,15
DA:315,15
DA:317,1
DA:321,1
DA:322,1
DA:323,14
DA:324,14
DA:325,14
DA:327,1
DA:331,1
DA:332,1
DA:333,14
DA:334,14
DA:335,14
DA:337,1
DA:341,1
DA:342,1
DA:346,1
DA:347,1
DA:351,1
DA:352,1
DA:356,1
DA:357,1
DA:361,1
DA:362,1
DA:366,1
DA:373,1
DA:380,1
DA:387,1
DA:394,1
DA:401,1
DA:408,1
DA:415,1
DA:422,1
DA:429,1
DA:436,1
DA:443,1
DA:450,1
DA:457,1
DA:464,1
DA:471,1
DA:478,1
DA:485,1
DA:492,1
DA:499,1
DA:506,1
DA:513,1
DA:520,1
DA:521,1
DA:523,1
DA:524,1
DA:525,1
DA:526,1
DA:527,1
DA:528,1
DA:529,1
DA:533,1
DA:534,1
DA:535,1
DA:536,1
DA:537,1
DA:538,1
DA:539,1
DA:543,1
DA:544,1
DA:545,1
DA:546,1
DA:547,1
DA:548,1
DA:549,1
DA:550,1
DA:554,1
DA:555,1
DA:556,1
DA:557,1
DA:558,1
DA:559,1
DA:560,1
DA:561,1
DA:562,1
DA:566,1
DA:567,1
DA:568,1
DA:569,1
DA:570,1
DA:571,1
DA:572,1
DA:573,1
DA:574,1
LF:219
LH:175
BRDA:29,0,0,0
BRDA:29,0,1,1
BRDA:35,1,0,0
BRDA:35,1,1,1
BRDA:41,2,0,0
BRDA:41,2,1,1
BRDA:47,3,0,0
BRDA:47,3,1,1
BRDA:53,4,0,0
BRDA:53,4,1,1
BRDA:59,5,0,0
BRDA:59,5,1,1
BRDA:156,6,0,4
BRDA:156,6,1,1
BRDA:168,7,0,1
BRDA:168,7,1,1
BRDA:183,8,0,0
BRDA:183,8,1,1
BRDA:183,9,0,1
BRDA:183,9,1,1
BRDA:195,10,0,0
BRDA:195,10,1,1
BRDA:195,11,0,1
BRDA:195,11,1,1
BRDA:220,12,0,0
BRDA:220,12,1,0
BRDA:224,13,0,0
BRDA:224,13,1,0
BRDA:250,14,0,0
BRDA:250,14,1,0
BRDA:250,15,0,0
BRDA:250,15,1,0
BRDA:275,16,0,0
BRDA:275,16,1,0
BRDA:277,17,0,0
BRDA:277,17,1,0
BRDA:304,18,0,0
BRDA:304,18,1,1
BRDA:304,19,0,1
BRDA:304,19,1,1
BRDA:312,20,0,0
BRDA:312,20,1,1
BRDA:312,21,0,1
BRDA:312,21,1,1
BRDA:313,22,0,0
BRDA:313,22,1,15
BRDA:313,23,0,15
BRDA:313,23,1,15
BRDA:314,24,0,0
BRDA:314,24,1,15
BRDA:314,25,0,15
BRDA:314,25,1,15
BRDA:322,26,0,0
BRDA:322,26,1,1
BRDA:322,27,0,1
BRDA:322,27,1,1
BRDA:323,28,0,0
BRDA:323,28,1,14
BRDA:323,29,0,14
BRDA:323,29,1,14
BRDA:324,30,0,0
BRDA:324,30,1,14
BRDA:324,31,0,14
BRDA:324,31,1,14
BRDA:332,32,0,0
BRDA:332,32,1,1
BRDA:332,33,0,1
BRDA:332,33,1,1
BRDA:333,34,0,0
BRDA:333,34,1,14
BRDA:333,35,0,14
BRDA:333,35,1,14
BRDA:334,36,0,0
BRDA:334,36,1,14
BRDA:334,37,0,14
BRDA:334,37,1,14
BRDA:523,38,0,0
BRDA:523,38,1,1
BRDA:523,39,0,1
BRDA:523,39,1,1
BRDA:524,40,0,0
BRDA:524,40,1,1
BRDA:524,41,0,1
BRDA:524,41,1,1
BRDA:525,42,0,0
BRDA:525,42,1,1
BRDA:525,43,0,1
BRDA:525,43,1,1
BRDA:526,44,0,0
BRDA:526,44,1,1
BRDA:526,45,0,1
BRDA:526,45,1,1
BRDA:527,46,0,0
BRDA:527,46,1,1
BRDA:527,47,0,1
BRDA:527,47,1,1
BRDA:528,48,0,0
BRDA:528,48,1,1
BRDA:528,49,0,1
BRDA:528,49,1,1
BRDA:535,50,0,0
BRDA:535,50,1,1
BRDA:535,51,0,1
BRDA:535,51,1,1
BRDA:536,52,0,0
BRDA:536,52,1,1
BRDA:536,53,0,1
BRDA:536,53,1,1
BRDA:537,54,0,0
BRDA:537,54,1,1
BRDA:537,55,0,1
BRDA:537,55,1,1
BRDA:538,56,0,0
BRDA:538,56,1,1
BRDA:538,57,0,1
BRDA:538,57,1,1
BRDA:545,58,0,0
BRDA:545,58,1,1
BRDA:545,59,0,1
BRDA:545,59,1,1
BRDA:546,60,0,0
BRDA:546,60,1,1
BRDA:546,61,0,1
BRDA:546,61,1,1
BRDA:547,62,0,0
BRDA:547,62,1,1
BRDA:547,63,0,1
BRDA:547,63,1,1
BRDA:548,64,0,0
BRDA:548,64,1,1
BRDA:548,65,0,1
BRDA:548,65,1,1
BRDA:549,66,0,0
BRDA:549,66,1,1
BRDA:549,67,0,1
BRDA:549,67,1,1
BRDA:556,68,0,0
BRDA:556,68,1,1
BRDA:556,69,0,1
BRDA:556,69,1,1
BRDA:557,70,0,0
BRDA:557,70,1,1
BRDA:557,71,0,1
BRDA:557,71,1,1
BRDA:558,72,0,0
BRDA:558,72,1,1
BRDA:558,73,0,1
BRDA:558,73,1,1
BRDA:559,74,0,0
BRDA:559,74,1,1
BRDA:559,75,0,1
BRDA:559,75,1,1
BRDA:560,76,0,0
BRDA:560,76,1,1
BRDA:560,77,0,1
BRDA:560,77,1,1
BRDA:561,78,0,0
BRDA:561,78,1,1
BRDA:561,79,0,1
BRDA:561,79,1,1
BRDA:568,80,0,0
BRDA:568,80,1,1
BRDA:568,81,0,1
BRDA:568,81,1,1
BRDA:569,82,0,0
BRDA:569,82,1,1
BRDA:569,83,0,1
BRDA:569,83,1,1
BRDA:570,84,0,0
BRDA:570,84,1,1
BRDA:570,85,0,1
BRDA:570,85,1,1
BRDA:571,86,0,0
BRDA:571,86,1,1
BRDA:571,87,0,1
BRDA:571,87,1,1
BRDA:572,88,0,0
BRDA:572,88,1,1
BRDA:572,89,0,1
BRDA:572,89,1,1
BRDA:573,90,0,0
BRDA:573,90,1,1
BRDA:573,91,0,1
BRDA:573,91,1,1
BRF:184
BRH:127
end_of_record
